INFO - 2024-07-17 00:16:46 --> Session: Class initialized using 'CodeIgniter\Session\Handlers\FileHandler' driver.
CRITICAL - 2024-07-17 00:16:46 --> Error: Call to undefined function App\Controllers\Registrar\compat()
[Method: GET, Route: registrar/alumnos]
in APPPATH\Controllers\registrar\Alumnos.php on line 23.
 1 SYSTEMPATH\CodeIgniter.php(933): App\Controllers\Registrar\Alumnos->index()
 2 SYSTEMPATH\CodeIgniter.php(509): CodeIgniter\CodeIgniter->runController(Object(App\Controllers\Registrar\Alumnos))
 3 SYSTEMPATH\CodeIgniter.php(355): CodeIgniter\CodeIgniter->handleRequest(null, Object(Config\Cache), false)
 4 SYSTEMPATH\Boot.php(325): CodeIgniter\CodeIgniter->run()
 5 SYSTEMPATH\Boot.php(67): CodeIgniter\Boot::runCodeIgniter(Object(CodeIgniter\CodeIgniter))
 6 FCPATH\index.php(56): CodeIgniter\Boot::bootWeb(Object(Config\Paths))
INFO - 2024-07-17 00:17:12 --> Session: Class initialized using 'CodeIgniter\Session\Handlers\FileHandler' driver.
CRITICAL - 2024-07-17 00:17:12 --> ErrorException: compact(): Undefined variable $9
[Method: GET, Route: registrar/alumnos]
in APPPATH\Controllers\registrar\Alumnos.php on line 23.
 1 [internal function]: CodeIgniter\Debug\Exceptions->errorHandler(2, 'compact(): Undefined variable $9', 'C:\\xampp\\htdocs\\plataforma_estudiantil_dos\\app\\Controllers\\registrar\\Alumnos.php', 23)
 2 APPPATH\Controllers\registrar\Alumnos.php(23): compact([...])
 3 SYSTEMPATH\CodeIgniter.php(933): App\Controllers\Registrar\Alumnos->index()
 4 SYSTEMPATH\CodeIgniter.php(509): CodeIgniter\CodeIgniter->runController(Object(App\Controllers\Registrar\Alumnos))
 5 SYSTEMPATH\CodeIgniter.php(355): CodeIgniter\CodeIgniter->handleRequest(null, Object(Config\Cache), false)
 6 SYSTEMPATH\Boot.php(325): CodeIgniter\CodeIgniter->run()
 7 SYSTEMPATH\Boot.php(67): CodeIgniter\Boot::runCodeIgniter(Object(CodeIgniter\CodeIgniter))
 8 FCPATH\index.php(56): CodeIgniter\Boot::bootWeb(Object(Config\Paths))
CRITICAL - 2024-07-17 00:18:00 --> Error: Class "App\Controllers\Registrar\BaseController" not found
[Method: GET, Route: registrar/alumnos]
in APPPATH\Controllers\registrar\Alumnos.php on line 8.
 1 SYSTEMPATH\Autoloader\Autoloader.php(317): include_once()
 2 SYSTEMPATH\Autoloader\Autoloader.php(296): CodeIgniter\Autoloader\Autoloader->includeFile('C:\\xampp\\htdocs\\plataforma_estudiantil_dos\\app\\Controllers\\Registrar\\Alumnos.php')
 3 SYSTEMPATH\Autoloader\Autoloader.php(272): CodeIgniter\Autoloader\Autoloader->loadInNamespace('App\\Controllers\\Registrar\\Alumnos')
 4 [internal function]: CodeIgniter\Autoloader\Autoloader->loadClass('App\\Controllers\\Registrar\\Alumnos')
 5 SYSTEMPATH\CodeIgniter.php(887): class_exists('\\App\\Controllers\\Registrar\\Alumnos', true)
 6 SYSTEMPATH\CodeIgniter.php(496): CodeIgniter\CodeIgniter->startController()
 7 SYSTEMPATH\CodeIgniter.php(355): CodeIgniter\CodeIgniter->handleRequest(null, Object(Config\Cache), false)
 8 SYSTEMPATH\Boot.php(325): CodeIgniter\CodeIgniter->run()
 9 SYSTEMPATH\Boot.php(67): CodeIgniter\Boot::runCodeIgniter(Object(CodeIgniter\CodeIgniter))
10 FCPATH\index.php(56): CodeIgniter\Boot::bootWeb(Object(Config\Paths))
INFO - 2024-07-17 00:18:15 --> Session: Class initialized using 'CodeIgniter\Session\Handlers\FileHandler' driver.
CRITICAL - 2024-07-17 00:18:15 --> ErrorException: Undefined array key "username"
[Method: GET, Route: registrar/alumnos]
in APPPATH\Views\admin\alumnos\list.php on line 61.
 1 APPPATH\Views\admin\alumnos\list.php(61): CodeIgniter\Debug\Exceptions->errorHandler(2, 'Undefined array key "username"', 'C:\\xampp\\htdocs\\plataforma_estudiantil_dos\\app\\Views\\admin\\alumnos\\list.php', 61)
 2 SYSTEMPATH\View\View.php(234): include('C:\\xampp\\htdocs\\plataforma_estudiantil_dos\\app\\Views\\admin\\alumnos\\list.php')
 3 SYSTEMPATH\View\View.php(237): CodeIgniter\View\View->CodeIgniter\View\{closure}()
 4 SYSTEMPATH\Common.php(1171): CodeIgniter\View\View->render('admin/alumnos/list', [], true)
 5 APPPATH\Controllers\registrar\Alumnos.php(23): view('admin/alumnos/list', [...])
 6 SYSTEMPATH\CodeIgniter.php(933): App\Controllers\Registrar\Alumnos->index()
 7 SYSTEMPATH\CodeIgniter.php(509): CodeIgniter\CodeIgniter->runController(Object(App\Controllers\Registrar\Alumnos))
 8 SYSTEMPATH\CodeIgniter.php(355): CodeIgniter\CodeIgniter->handleRequest(null, Object(Config\Cache), false)
 9 SYSTEMPATH\Boot.php(325): CodeIgniter\CodeIgniter->run()
10 SYSTEMPATH\Boot.php(67): CodeIgniter\Boot::runCodeIgniter(Object(CodeIgniter\CodeIgniter))
11 FCPATH\index.php(56): CodeIgniter\Boot::bootWeb(Object(Config\Paths))
INFO - 2024-07-17 03:20:41 --> Session: Class initialized using 'CodeIgniter\Session\Handlers\FileHandler' driver.
CRITICAL - 2024-07-17 03:20:42 --> ErrorException: Undefined array key "id"
[Method: GET, Route: registrar/alumnos]
in APPPATH\Views\admin\alumnos\list.php on line 58.
 1 APPPATH\Views\admin\alumnos\list.php(58): CodeIgniter\Debug\Exceptions->errorHandler(2, 'Undefined array key "id"', 'C:\\xampp\\htdocs\\plataforma_estudiantil_dos\\app\\Views\\admin\\alumnos\\list.php', 58)
 2 SYSTEMPATH\View\View.php(234): include('C:\\xampp\\htdocs\\plataforma_estudiantil_dos\\app\\Views\\admin\\alumnos\\list.php')
 3 SYSTEMPATH\View\View.php(237): CodeIgniter\View\View->CodeIgniter\View\{closure}()
 4 SYSTEMPATH\Common.php(1171): CodeIgniter\View\View->render('admin/alumnos/list', [], true)
 5 APPPATH\Controllers\registrar\Alumnos.php(23): view('admin/alumnos/list', [...])
 6 SYSTEMPATH\CodeIgniter.php(933): App\Controllers\Registrar\Alumnos->index()
 7 SYSTEMPATH\CodeIgniter.php(509): CodeIgniter\CodeIgniter->runController(Object(App\Controllers\Registrar\Alumnos))
 8 SYSTEMPATH\CodeIgniter.php(355): CodeIgniter\CodeIgniter->handleRequest(null, Object(Config\Cache), false)
 9 SYSTEMPATH\Boot.php(325): CodeIgniter\CodeIgniter->run()
10 SYSTEMPATH\Boot.php(67): CodeIgniter\Boot::runCodeIgniter(Object(CodeIgniter\CodeIgniter))
11 FCPATH\index.php(56): CodeIgniter\Boot::bootWeb(Object(Config\Paths))
INFO - 2024-07-17 03:21:16 --> Session: Class initialized using 'CodeIgniter\Session\Handlers\FileHandler' driver.
INFO - 2024-07-17 04:19:36 --> Session: Class initialized using 'CodeIgniter\Session\Handlers\FileHandler' driver.
CRITICAL - 2024-07-17 04:19:36 --> ParseError: syntax error, unexpected token "endforeach", expecting end of file
[Method: GET, Route: registrar/alumnos]
in APPPATH\Views\admin\alumnos\list.php on line 67.
 1 SYSTEMPATH\View\View.php(237): CodeIgniter\View\View->CodeIgniter\View\{closure}()
 2 SYSTEMPATH\Common.php(1171): CodeIgniter\View\View->render('admin/alumnos/list', [], true)
 3 APPPATH\Controllers\registrar\Alumnos.php(23): view('admin/alumnos/list', [...])
 4 SYSTEMPATH\CodeIgniter.php(933): App\Controllers\Registrar\Alumnos->index()
 5 SYSTEMPATH\CodeIgniter.php(509): CodeIgniter\CodeIgniter->runController(Object(App\Controllers\Registrar\Alumnos))
 6 SYSTEMPATH\CodeIgniter.php(355): CodeIgniter\CodeIgniter->handleRequest(null, Object(Config\Cache), false)
 7 SYSTEMPATH\Boot.php(325): CodeIgniter\CodeIgniter->run()
 8 SYSTEMPATH\Boot.php(67): CodeIgniter\Boot::runCodeIgniter(Object(CodeIgniter\CodeIgniter))
 9 FCPATH\index.php(56): CodeIgniter\Boot::bootWeb(Object(Config\Paths))
INFO - 2024-07-17 04:20:46 --> Session: Class initialized using 'CodeIgniter\Session\Handlers\FileHandler' driver.
CRITICAL - 2024-07-17 04:20:46 --> ParseError: syntax error, unexpected token "endforeach", expecting end of file
[Method: GET, Route: registrar/alumnos]
in APPPATH\Views\admin\alumnos\list.php on line 76.
 1 SYSTEMPATH\View\View.php(237): CodeIgniter\View\View->CodeIgniter\View\{closure}()
 2 SYSTEMPATH\Common.php(1171): CodeIgniter\View\View->render('admin/alumnos/list', [], true)
 3 APPPATH\Controllers\registrar\Alumnos.php(23): view('admin/alumnos/list', [...])
 4 SYSTEMPATH\CodeIgniter.php(933): App\Controllers\Registrar\Alumnos->index()
 5 SYSTEMPATH\CodeIgniter.php(509): CodeIgniter\CodeIgniter->runController(Object(App\Controllers\Registrar\Alumnos))
 6 SYSTEMPATH\CodeIgniter.php(355): CodeIgniter\CodeIgniter->handleRequest(null, Object(Config\Cache), false)
 7 SYSTEMPATH\Boot.php(325): CodeIgniter\CodeIgniter->run()
 8 SYSTEMPATH\Boot.php(67): CodeIgniter\Boot::runCodeIgniter(Object(CodeIgniter\CodeIgniter))
 9 FCPATH\index.php(56): CodeIgniter\Boot::bootWeb(Object(Config\Paths))
INFO - 2024-07-17 04:26:19 --> Session: Class initialized using 'CodeIgniter\Session\Handlers\FileHandler' driver.
CRITICAL - 2024-07-17 04:26:19 --> ParseError: syntax error, unexpected token "endforeach", expecting end of file
[Method: GET, Route: registrar/alumnos]
in APPPATH\Views\admin\alumnos\list.php on line 75.
 1 SYSTEMPATH\View\View.php(237): CodeIgniter\View\View->CodeIgniter\View\{closure}()
 2 SYSTEMPATH\Common.php(1171): CodeIgniter\View\View->render('admin/alumnos/list', [], true)
 3 APPPATH\Controllers\registrar\Alumnos.php(23): view('admin/alumnos/list', [...])
 4 SYSTEMPATH\CodeIgniter.php(933): App\Controllers\Registrar\Alumnos->index()
 5 SYSTEMPATH\CodeIgniter.php(509): CodeIgniter\CodeIgniter->runController(Object(App\Controllers\Registrar\Alumnos))
 6 SYSTEMPATH\CodeIgniter.php(355): CodeIgniter\CodeIgniter->handleRequest(null, Object(Config\Cache), false)
 7 SYSTEMPATH\Boot.php(325): CodeIgniter\CodeIgniter->run()
 8 SYSTEMPATH\Boot.php(67): CodeIgniter\Boot::runCodeIgniter(Object(CodeIgniter\CodeIgniter))
 9 FCPATH\index.php(56): CodeIgniter\Boot::bootWeb(Object(Config\Paths))
INFO - 2024-07-17 04:27:31 --> Session: Class initialized using 'CodeIgniter\Session\Handlers\FileHandler' driver.
CRITICAL - 2024-07-17 04:27:31 --> ParseError: syntax error, unexpected token "endforeach", expecting "elseif" or "else" or "endif"
[Method: GET, Route: registrar/alumnos]
in APPPATH\Views\admin\alumnos\list.php on line 76.
 1 SYSTEMPATH\View\View.php(237): CodeIgniter\View\View->CodeIgniter\View\{closure}()
 2 SYSTEMPATH\Common.php(1171): CodeIgniter\View\View->render('admin/alumnos/list', [], true)
 3 APPPATH\Controllers\registrar\Alumnos.php(23): view('admin/alumnos/list', [...])
 4 SYSTEMPATH\CodeIgniter.php(933): App\Controllers\Registrar\Alumnos->index()
 5 SYSTEMPATH\CodeIgniter.php(509): CodeIgniter\CodeIgniter->runController(Object(App\Controllers\Registrar\Alumnos))
 6 SYSTEMPATH\CodeIgniter.php(355): CodeIgniter\CodeIgniter->handleRequest(null, Object(Config\Cache), false)
 7 SYSTEMPATH\Boot.php(325): CodeIgniter\CodeIgniter->run()
 8 SYSTEMPATH\Boot.php(67): CodeIgniter\Boot::runCodeIgniter(Object(CodeIgniter\CodeIgniter))
 9 FCPATH\index.php(56): CodeIgniter\Boot::bootWeb(Object(Config\Paths))
INFO - 2024-07-17 04:28:02 --> Session: Class initialized using 'CodeIgniter\Session\Handlers\FileHandler' driver.
CRITICAL - 2024-07-17 04:28:03 --> ErrorException: Undefined array key "id"
[Method: GET, Route: registrar/alumnos]
in APPPATH\Views\admin\alumnos\list.php on line 58.
 1 APPPATH\Views\admin\alumnos\list.php(58): CodeIgniter\Debug\Exceptions->errorHandler(2, 'Undefined array key "id"', 'C:\\xampp\\htdocs\\plataforma_estudiantil_dos\\app\\Views\\admin\\alumnos\\list.php', 58)
 2 SYSTEMPATH\View\View.php(234): include('C:\\xampp\\htdocs\\plataforma_estudiantil_dos\\app\\Views\\admin\\alumnos\\list.php')
 3 SYSTEMPATH\View\View.php(237): CodeIgniter\View\View->CodeIgniter\View\{closure}()
 4 SYSTEMPATH\Common.php(1171): CodeIgniter\View\View->render('admin/alumnos/list', [], true)
 5 APPPATH\Controllers\registrar\Alumnos.php(23): view('admin/alumnos/list', [...])
 6 SYSTEMPATH\CodeIgniter.php(933): App\Controllers\Registrar\Alumnos->index()
 7 SYSTEMPATH\CodeIgniter.php(509): CodeIgniter\CodeIgniter->runController(Object(App\Controllers\Registrar\Alumnos))
 8 SYSTEMPATH\CodeIgniter.php(355): CodeIgniter\CodeIgniter->handleRequest(null, Object(Config\Cache), false)
 9 SYSTEMPATH\Boot.php(325): CodeIgniter\CodeIgniter->run()
10 SYSTEMPATH\Boot.php(67): CodeIgniter\Boot::runCodeIgniter(Object(CodeIgniter\CodeIgniter))
11 FCPATH\index.php(56): CodeIgniter\Boot::bootWeb(Object(Config\Paths))
INFO - 2024-07-17 04:29:09 --> Session: Class initialized using 'CodeIgniter\Session\Handlers\FileHandler' driver.
CRITICAL - 2024-07-17 04:29:10 --> ErrorException: Undefined array key "id"
[Method: GET, Route: registrar/alumnos]
in APPPATH\Views\admin\alumnos\list.php on line 58.
 1 APPPATH\Views\admin\alumnos\list.php(58): CodeIgniter\Debug\Exceptions->errorHandler(2, 'Undefined array key "id"', 'C:\\xampp\\htdocs\\plataforma_estudiantil_dos\\app\\Views\\admin\\alumnos\\list.php', 58)
 2 SYSTEMPATH\View\View.php(234): include('C:\\xampp\\htdocs\\plataforma_estudiantil_dos\\app\\Views\\admin\\alumnos\\list.php')
 3 SYSTEMPATH\View\View.php(237): CodeIgniter\View\View->CodeIgniter\View\{closure}()
 4 SYSTEMPATH\Common.php(1171): CodeIgniter\View\View->render('admin/alumnos/list', [], true)
 5 APPPATH\Controllers\registrar\Alumnos.php(23): view('admin/alumnos/list', [...])
 6 SYSTEMPATH\CodeIgniter.php(933): App\Controllers\Registrar\Alumnos->index()
 7 SYSTEMPATH\CodeIgniter.php(509): CodeIgniter\CodeIgniter->runController(Object(App\Controllers\Registrar\Alumnos))
 8 SYSTEMPATH\CodeIgniter.php(355): CodeIgniter\CodeIgniter->handleRequest(null, Object(Config\Cache), false)
 9 SYSTEMPATH\Boot.php(325): CodeIgniter\CodeIgniter->run()
10 SYSTEMPATH\Boot.php(67): CodeIgniter\Boot::runCodeIgniter(Object(CodeIgniter\CodeIgniter))
11 FCPATH\index.php(56): CodeIgniter\Boot::bootWeb(Object(Config\Paths))
INFO - 2024-07-17 04:29:12 --> Session: Class initialized using 'CodeIgniter\Session\Handlers\FileHandler' driver.
CRITICAL - 2024-07-17 04:29:12 --> ErrorException: Undefined array key "id"
[Method: GET, Route: registrar/alumnos]
in APPPATH\Views\admin\alumnos\list.php on line 58.
 1 APPPATH\Views\admin\alumnos\list.php(58): CodeIgniter\Debug\Exceptions->errorHandler(2, 'Undefined array key "id"', 'C:\\xampp\\htdocs\\plataforma_estudiantil_dos\\app\\Views\\admin\\alumnos\\list.php', 58)
 2 SYSTEMPATH\View\View.php(234): include('C:\\xampp\\htdocs\\plataforma_estudiantil_dos\\app\\Views\\admin\\alumnos\\list.php')
 3 SYSTEMPATH\View\View.php(237): CodeIgniter\View\View->CodeIgniter\View\{closure}()
 4 SYSTEMPATH\Common.php(1171): CodeIgniter\View\View->render('admin/alumnos/list', [], true)
 5 APPPATH\Controllers\registrar\Alumnos.php(23): view('admin/alumnos/list', [...])
 6 SYSTEMPATH\CodeIgniter.php(933): App\Controllers\Registrar\Alumnos->index()
 7 SYSTEMPATH\CodeIgniter.php(509): CodeIgniter\CodeIgniter->runController(Object(App\Controllers\Registrar\Alumnos))
 8 SYSTEMPATH\CodeIgniter.php(355): CodeIgniter\CodeIgniter->handleRequest(null, Object(Config\Cache), false)
 9 SYSTEMPATH\Boot.php(325): CodeIgniter\CodeIgniter->run()
10 SYSTEMPATH\Boot.php(67): CodeIgniter\Boot::runCodeIgniter(Object(CodeIgniter\CodeIgniter))
11 FCPATH\index.php(56): CodeIgniter\Boot::bootWeb(Object(Config\Paths))
INFO - 2024-07-17 04:30:17 --> Session: Class initialized using 'CodeIgniter\Session\Handlers\FileHandler' driver.
CRITICAL - 2024-07-17 04:30:18 --> ErrorException: Attempt to read property "id" on array
[Method: GET, Route: registrar/alumnos]
in APPPATH\Views\admin\alumnos\list.php on line 58.
 1 APPPATH\Views\admin\alumnos\list.php(58): CodeIgniter\Debug\Exceptions->errorHandler(2, 'Attempt to read property "id" on array', 'C:\\xampp\\htdocs\\plataforma_estudiantil_dos\\app\\Views\\admin\\alumnos\\list.php', 58)
 2 SYSTEMPATH\View\View.php(234): include('C:\\xampp\\htdocs\\plataforma_estudiantil_dos\\app\\Views\\admin\\alumnos\\list.php')
 3 SYSTEMPATH\View\View.php(237): CodeIgniter\View\View->CodeIgniter\View\{closure}()
 4 SYSTEMPATH\Common.php(1171): CodeIgniter\View\View->render('admin/alumnos/list', [], true)
 5 APPPATH\Controllers\registrar\Alumnos.php(23): view('admin/alumnos/list', [...])
 6 SYSTEMPATH\CodeIgniter.php(933): App\Controllers\Registrar\Alumnos->index()
 7 SYSTEMPATH\CodeIgniter.php(509): CodeIgniter\CodeIgniter->runController(Object(App\Controllers\Registrar\Alumnos))
 8 SYSTEMPATH\CodeIgniter.php(355): CodeIgniter\CodeIgniter->handleRequest(null, Object(Config\Cache), false)
 9 SYSTEMPATH\Boot.php(325): CodeIgniter\CodeIgniter->run()
10 SYSTEMPATH\Boot.php(67): CodeIgniter\Boot::runCodeIgniter(Object(CodeIgniter\CodeIgniter))
11 FCPATH\index.php(56): CodeIgniter\Boot::bootWeb(Object(Config\Paths))
INFO - 2024-07-17 04:30:31 --> Session: Class initialized using 'CodeIgniter\Session\Handlers\FileHandler' driver.
INFO - 2024-07-17 04:30:47 --> Session: Class initialized using 'CodeIgniter\Session\Handlers\FileHandler' driver.
INFO - 2024-07-17 04:30:55 --> Session: Class initialized using 'CodeIgniter\Session\Handlers\FileHandler' driver.
INFO - 2024-07-17 04:31:07 --> Session: Class initialized using 'CodeIgniter\Session\Handlers\FileHandler' driver.
INFO - 2024-07-17 04:31:07 --> Session: Class initialized using 'CodeIgniter\Session\Handlers\FileHandler' driver.
INFO - 2024-07-17 04:31:15 --> Session: Class initialized using 'CodeIgniter\Session\Handlers\FileHandler' driver.
CRITICAL - 2024-07-17 04:31:15 --> ErrorException: Attempt to read property "id" on array
[Method: GET, Route: registrar/alumnos]
in APPPATH\Views\admin\alumnos\list.php on line 58.
 1 APPPATH\Views\admin\alumnos\list.php(58): CodeIgniter\Debug\Exceptions->errorHandler(2, 'Attempt to read property "id" on array', 'C:\\xampp\\htdocs\\plataforma_estudiantil_dos\\app\\Views\\admin\\alumnos\\list.php', 58)
 2 SYSTEMPATH\View\View.php(234): include('C:\\xampp\\htdocs\\plataforma_estudiantil_dos\\app\\Views\\admin\\alumnos\\list.php')
 3 SYSTEMPATH\View\View.php(237): CodeIgniter\View\View->CodeIgniter\View\{closure}()
 4 SYSTEMPATH\Common.php(1171): CodeIgniter\View\View->render('admin/alumnos/list', [], true)
 5 APPPATH\Controllers\registrar\Alumnos.php(23): view('admin/alumnos/list', [...])
 6 SYSTEMPATH\CodeIgniter.php(933): App\Controllers\Registrar\Alumnos->index()
 7 SYSTEMPATH\CodeIgniter.php(509): CodeIgniter\CodeIgniter->runController(Object(App\Controllers\Registrar\Alumnos))
 8 SYSTEMPATH\CodeIgniter.php(355): CodeIgniter\CodeIgniter->handleRequest(null, Object(Config\Cache), false)
 9 SYSTEMPATH\Boot.php(325): CodeIgniter\CodeIgniter->run()
10 SYSTEMPATH\Boot.php(67): CodeIgniter\Boot::runCodeIgniter(Object(CodeIgniter\CodeIgniter))
11 FCPATH\index.php(56): CodeIgniter\Boot::bootWeb(Object(Config\Paths))
INFO - 2024-07-17 04:35:08 --> Session: Class initialized using 'CodeIgniter\Session\Handlers\FileHandler' driver.
CRITICAL - 2024-07-17 04:35:08 --> ErrorException: Attempt to read property "id" on array
[Method: GET, Route: registrar/alumnos]
in APPPATH\Views\admin\alumnos\list.php on line 58.
 1 APPPATH\Views\admin\alumnos\list.php(58): CodeIgniter\Debug\Exceptions->errorHandler(2, 'Attempt to read property "id" on array', 'C:\\xampp\\htdocs\\plataforma_estudiantil_dos\\app\\Views\\admin\\alumnos\\list.php', 58)
 2 SYSTEMPATH\View\View.php(234): include('C:\\xampp\\htdocs\\plataforma_estudiantil_dos\\app\\Views\\admin\\alumnos\\list.php')
 3 SYSTEMPATH\View\View.php(237): CodeIgniter\View\View->CodeIgniter\View\{closure}()
 4 SYSTEMPATH\Common.php(1171): CodeIgniter\View\View->render('admin/alumnos/list', [], true)
 5 APPPATH\Controllers\registrar\Alumnos.php(23): view('admin/alumnos/list', [...])
 6 SYSTEMPATH\CodeIgniter.php(933): App\Controllers\Registrar\Alumnos->index()
 7 SYSTEMPATH\CodeIgniter.php(509): CodeIgniter\CodeIgniter->runController(Object(App\Controllers\Registrar\Alumnos))
 8 SYSTEMPATH\CodeIgniter.php(355): CodeIgniter\CodeIgniter->handleRequest(null, Object(Config\Cache), false)
 9 SYSTEMPATH\Boot.php(325): CodeIgniter\CodeIgniter->run()
10 SYSTEMPATH\Boot.php(67): CodeIgniter\Boot::runCodeIgniter(Object(CodeIgniter\CodeIgniter))
11 FCPATH\index.php(56): CodeIgniter\Boot::bootWeb(Object(Config\Paths))
CRITICAL - 2024-07-17 04:41:17 --> ParseError: syntax error, unexpected identifier "print_r", expecting "," or ";"
[Method: GET, Route: registrar/alumnos]
in APPPATH\Controllers\registrar\Alumnos.php on line 22.
 1 SYSTEMPATH\Autoloader\Autoloader.php(296): CodeIgniter\Autoloader\Autoloader->includeFile('C:\\xampp\\htdocs\\plataforma_estudiantil_dos\\app\\Controllers\\Registrar\\Alumnos.php')
 2 SYSTEMPATH\Autoloader\Autoloader.php(272): CodeIgniter\Autoloader\Autoloader->loadInNamespace('App\\Controllers\\Registrar\\Alumnos')
 3 [internal function]: CodeIgniter\Autoloader\Autoloader->loadClass('App\\Controllers\\Registrar\\Alumnos')
 4 SYSTEMPATH\CodeIgniter.php(887): class_exists('\\App\\Controllers\\Registrar\\Alumnos', true)
 5 SYSTEMPATH\CodeIgniter.php(496): CodeIgniter\CodeIgniter->startController()
 6 SYSTEMPATH\CodeIgniter.php(355): CodeIgniter\CodeIgniter->handleRequest(null, Object(Config\Cache), false)
 7 SYSTEMPATH\Boot.php(325): CodeIgniter\CodeIgniter->run()
 8 SYSTEMPATH\Boot.php(67): CodeIgniter\Boot::runCodeIgniter(Object(CodeIgniter\CodeIgniter))
 9 FCPATH\index.php(56): CodeIgniter\Boot::bootWeb(Object(Config\Paths))
CRITICAL - 2024-07-17 04:41:54 --> ParseError: syntax error, unexpected identifier "print_r", expecting "," or ";"
[Method: GET, Route: registrar/alumnos]
in APPPATH\Controllers\registrar\Alumnos.php on line 22.
 1 SYSTEMPATH\Autoloader\Autoloader.php(296): CodeIgniter\Autoloader\Autoloader->includeFile('C:\\xampp\\htdocs\\plataforma_estudiantil_dos\\app\\Controllers\\Registrar\\Alumnos.php')
 2 SYSTEMPATH\Autoloader\Autoloader.php(272): CodeIgniter\Autoloader\Autoloader->loadInNamespace('App\\Controllers\\Registrar\\Alumnos')
 3 [internal function]: CodeIgniter\Autoloader\Autoloader->loadClass('App\\Controllers\\Registrar\\Alumnos')
 4 SYSTEMPATH\CodeIgniter.php(887): class_exists('\\App\\Controllers\\Registrar\\Alumnos', true)
 5 SYSTEMPATH\CodeIgniter.php(496): CodeIgniter\CodeIgniter->startController()
 6 SYSTEMPATH\CodeIgniter.php(355): CodeIgniter\CodeIgniter->handleRequest(null, Object(Config\Cache), false)
 7 SYSTEMPATH\Boot.php(325): CodeIgniter\CodeIgniter->run()
 8 SYSTEMPATH\Boot.php(67): CodeIgniter\Boot::runCodeIgniter(Object(CodeIgniter\CodeIgniter))
 9 FCPATH\index.php(56): CodeIgniter\Boot::bootWeb(Object(Config\Paths))
CRITICAL - 2024-07-17 04:42:09 --> ParseError: syntax error, unexpected identifier "print_r", expecting "," or ";"
[Method: GET, Route: registrar/alumnos]
in APPPATH\Controllers\registrar\Alumnos.php on line 22.
 1 SYSTEMPATH\Autoloader\Autoloader.php(296): CodeIgniter\Autoloader\Autoloader->includeFile('C:\\xampp\\htdocs\\plataforma_estudiantil_dos\\app\\Controllers\\Registrar\\Alumnos.php')
 2 SYSTEMPATH\Autoloader\Autoloader.php(272): CodeIgniter\Autoloader\Autoloader->loadInNamespace('App\\Controllers\\Registrar\\Alumnos')
 3 [internal function]: CodeIgniter\Autoloader\Autoloader->loadClass('App\\Controllers\\Registrar\\Alumnos')
 4 SYSTEMPATH\CodeIgniter.php(887): class_exists('\\App\\Controllers\\Registrar\\Alumnos', true)
 5 SYSTEMPATH\CodeIgniter.php(496): CodeIgniter\CodeIgniter->startController()
 6 SYSTEMPATH\CodeIgniter.php(355): CodeIgniter\CodeIgniter->handleRequest(null, Object(Config\Cache), false)
 7 SYSTEMPATH\Boot.php(325): CodeIgniter\CodeIgniter->run()
 8 SYSTEMPATH\Boot.php(67): CodeIgniter\Boot::runCodeIgniter(Object(CodeIgniter\CodeIgniter))
 9 FCPATH\index.php(56): CodeIgniter\Boot::bootWeb(Object(Config\Paths))
CRITICAL - 2024-07-17 04:42:16 --> ParseError: syntax error, unexpected identifier "print_r", expecting "," or ";"
[Method: GET, Route: registrar/alumnos]
in APPPATH\Controllers\registrar\Alumnos.php on line 22.
 1 SYSTEMPATH\Autoloader\Autoloader.php(296): CodeIgniter\Autoloader\Autoloader->includeFile('C:\\xampp\\htdocs\\plataforma_estudiantil_dos\\app\\Controllers\\Registrar\\Alumnos.php')
 2 SYSTEMPATH\Autoloader\Autoloader.php(272): CodeIgniter\Autoloader\Autoloader->loadInNamespace('App\\Controllers\\Registrar\\Alumnos')
 3 [internal function]: CodeIgniter\Autoloader\Autoloader->loadClass('App\\Controllers\\Registrar\\Alumnos')
 4 SYSTEMPATH\CodeIgniter.php(887): class_exists('\\App\\Controllers\\Registrar\\Alumnos', true)
 5 SYSTEMPATH\CodeIgniter.php(496): CodeIgniter\CodeIgniter->startController()
 6 SYSTEMPATH\CodeIgniter.php(355): CodeIgniter\CodeIgniter->handleRequest(null, Object(Config\Cache), false)
 7 SYSTEMPATH\Boot.php(325): CodeIgniter\CodeIgniter->run()
 8 SYSTEMPATH\Boot.php(67): CodeIgniter\Boot::runCodeIgniter(Object(CodeIgniter\CodeIgniter))
 9 FCPATH\index.php(56): CodeIgniter\Boot::bootWeb(Object(Config\Paths))
CRITICAL - 2024-07-17 04:42:55 --> ParseError: syntax error, unexpected identifier "print_r", expecting "," or ";"
[Method: GET, Route: registrar/alumnos]
in APPPATH\Controllers\registrar\Alumnos.php on line 22.
 1 SYSTEMPATH\Autoloader\Autoloader.php(296): CodeIgniter\Autoloader\Autoloader->includeFile('C:\\xampp\\htdocs\\plataforma_estudiantil_dos\\app\\Controllers\\Registrar\\Alumnos.php')
 2 SYSTEMPATH\Autoloader\Autoloader.php(272): CodeIgniter\Autoloader\Autoloader->loadInNamespace('App\\Controllers\\Registrar\\Alumnos')
 3 [internal function]: CodeIgniter\Autoloader\Autoloader->loadClass('App\\Controllers\\Registrar\\Alumnos')
 4 SYSTEMPATH\CodeIgniter.php(887): class_exists('\\App\\Controllers\\Registrar\\Alumnos', true)
 5 SYSTEMPATH\CodeIgniter.php(496): CodeIgniter\CodeIgniter->startController()
 6 SYSTEMPATH\CodeIgniter.php(355): CodeIgniter\CodeIgniter->handleRequest(null, Object(Config\Cache), false)
 7 SYSTEMPATH\Boot.php(325): CodeIgniter\CodeIgniter->run()
 8 SYSTEMPATH\Boot.php(67): CodeIgniter\Boot::runCodeIgniter(Object(CodeIgniter\CodeIgniter))
 9 FCPATH\index.php(56): CodeIgniter\Boot::bootWeb(Object(Config\Paths))
CRITICAL - 2024-07-17 04:43:57 --> ParseError: syntax error, unexpected identifier "print_r", expecting "," or ";"
[Method: GET, Route: registrar/alumnos]
in APPPATH\Controllers\registrar\Alumnos.php on line 22.
 1 SYSTEMPATH\Autoloader\Autoloader.php(296): CodeIgniter\Autoloader\Autoloader->includeFile('C:\\xampp\\htdocs\\plataforma_estudiantil_dos\\app\\Controllers\\Registrar\\Alumnos.php')
 2 SYSTEMPATH\Autoloader\Autoloader.php(272): CodeIgniter\Autoloader\Autoloader->loadInNamespace('App\\Controllers\\Registrar\\Alumnos')
 3 [internal function]: CodeIgniter\Autoloader\Autoloader->loadClass('App\\Controllers\\Registrar\\Alumnos')
 4 SYSTEMPATH\CodeIgniter.php(887): class_exists('\\App\\Controllers\\Registrar\\Alumnos', true)
 5 SYSTEMPATH\CodeIgniter.php(496): CodeIgniter\CodeIgniter->startController()
 6 SYSTEMPATH\CodeIgniter.php(355): CodeIgniter\CodeIgniter->handleRequest(null, Object(Config\Cache), false)
 7 SYSTEMPATH\Boot.php(325): CodeIgniter\CodeIgniter->run()
 8 SYSTEMPATH\Boot.php(67): CodeIgniter\Boot::runCodeIgniter(Object(CodeIgniter\CodeIgniter))
 9 FCPATH\index.php(56): CodeIgniter\Boot::bootWeb(Object(Config\Paths))
CRITICAL - 2024-07-17 04:44:00 --> ParseError: syntax error, unexpected identifier "print_r", expecting "," or ";"
[Method: GET, Route: registrar/alumnos]
in APPPATH\Controllers\registrar\Alumnos.php on line 22.
 1 SYSTEMPATH\Autoloader\Autoloader.php(296): CodeIgniter\Autoloader\Autoloader->includeFile('C:\\xampp\\htdocs\\plataforma_estudiantil_dos\\app\\Controllers\\Registrar\\Alumnos.php')
 2 SYSTEMPATH\Autoloader\Autoloader.php(272): CodeIgniter\Autoloader\Autoloader->loadInNamespace('App\\Controllers\\Registrar\\Alumnos')
 3 [internal function]: CodeIgniter\Autoloader\Autoloader->loadClass('App\\Controllers\\Registrar\\Alumnos')
 4 SYSTEMPATH\CodeIgniter.php(887): class_exists('\\App\\Controllers\\Registrar\\Alumnos', true)
 5 SYSTEMPATH\CodeIgniter.php(496): CodeIgniter\CodeIgniter->startController()
 6 SYSTEMPATH\CodeIgniter.php(355): CodeIgniter\CodeIgniter->handleRequest(null, Object(Config\Cache), false)
 7 SYSTEMPATH\Boot.php(325): CodeIgniter\CodeIgniter->run()
 8 SYSTEMPATH\Boot.php(67): CodeIgniter\Boot::runCodeIgniter(Object(CodeIgniter\CodeIgniter))
 9 FCPATH\index.php(56): CodeIgniter\Boot::bootWeb(Object(Config\Paths))
INFO - 2024-07-17 05:19:33 --> Session: Class initialized using 'CodeIgniter\Session\Handlers\FileHandler' driver.
CRITICAL - 2024-07-17 05:19:34 --> ErrorException: Undefined variable $data
[Method: GET, Route: registrar/alumnos]
in APPPATH\Views\admin\alumnos\list.php on line 36.
 1 APPPATH\Views\admin\alumnos\list.php(36): CodeIgniter\Debug\Exceptions->errorHandler(2, 'Undefined variable $data', 'C:\\xampp\\htdocs\\plataforma_estudiantil_dos\\app\\Views\\admin\\alumnos\\list.php', 36)
 2 SYSTEMPATH\View\View.php(234): include('C:\\xampp\\htdocs\\plataforma_estudiantil_dos\\app\\Views\\admin\\alumnos\\list.php')
 3 SYSTEMPATH\View\View.php(237): CodeIgniter\View\View->CodeIgniter\View\{closure}()
 4 SYSTEMPATH\Common.php(1171): CodeIgniter\View\View->render('admin/alumnos/list', [], true)
 5 APPPATH\Controllers\registrar\Alumnos.php(29): view('admin/alumnos/list', [...])
 6 SYSTEMPATH\CodeIgniter.php(933): App\Controllers\Registrar\Alumnos->index()
 7 SYSTEMPATH\CodeIgniter.php(509): CodeIgniter\CodeIgniter->runController(Object(App\Controllers\Registrar\Alumnos))
 8 SYSTEMPATH\CodeIgniter.php(355): CodeIgniter\CodeIgniter->handleRequest(null, Object(Config\Cache), false)
 9 SYSTEMPATH\Boot.php(325): CodeIgniter\CodeIgniter->run()
10 SYSTEMPATH\Boot.php(67): CodeIgniter\Boot::runCodeIgniter(Object(CodeIgniter\CodeIgniter))
11 FCPATH\index.php(56): CodeIgniter\Boot::bootWeb(Object(Config\Paths))
INFO - 2024-07-17 05:19:59 --> Session: Class initialized using 'CodeIgniter\Session\Handlers\FileHandler' driver.
CRITICAL - 2024-07-17 05:19:59 --> ErrorException: Attempt to read property "id" on array
[Method: GET, Route: registrar/alumnos]
in APPPATH\Views\admin\alumnos\list.php on line 58.
 1 APPPATH\Views\admin\alumnos\list.php(58): CodeIgniter\Debug\Exceptions->errorHandler(2, 'Attempt to read property "id" on array', 'C:\\xampp\\htdocs\\plataforma_estudiantil_dos\\app\\Views\\admin\\alumnos\\list.php', 58)
 2 SYSTEMPATH\View\View.php(234): include('C:\\xampp\\htdocs\\plataforma_estudiantil_dos\\app\\Views\\admin\\alumnos\\list.php')
 3 SYSTEMPATH\View\View.php(237): CodeIgniter\View\View->CodeIgniter\View\{closure}()
 4 SYSTEMPATH\Common.php(1171): CodeIgniter\View\View->render('admin/alumnos/list', [], true)
 5 APPPATH\Controllers\registrar\Alumnos.php(29): view('admin/alumnos/list', [...])
 6 SYSTEMPATH\CodeIgniter.php(933): App\Controllers\Registrar\Alumnos->index()
 7 SYSTEMPATH\CodeIgniter.php(509): CodeIgniter\CodeIgniter->runController(Object(App\Controllers\Registrar\Alumnos))
 8 SYSTEMPATH\CodeIgniter.php(355): CodeIgniter\CodeIgniter->handleRequest(null, Object(Config\Cache), false)
 9 SYSTEMPATH\Boot.php(325): CodeIgniter\CodeIgniter->run()
10 SYSTEMPATH\Boot.php(67): CodeIgniter\Boot::runCodeIgniter(Object(CodeIgniter\CodeIgniter))
11 FCPATH\index.php(56): CodeIgniter\Boot::bootWeb(Object(Config\Paths))
INFO - 2024-07-17 05:25:05 --> Session: Class initialized using 'CodeIgniter\Session\Handlers\FileHandler' driver.
CRITICAL - 2024-07-17 05:25:05 --> ErrorException: Undefined property: stdClass::$ceAcudiente
[Method: GET, Route: registrar/alumnos]
in APPPATH\Views\admin\alumnos\list.php on line 65.
 1 APPPATH\Views\admin\alumnos\list.php(65): CodeIgniter\Debug\Exceptions->errorHandler(2, 'Undefined property: stdClass::$ceAcudiente', 'C:\\xampp\\htdocs\\plataforma_estudiantil_dos\\app\\Views\\admin\\alumnos\\list.php', 65)
 2 SYSTEMPATH\View\View.php(234): include('C:\\xampp\\htdocs\\plataforma_estudiantil_dos\\app\\Views\\admin\\alumnos\\list.php')
 3 SYSTEMPATH\View\View.php(237): CodeIgniter\View\View->CodeIgniter\View\{closure}()
 4 SYSTEMPATH\Common.php(1171): CodeIgniter\View\View->render('admin/alumnos/list', [], true)
 5 APPPATH\Controllers\registrar\Alumnos.php(29): view('admin/alumnos/list', [...])
 6 SYSTEMPATH\CodeIgniter.php(933): App\Controllers\Registrar\Alumnos->index()
 7 SYSTEMPATH\CodeIgniter.php(509): CodeIgniter\CodeIgniter->runController(Object(App\Controllers\Registrar\Alumnos))
 8 SYSTEMPATH\CodeIgniter.php(355): CodeIgniter\CodeIgniter->handleRequest(null, Object(Config\Cache), false)
 9 SYSTEMPATH\Boot.php(325): CodeIgniter\CodeIgniter->run()
10 SYSTEMPATH\Boot.php(67): CodeIgniter\Boot::runCodeIgniter(Object(CodeIgniter\CodeIgniter))
11 FCPATH\index.php(56): CodeIgniter\Boot::bootWeb(Object(Config\Paths))
INFO - 2024-07-17 05:26:09 --> Session: Class initialized using 'CodeIgniter\Session\Handlers\FileHandler' driver.
CRITICAL - 2024-07-17 05:26:09 --> ErrorException: Attempt to read property "id" on array
[Method: GET, Route: registrar/alumnos]
in APPPATH\Views\admin\alumnos\list.php on line 69.
 1 APPPATH\Views\admin\alumnos\list.php(69): CodeIgniter\Debug\Exceptions->errorHandler(2, 'Attempt to read property "id" on array', 'C:\\xampp\\htdocs\\plataforma_estudiantil_dos\\app\\Views\\admin\\alumnos\\list.php', 69)
 2 SYSTEMPATH\View\View.php(234): include('C:\\xampp\\htdocs\\plataforma_estudiantil_dos\\app\\Views\\admin\\alumnos\\list.php')
 3 SYSTEMPATH\View\View.php(237): CodeIgniter\View\View->CodeIgniter\View\{closure}()
 4 SYSTEMPATH\Common.php(1171): CodeIgniter\View\View->render('admin/alumnos/list', [], true)
 5 APPPATH\Controllers\registrar\Alumnos.php(29): view('admin/alumnos/list', [...])
 6 SYSTEMPATH\CodeIgniter.php(933): App\Controllers\Registrar\Alumnos->index()
 7 SYSTEMPATH\CodeIgniter.php(509): CodeIgniter\CodeIgniter->runController(Object(App\Controllers\Registrar\Alumnos))
 8 SYSTEMPATH\CodeIgniter.php(355): CodeIgniter\CodeIgniter->handleRequest(null, Object(Config\Cache), false)
 9 SYSTEMPATH\Boot.php(325): CodeIgniter\CodeIgniter->run()
10 SYSTEMPATH\Boot.php(67): CodeIgniter\Boot::runCodeIgniter(Object(CodeIgniter\CodeIgniter))
11 FCPATH\index.php(56): CodeIgniter\Boot::bootWeb(Object(Config\Paths))
INFO - 2024-07-17 05:26:48 --> Session: Class initialized using 'CodeIgniter\Session\Handlers\FileHandler' driver.
INFO - 2024-07-17 05:36:22 --> Session: Class initialized using 'CodeIgniter\Session\Handlers\FileHandler' driver.
CRITICAL - 2024-07-17 05:36:22 --> ErrorException: Attempt to read property "id" on array
[Method: GET, Route: registrar/alumnos]
in APPPATH\Views\admin\alumnos\list.php on line 69.
 1 APPPATH\Views\admin\alumnos\list.php(69): CodeIgniter\Debug\Exceptions->errorHandler(2, 'Attempt to read property "id" on array', 'C:\\xampp\\htdocs\\plataforma_estudiantil_dos\\app\\Views\\admin\\alumnos\\list.php', 69)
 2 SYSTEMPATH\View\View.php(234): include('C:\\xampp\\htdocs\\plataforma_estudiantil_dos\\app\\Views\\admin\\alumnos\\list.php')
 3 SYSTEMPATH\View\View.php(237): CodeIgniter\View\View->CodeIgniter\View\{closure}()
 4 SYSTEMPATH\Common.php(1171): CodeIgniter\View\View->render('admin/alumnos/list', [], true)
 5 APPPATH\Controllers\registrar\Alumnos.php(29): view('admin/alumnos/list', [...])
 6 SYSTEMPATH\CodeIgniter.php(933): App\Controllers\Registrar\Alumnos->index()
 7 SYSTEMPATH\CodeIgniter.php(509): CodeIgniter\CodeIgniter->runController(Object(App\Controllers\Registrar\Alumnos))
 8 SYSTEMPATH\CodeIgniter.php(355): CodeIgniter\CodeIgniter->handleRequest(null, Object(Config\Cache), false)
 9 SYSTEMPATH\Boot.php(325): CodeIgniter\CodeIgniter->run()
10 SYSTEMPATH\Boot.php(67): CodeIgniter\Boot::runCodeIgniter(Object(CodeIgniter\CodeIgniter))
11 FCPATH\index.php(56): CodeIgniter\Boot::bootWeb(Object(Config\Paths))
INFO - 2024-07-17 05:47:04 --> Session: Class initialized using 'CodeIgniter\Session\Handlers\FileHandler' driver.
CRITICAL - 2024-07-17 05:47:19 --> Error: Object of class App\Models\Alumnos_model could not be converted to string
[Method: GET, Route: registrar/alumnos/edit/9]
in APPPATH\Controllers\registrar\Alumnos.php on line 144.
 1 SYSTEMPATH\CodeIgniter.php(933): App\Controllers\Registrar\Alumnos->edit('9')
 2 SYSTEMPATH\CodeIgniter.php(509): CodeIgniter\CodeIgniter->runController(Object(App\Controllers\Registrar\Alumnos))
 3 SYSTEMPATH\CodeIgniter.php(355): CodeIgniter\CodeIgniter->handleRequest(null, Object(Config\Cache), false)
 4 SYSTEMPATH\Boot.php(325): CodeIgniter\CodeIgniter->run()
 5 SYSTEMPATH\Boot.php(67): CodeIgniter\Boot::runCodeIgniter(Object(CodeIgniter\CodeIgniter))
 6 FCPATH\index.php(56): CodeIgniter\Boot::bootWeb(Object(Config\Paths))
INFO - 2024-07-17 05:47:22 --> Session: Class initialized using 'CodeIgniter\Session\Handlers\FileHandler' driver.
INFO - 2024-07-17 05:48:28 --> Session: Class initialized using 'CodeIgniter\Session\Handlers\FileHandler' driver.
CRITICAL - 2024-07-17 05:48:28 --> ErrorException: Attempt to read property "usuario_id" on array
[Method: GET, Route: registrar/alumnos]
in APPPATH\Views\admin\alumnos\list.php on line 70.
 1 APPPATH\Views\admin\alumnos\list.php(70): CodeIgniter\Debug\Exceptions->errorHandler(2, 'Attempt to read property "usuario_id" on array', 'C:\\xampp\\htdocs\\plataforma_estudiantil_dos\\app\\Views\\admin\\alumnos\\list.php', 70)
 2 SYSTEMPATH\View\View.php(234): include('C:\\xampp\\htdocs\\plataforma_estudiantil_dos\\app\\Views\\admin\\alumnos\\list.php')
 3 SYSTEMPATH\View\View.php(237): CodeIgniter\View\View->CodeIgniter\View\{closure}()
 4 SYSTEMPATH\Common.php(1171): CodeIgniter\View\View->render('admin/alumnos/list', [], true)
 5 APPPATH\Controllers\registrar\Alumnos.php(29): view('admin/alumnos/list', [...])
 6 SYSTEMPATH\CodeIgniter.php(933): App\Controllers\Registrar\Alumnos->index()
 7 SYSTEMPATH\CodeIgniter.php(509): CodeIgniter\CodeIgniter->runController(Object(App\Controllers\Registrar\Alumnos))
 8 SYSTEMPATH\CodeIgniter.php(355): CodeIgniter\CodeIgniter->handleRequest(null, Object(Config\Cache), false)
 9 SYSTEMPATH\Boot.php(325): CodeIgniter\CodeIgniter->run()
10 SYSTEMPATH\Boot.php(67): CodeIgniter\Boot::runCodeIgniter(Object(CodeIgniter\CodeIgniter))
11 FCPATH\index.php(56): CodeIgniter\Boot::bootWeb(Object(Config\Paths))
INFO - 2024-07-17 05:48:43 --> Session: Class initialized using 'CodeIgniter\Session\Handlers\FileHandler' driver.
CRITICAL - 2024-07-17 05:51:58 --> ErrorException: Undefined property: App\Controllers\Registrar\Alumnos::$Alumnos_model
[Method: GET, Route: registrar/alumnos/add]
in APPPATH\Controllers\registrar\Alumnos.php on line 39.
 1 APPPATH\Controllers\registrar\Alumnos.php(39): CodeIgniter\Debug\Exceptions->errorHandler(2, 'Undefined property: App\\Controllers\\Registrar\\Alumnos::$Alumnos_model', 'C:\\xampp\\htdocs\\plataforma_estudiantil_dos\\app\\Controllers\\registrar\\Alumnos.php', 39)
 2 SYSTEMPATH\CodeIgniter.php(933): App\Controllers\Registrar\Alumnos->add()
 3 SYSTEMPATH\CodeIgniter.php(509): CodeIgniter\CodeIgniter->runController(Object(App\Controllers\Registrar\Alumnos))
 4 SYSTEMPATH\CodeIgniter.php(355): CodeIgniter\CodeIgniter->handleRequest(null, Object(Config\Cache), false)
 5 SYSTEMPATH\Boot.php(325): CodeIgniter\CodeIgniter->run()
 6 SYSTEMPATH\Boot.php(67): CodeIgniter\Boot::runCodeIgniter(Object(CodeIgniter\CodeIgniter))
 7 FCPATH\index.php(56): CodeIgniter\Boot::bootWeb(Object(Config\Paths))
CRITICAL - 2024-07-17 05:54:19 --> Error: Object of class App\Models\Alumnos_model could not be converted to string
[Method: GET, Route: registrar/alumnos/add]
in APPPATH\Controllers\registrar\Alumnos.php on line 39.
 1 SYSTEMPATH\CodeIgniter.php(933): App\Controllers\Registrar\Alumnos->add()
 2 SYSTEMPATH\CodeIgniter.php(509): CodeIgniter\CodeIgniter->runController(Object(App\Controllers\Registrar\Alumnos))
 3 SYSTEMPATH\CodeIgniter.php(355): CodeIgniter\CodeIgniter->handleRequest(null, Object(Config\Cache), false)
 4 SYSTEMPATH\Boot.php(325): CodeIgniter\CodeIgniter->run()
 5 SYSTEMPATH\Boot.php(67): CodeIgniter\Boot::runCodeIgniter(Object(CodeIgniter\CodeIgniter))
 6 FCPATH\index.php(56): CodeIgniter\Boot::bootWeb(Object(Config\Paths))
INFO - 2024-07-17 05:54:55 --> Session: Class initialized using 'CodeIgniter\Session\Handlers\FileHandler' driver.
CRITICAL - 2024-07-17 05:54:56 --> Error: Call to undefined function form_error()
[Method: GET, Route: registrar/alumnos/add]
in APPPATH\Views\admin\alumnos\add.php on line 28.
 1 SYSTEMPATH\View\View.php(234): include()
 2 SYSTEMPATH\View\View.php(237): CodeIgniter\View\View->CodeIgniter\View\{closure}()
 3 SYSTEMPATH\Common.php(1171): CodeIgniter\View\View->render('admin/alumnos/add', [], true)
 4 APPPATH\Controllers\registrar\Alumnos.php(48): view('admin/alumnos/add', [...])
 5 SYSTEMPATH\CodeIgniter.php(933): App\Controllers\Registrar\Alumnos->add()
 6 SYSTEMPATH\CodeIgniter.php(509): CodeIgniter\CodeIgniter->runController(Object(App\Controllers\Registrar\Alumnos))
 7 SYSTEMPATH\CodeIgniter.php(355): CodeIgniter\CodeIgniter->handleRequest(null, Object(Config\Cache), false)
 8 SYSTEMPATH\Boot.php(325): CodeIgniter\CodeIgniter->run()
 9 SYSTEMPATH\Boot.php(67): CodeIgniter\Boot::runCodeIgniter(Object(CodeIgniter\CodeIgniter))
10 FCPATH\index.php(56): CodeIgniter\Boot::bootWeb(Object(Config\Paths))
INFO - 2024-07-17 06:02:18 --> Session: Class initialized using 'CodeIgniter\Session\Handlers\FileHandler' driver.
CRITICAL - 2024-07-17 06:02:19 --> Error: Call to undefined function form_error()
[Method: GET, Route: registrar/alumnos/add]
in APPPATH\Views\admin\alumnos\add.php on line 36.
 1 SYSTEMPATH\View\View.php(234): include()
 2 SYSTEMPATH\View\View.php(237): CodeIgniter\View\View->CodeIgniter\View\{closure}()
 3 SYSTEMPATH\Common.php(1171): CodeIgniter\View\View->render('admin/alumnos/add', [], true)
 4 APPPATH\Controllers\registrar\Alumnos.php(48): view('admin/alumnos/add', [...])
 5 SYSTEMPATH\CodeIgniter.php(933): App\Controllers\Registrar\Alumnos->add()
 6 SYSTEMPATH\CodeIgniter.php(509): CodeIgniter\CodeIgniter->runController(Object(App\Controllers\Registrar\Alumnos))
 7 SYSTEMPATH\CodeIgniter.php(355): CodeIgniter\CodeIgniter->handleRequest(null, Object(Config\Cache), false)
 8 SYSTEMPATH\Boot.php(325): CodeIgniter\CodeIgniter->run()
 9 SYSTEMPATH\Boot.php(67): CodeIgniter\Boot::runCodeIgniter(Object(CodeIgniter\CodeIgniter))
10 FCPATH\index.php(56): CodeIgniter\Boot::bootWeb(Object(Config\Paths))
INFO - 2024-07-17 06:08:51 --> Session: Class initialized using 'CodeIgniter\Session\Handlers\FileHandler' driver.
CRITICAL - 2024-07-17 06:08:51 --> ErrorException: Attempt to read property "id" on array
[Method: GET, Route: registrar/alumnos/add]
in APPPATH\Views\admin\alumnos\add.php on line 41.
 1 APPPATH\Views\admin\alumnos\add.php(41): CodeIgniter\Debug\Exceptions->errorHandler(2, 'Attempt to read property "id" on array', 'C:\\xampp\\htdocs\\plataforma_estudiantil_dos\\app\\Views\\admin\\alumnos\\add.php', 41)
 2 SYSTEMPATH\View\View.php(234): include('C:\\xampp\\htdocs\\plataforma_estudiantil_dos\\app\\Views\\admin\\alumnos\\add.php')
 3 SYSTEMPATH\View\View.php(237): CodeIgniter\View\View->CodeIgniter\View\{closure}()
 4 SYSTEMPATH\Common.php(1171): CodeIgniter\View\View->render('admin/alumnos/add', [], true)
 5 APPPATH\Controllers\registrar\Alumnos.php(48): view('admin/alumnos/add', [...])
 6 SYSTEMPATH\CodeIgniter.php(933): App\Controllers\Registrar\Alumnos->add()
 7 SYSTEMPATH\CodeIgniter.php(509): CodeIgniter\CodeIgniter->runController(Object(App\Controllers\Registrar\Alumnos))
 8 SYSTEMPATH\CodeIgniter.php(355): CodeIgniter\CodeIgniter->handleRequest(null, Object(Config\Cache), false)
 9 SYSTEMPATH\Boot.php(325): CodeIgniter\CodeIgniter->run()
10 SYSTEMPATH\Boot.php(67): CodeIgniter\Boot::runCodeIgniter(Object(CodeIgniter\CodeIgniter))
11 FCPATH\index.php(56): CodeIgniter\Boot::bootWeb(Object(Config\Paths))
INFO - 2024-07-17 06:09:33 --> Session: Class initialized using 'CodeIgniter\Session\Handlers\FileHandler' driver.
CRITICAL - 2024-07-17 06:09:33 --> ErrorException: Attempt to read property "id" on array
[Method: GET, Route: registrar/alumnos/add]
in APPPATH\Views\admin\alumnos\add.php on line 41.
 1 APPPATH\Views\admin\alumnos\add.php(41): CodeIgniter\Debug\Exceptions->errorHandler(2, 'Attempt to read property "id" on array', 'C:\\xampp\\htdocs\\plataforma_estudiantil_dos\\app\\Views\\admin\\alumnos\\add.php', 41)
 2 SYSTEMPATH\View\View.php(234): include('C:\\xampp\\htdocs\\plataforma_estudiantil_dos\\app\\Views\\admin\\alumnos\\add.php')
 3 SYSTEMPATH\View\View.php(237): CodeIgniter\View\View->CodeIgniter\View\{closure}()
 4 SYSTEMPATH\Common.php(1171): CodeIgniter\View\View->render('admin/alumnos/add', [], true)
 5 APPPATH\Controllers\registrar\Alumnos.php(48): view('admin/alumnos/add', [...])
 6 SYSTEMPATH\CodeIgniter.php(933): App\Controllers\Registrar\Alumnos->add()
 7 SYSTEMPATH\CodeIgniter.php(509): CodeIgniter\CodeIgniter->runController(Object(App\Controllers\Registrar\Alumnos))
 8 SYSTEMPATH\CodeIgniter.php(355): CodeIgniter\CodeIgniter->handleRequest(null, Object(Config\Cache), false)
 9 SYSTEMPATH\Boot.php(325): CodeIgniter\CodeIgniter->run()
10 SYSTEMPATH\Boot.php(67): CodeIgniter\Boot::runCodeIgniter(Object(CodeIgniter\CodeIgniter))
11 FCPATH\index.php(56): CodeIgniter\Boot::bootWeb(Object(Config\Paths))
INFO - 2024-07-17 06:09:36 --> Session: Class initialized using 'CodeIgniter\Session\Handlers\FileHandler' driver.
CRITICAL - 2024-07-17 06:09:36 --> ErrorException: Attempt to read property "id" on array
[Method: GET, Route: registrar/alumnos/add]
in APPPATH\Views\admin\alumnos\add.php on line 41.
 1 APPPATH\Views\admin\alumnos\add.php(41): CodeIgniter\Debug\Exceptions->errorHandler(2, 'Attempt to read property "id" on array', 'C:\\xampp\\htdocs\\plataforma_estudiantil_dos\\app\\Views\\admin\\alumnos\\add.php', 41)
 2 SYSTEMPATH\View\View.php(234): include('C:\\xampp\\htdocs\\plataforma_estudiantil_dos\\app\\Views\\admin\\alumnos\\add.php')
 3 SYSTEMPATH\View\View.php(237): CodeIgniter\View\View->CodeIgniter\View\{closure}()
 4 SYSTEMPATH\Common.php(1171): CodeIgniter\View\View->render('admin/alumnos/add', [], true)
 5 APPPATH\Controllers\registrar\Alumnos.php(48): view('admin/alumnos/add', [...])
 6 SYSTEMPATH\CodeIgniter.php(933): App\Controllers\Registrar\Alumnos->add()
 7 SYSTEMPATH\CodeIgniter.php(509): CodeIgniter\CodeIgniter->runController(Object(App\Controllers\Registrar\Alumnos))
 8 SYSTEMPATH\CodeIgniter.php(355): CodeIgniter\CodeIgniter->handleRequest(null, Object(Config\Cache), false)
 9 SYSTEMPATH\Boot.php(325): CodeIgniter\CodeIgniter->run()
10 SYSTEMPATH\Boot.php(67): CodeIgniter\Boot::runCodeIgniter(Object(CodeIgniter\CodeIgniter))
11 FCPATH\index.php(56): CodeIgniter\Boot::bootWeb(Object(Config\Paths))
INFO - 2024-07-17 06:22:43 --> Session: Class initialized using 'CodeIgniter\Session\Handlers\FileHandler' driver.
CRITICAL - 2024-07-17 06:22:43 --> ErrorException: Attempt to read property "id" on array
[Method: GET, Route: registrar/alumnos/add]
in APPPATH\Views\admin\alumnos\add.php on line 41.
 1 APPPATH\Views\admin\alumnos\add.php(41): CodeIgniter\Debug\Exceptions->errorHandler(2, 'Attempt to read property "id" on array', 'C:\\xampp\\htdocs\\plataforma_estudiantil_dos\\app\\Views\\admin\\alumnos\\add.php', 41)
 2 SYSTEMPATH\View\View.php(234): include('C:\\xampp\\htdocs\\plataforma_estudiantil_dos\\app\\Views\\admin\\alumnos\\add.php')
 3 SYSTEMPATH\View\View.php(237): CodeIgniter\View\View->CodeIgniter\View\{closure}()
 4 SYSTEMPATH\Common.php(1171): CodeIgniter\View\View->render('admin/alumnos/add', [], true)
 5 APPPATH\Controllers\registrar\Alumnos.php(48): view('admin/alumnos/add', [...])
 6 SYSTEMPATH\CodeIgniter.php(933): App\Controllers\Registrar\Alumnos->add()
 7 SYSTEMPATH\CodeIgniter.php(509): CodeIgniter\CodeIgniter->runController(Object(App\Controllers\Registrar\Alumnos))
 8 SYSTEMPATH\CodeIgniter.php(355): CodeIgniter\CodeIgniter->handleRequest(null, Object(Config\Cache), false)
 9 SYSTEMPATH\Boot.php(325): CodeIgniter\CodeIgniter->run()
10 SYSTEMPATH\Boot.php(67): CodeIgniter\Boot::runCodeIgniter(Object(CodeIgniter\CodeIgniter))
11 FCPATH\index.php(56): CodeIgniter\Boot::bootWeb(Object(Config\Paths))
INFO - 2024-07-17 06:26:58 --> Session: Class initialized using 'CodeIgniter\Session\Handlers\FileHandler' driver.
CRITICAL - 2024-07-17 06:26:58 --> Error: Call to undefined function set_select()
[Method: GET, Route: registrar/alumnos/add]
in APPPATH\Views\admin\alumnos\add.php on line 65.
 1 SYSTEMPATH\View\View.php(234): include()
 2 SYSTEMPATH\View\View.php(237): CodeIgniter\View\View->CodeIgniter\View\{closure}()
 3 SYSTEMPATH\Common.php(1171): CodeIgniter\View\View->render('admin/alumnos/add', [], true)
 4 APPPATH\Controllers\registrar\Alumnos.php(48): view('admin/alumnos/add', [...])
 5 SYSTEMPATH\CodeIgniter.php(933): App\Controllers\Registrar\Alumnos->add()
 6 SYSTEMPATH\CodeIgniter.php(509): CodeIgniter\CodeIgniter->runController(Object(App\Controllers\Registrar\Alumnos))
 7 SYSTEMPATH\CodeIgniter.php(355): CodeIgniter\CodeIgniter->handleRequest(null, Object(Config\Cache), false)
 8 SYSTEMPATH\Boot.php(325): CodeIgniter\CodeIgniter->run()
 9 SYSTEMPATH\Boot.php(67): CodeIgniter\Boot::runCodeIgniter(Object(CodeIgniter\CodeIgniter))
10 FCPATH\index.php(56): CodeIgniter\Boot::bootWeb(Object(Config\Paths))
INFO - 2024-07-17 06:32:32 --> Session: Class initialized using 'CodeIgniter\Session\Handlers\FileHandler' driver.
CRITICAL - 2024-07-17 06:32:32 --> Error: Call to undefined function set_select()
[Method: GET, Route: registrar/alumnos/add]
in APPPATH\Views\admin\alumnos\add.php on line 77.
 1 SYSTEMPATH\View\View.php(234): include()
 2 SYSTEMPATH\View\View.php(237): CodeIgniter\View\View->CodeIgniter\View\{closure}()
 3 SYSTEMPATH\Common.php(1171): CodeIgniter\View\View->render('admin/alumnos/add', [], true)
 4 APPPATH\Controllers\registrar\Alumnos.php(48): view('admin/alumnos/add', [...])
 5 SYSTEMPATH\CodeIgniter.php(933): App\Controllers\Registrar\Alumnos->add()
 6 SYSTEMPATH\CodeIgniter.php(509): CodeIgniter\CodeIgniter->runController(Object(App\Controllers\Registrar\Alumnos))
 7 SYSTEMPATH\CodeIgniter.php(355): CodeIgniter\CodeIgniter->handleRequest(null, Object(Config\Cache), false)
 8 SYSTEMPATH\Boot.php(325): CodeIgniter\CodeIgniter->run()
 9 SYSTEMPATH\Boot.php(67): CodeIgniter\Boot::runCodeIgniter(Object(CodeIgniter\CodeIgniter))
10 FCPATH\index.php(56): CodeIgniter\Boot::bootWeb(Object(Config\Paths))
INFO - 2024-07-17 06:37:24 --> Session: Class initialized using 'CodeIgniter\Session\Handlers\FileHandler' driver.
CRITICAL - 2024-07-17 06:37:24 --> Error: Call to undefined function form_error()
[Method: GET, Route: registrar/alumnos/add]
in APPPATH\Views\admin\alumnos\add.php on line 85.
 1 SYSTEMPATH\View\View.php(234): include()
 2 SYSTEMPATH\View\View.php(237): CodeIgniter\View\View->CodeIgniter\View\{closure}()
 3 SYSTEMPATH\Common.php(1171): CodeIgniter\View\View->render('admin/alumnos/add', [], true)
 4 APPPATH\Controllers\registrar\Alumnos.php(48): view('admin/alumnos/add', [...])
 5 SYSTEMPATH\CodeIgniter.php(933): App\Controllers\Registrar\Alumnos->add()
 6 SYSTEMPATH\CodeIgniter.php(509): CodeIgniter\CodeIgniter->runController(Object(App\Controllers\Registrar\Alumnos))
 7 SYSTEMPATH\CodeIgniter.php(355): CodeIgniter\CodeIgniter->handleRequest(null, Object(Config\Cache), false)
 8 SYSTEMPATH\Boot.php(325): CodeIgniter\CodeIgniter->run()
 9 SYSTEMPATH\Boot.php(67): CodeIgniter\Boot::runCodeIgniter(Object(CodeIgniter\CodeIgniter))
10 FCPATH\index.php(56): CodeIgniter\Boot::bootWeb(Object(Config\Paths))
INFO - 2024-07-17 06:38:57 --> Session: Class initialized using 'CodeIgniter\Session\Handlers\FileHandler' driver.
CRITICAL - 2024-07-17 06:38:57 --> Error: Call to undefined function set_value()
[Method: GET, Route: registrar/alumnos/add]
in APPPATH\Views\admin\alumnos\add.php on line 87.
 1 SYSTEMPATH\View\View.php(234): include()
 2 SYSTEMPATH\View\View.php(237): CodeIgniter\View\View->CodeIgniter\View\{closure}()
 3 SYSTEMPATH\Common.php(1171): CodeIgniter\View\View->render('admin/alumnos/add', [], true)
 4 APPPATH\Controllers\registrar\Alumnos.php(48): view('admin/alumnos/add', [...])
 5 SYSTEMPATH\CodeIgniter.php(933): App\Controllers\Registrar\Alumnos->add()
 6 SYSTEMPATH\CodeIgniter.php(509): CodeIgniter\CodeIgniter->runController(Object(App\Controllers\Registrar\Alumnos))
 7 SYSTEMPATH\CodeIgniter.php(355): CodeIgniter\CodeIgniter->handleRequest(null, Object(Config\Cache), false)
 8 SYSTEMPATH\Boot.php(325): CodeIgniter\CodeIgniter->run()
 9 SYSTEMPATH\Boot.php(67): CodeIgniter\Boot::runCodeIgniter(Object(CodeIgniter\CodeIgniter))
10 FCPATH\index.php(56): CodeIgniter\Boot::bootWeb(Object(Config\Paths))
INFO - 2024-07-17 06:39:43 --> Session: Class initialized using 'CodeIgniter\Session\Handlers\FileHandler' driver.
CRITICAL - 2024-07-17 06:39:43 --> Error: Call to undefined function form_error()
[Method: GET, Route: registrar/alumnos/add]
in APPPATH\Views\admin\alumnos\add.php on line 88.
 1 SYSTEMPATH\View\View.php(234): include()
 2 SYSTEMPATH\View\View.php(237): CodeIgniter\View\View->CodeIgniter\View\{closure}()
 3 SYSTEMPATH\Common.php(1171): CodeIgniter\View\View->render('admin/alumnos/add', [], true)
 4 APPPATH\Controllers\registrar\Alumnos.php(48): view('admin/alumnos/add', [...])
 5 SYSTEMPATH\CodeIgniter.php(933): App\Controllers\Registrar\Alumnos->add()
 6 SYSTEMPATH\CodeIgniter.php(509): CodeIgniter\CodeIgniter->runController(Object(App\Controllers\Registrar\Alumnos))
 7 SYSTEMPATH\CodeIgniter.php(355): CodeIgniter\CodeIgniter->handleRequest(null, Object(Config\Cache), false)
 8 SYSTEMPATH\Boot.php(325): CodeIgniter\CodeIgniter->run()
 9 SYSTEMPATH\Boot.php(67): CodeIgniter\Boot::runCodeIgniter(Object(CodeIgniter\CodeIgniter))
10 FCPATH\index.php(56): CodeIgniter\Boot::bootWeb(Object(Config\Paths))
INFO - 2024-07-17 06:40:13 --> Session: Class initialized using 'CodeIgniter\Session\Handlers\FileHandler' driver.
CRITICAL - 2024-07-17 06:40:13 --> Error: Call to undefined function form_error()
[Method: GET, Route: registrar/alumnos/add]
in APPPATH\Views\admin\alumnos\add.php on line 93.
 1 SYSTEMPATH\View\View.php(234): include()
 2 SYSTEMPATH\View\View.php(237): CodeIgniter\View\View->CodeIgniter\View\{closure}()
 3 SYSTEMPATH\Common.php(1171): CodeIgniter\View\View->render('admin/alumnos/add', [], true)
 4 APPPATH\Controllers\registrar\Alumnos.php(48): view('admin/alumnos/add', [...])
 5 SYSTEMPATH\CodeIgniter.php(933): App\Controllers\Registrar\Alumnos->add()
 6 SYSTEMPATH\CodeIgniter.php(509): CodeIgniter\CodeIgniter->runController(Object(App\Controllers\Registrar\Alumnos))
 7 SYSTEMPATH\CodeIgniter.php(355): CodeIgniter\CodeIgniter->handleRequest(null, Object(Config\Cache), false)
 8 SYSTEMPATH\Boot.php(325): CodeIgniter\CodeIgniter->run()
 9 SYSTEMPATH\Boot.php(67): CodeIgniter\Boot::runCodeIgniter(Object(CodeIgniter\CodeIgniter))
10 FCPATH\index.php(56): CodeIgniter\Boot::bootWeb(Object(Config\Paths))
INFO - 2024-07-17 06:41:23 --> Session: Class initialized using 'CodeIgniter\Session\Handlers\FileHandler' driver.
CRITICAL - 2024-07-17 06:41:23 --> Error: Call to undefined function form_error()
[Method: GET, Route: registrar/alumnos/add]
in APPPATH\Views\admin\alumnos\add.php on line 98.
 1 SYSTEMPATH\View\View.php(234): include()
 2 SYSTEMPATH\View\View.php(237): CodeIgniter\View\View->CodeIgniter\View\{closure}()
 3 SYSTEMPATH\Common.php(1171): CodeIgniter\View\View->render('admin/alumnos/add', [], true)
 4 APPPATH\Controllers\registrar\Alumnos.php(48): view('admin/alumnos/add', [...])
 5 SYSTEMPATH\CodeIgniter.php(933): App\Controllers\Registrar\Alumnos->add()
 6 SYSTEMPATH\CodeIgniter.php(509): CodeIgniter\CodeIgniter->runController(Object(App\Controllers\Registrar\Alumnos))
 7 SYSTEMPATH\CodeIgniter.php(355): CodeIgniter\CodeIgniter->handleRequest(null, Object(Config\Cache), false)
 8 SYSTEMPATH\Boot.php(325): CodeIgniter\CodeIgniter->run()
 9 SYSTEMPATH\Boot.php(67): CodeIgniter\Boot::runCodeIgniter(Object(CodeIgniter\CodeIgniter))
10 FCPATH\index.php(56): CodeIgniter\Boot::bootWeb(Object(Config\Paths))
INFO - 2024-07-17 06:42:08 --> Session: Class initialized using 'CodeIgniter\Session\Handlers\FileHandler' driver.
CRITICAL - 2024-07-17 06:42:08 --> Error: Call to undefined function form_error()
[Method: GET, Route: registrar/alumnos/add]
in APPPATH\Views\admin\alumnos\add.php on line 106.
 1 SYSTEMPATH\View\View.php(234): include()
 2 SYSTEMPATH\View\View.php(237): CodeIgniter\View\View->CodeIgniter\View\{closure}()
 3 SYSTEMPATH\Common.php(1171): CodeIgniter\View\View->render('admin/alumnos/add', [], true)
 4 APPPATH\Controllers\registrar\Alumnos.php(48): view('admin/alumnos/add', [...])
 5 SYSTEMPATH\CodeIgniter.php(933): App\Controllers\Registrar\Alumnos->add()
 6 SYSTEMPATH\CodeIgniter.php(509): CodeIgniter\CodeIgniter->runController(Object(App\Controllers\Registrar\Alumnos))
 7 SYSTEMPATH\CodeIgniter.php(355): CodeIgniter\CodeIgniter->handleRequest(null, Object(Config\Cache), false)
 8 SYSTEMPATH\Boot.php(325): CodeIgniter\CodeIgniter->run()
 9 SYSTEMPATH\Boot.php(67): CodeIgniter\Boot::runCodeIgniter(Object(CodeIgniter\CodeIgniter))
10 FCPATH\index.php(56): CodeIgniter\Boot::bootWeb(Object(Config\Paths))
INFO - 2024-07-17 06:46:39 --> Session: Class initialized using 'CodeIgniter\Session\Handlers\FileHandler' driver.
CRITICAL - 2024-07-17 06:46:39 --> Error: Call to undefined function set_select()
[Method: GET, Route: registrar/alumnos/add]
in APPPATH\Views\admin\alumnos\add.php on line 127.
 1 SYSTEMPATH\View\View.php(234): include()
 2 SYSTEMPATH\View\View.php(237): CodeIgniter\View\View->CodeIgniter\View\{closure}()
 3 SYSTEMPATH\Common.php(1171): CodeIgniter\View\View->render('admin/alumnos/add', [], true)
 4 APPPATH\Controllers\registrar\Alumnos.php(48): view('admin/alumnos/add', [...])
 5 SYSTEMPATH\CodeIgniter.php(933): App\Controllers\Registrar\Alumnos->add()
 6 SYSTEMPATH\CodeIgniter.php(509): CodeIgniter\CodeIgniter->runController(Object(App\Controllers\Registrar\Alumnos))
 7 SYSTEMPATH\CodeIgniter.php(355): CodeIgniter\CodeIgniter->handleRequest(null, Object(Config\Cache), false)
 8 SYSTEMPATH\Boot.php(325): CodeIgniter\CodeIgniter->run()
 9 SYSTEMPATH\Boot.php(67): CodeIgniter\Boot::runCodeIgniter(Object(CodeIgniter\CodeIgniter))
10 FCPATH\index.php(56): CodeIgniter\Boot::bootWeb(Object(Config\Paths))
INFO - 2024-07-17 06:49:53 --> Session: Class initialized using 'CodeIgniter\Session\Handlers\FileHandler' driver.
CRITICAL - 2024-07-17 06:49:53 --> ParseError: syntax error, unexpected token "<"
[Method: GET, Route: registrar/alumnos/add]
in APPPATH\Views\admin\alumnos\add.php on line 127.
 1 SYSTEMPATH\View\View.php(237): CodeIgniter\View\View->CodeIgniter\View\{closure}()
 2 SYSTEMPATH\Common.php(1171): CodeIgniter\View\View->render('admin/alumnos/add', [], true)
 3 APPPATH\Controllers\registrar\Alumnos.php(48): view('admin/alumnos/add', [...])
 4 SYSTEMPATH\CodeIgniter.php(933): App\Controllers\Registrar\Alumnos->add()
 5 SYSTEMPATH\CodeIgniter.php(509): CodeIgniter\CodeIgniter->runController(Object(App\Controllers\Registrar\Alumnos))
 6 SYSTEMPATH\CodeIgniter.php(355): CodeIgniter\CodeIgniter->handleRequest(null, Object(Config\Cache), false)
 7 SYSTEMPATH\Boot.php(325): CodeIgniter\CodeIgniter->run()
 8 SYSTEMPATH\Boot.php(67): CodeIgniter\Boot::runCodeIgniter(Object(CodeIgniter\CodeIgniter))
 9 FCPATH\index.php(56): CodeIgniter\Boot::bootWeb(Object(Config\Paths))
INFO - 2024-07-17 06:50:13 --> Session: Class initialized using 'CodeIgniter\Session\Handlers\FileHandler' driver.
CRITICAL - 2024-07-17 06:50:13 --> ParseError: syntax error, unexpected token "<"
[Method: GET, Route: registrar/alumnos/add]
in APPPATH\Views\admin\alumnos\add.php on line 127.
 1 SYSTEMPATH\View\View.php(237): CodeIgniter\View\View->CodeIgniter\View\{closure}()
 2 SYSTEMPATH\Common.php(1171): CodeIgniter\View\View->render('admin/alumnos/add', [], true)
 3 APPPATH\Controllers\registrar\Alumnos.php(48): view('admin/alumnos/add', [...])
 4 SYSTEMPATH\CodeIgniter.php(933): App\Controllers\Registrar\Alumnos->add()
 5 SYSTEMPATH\CodeIgniter.php(509): CodeIgniter\CodeIgniter->runController(Object(App\Controllers\Registrar\Alumnos))
 6 SYSTEMPATH\CodeIgniter.php(355): CodeIgniter\CodeIgniter->handleRequest(null, Object(Config\Cache), false)
 7 SYSTEMPATH\Boot.php(325): CodeIgniter\CodeIgniter->run()
 8 SYSTEMPATH\Boot.php(67): CodeIgniter\Boot::runCodeIgniter(Object(CodeIgniter\CodeIgniter))
 9 FCPATH\index.php(56): CodeIgniter\Boot::bootWeb(Object(Config\Paths))
INFO - 2024-07-17 06:50:26 --> Session: Class initialized using 'CodeIgniter\Session\Handlers\FileHandler' driver.
CRITICAL - 2024-07-17 06:50:26 --> ParseError: syntax error, unexpected token "<"
[Method: GET, Route: registrar/alumnos/add]
in APPPATH\Views\admin\alumnos\add.php on line 127.
 1 SYSTEMPATH\View\View.php(237): CodeIgniter\View\View->CodeIgniter\View\{closure}()
 2 SYSTEMPATH\Common.php(1171): CodeIgniter\View\View->render('admin/alumnos/add', [], true)
 3 APPPATH\Controllers\registrar\Alumnos.php(48): view('admin/alumnos/add', [...])
 4 SYSTEMPATH\CodeIgniter.php(933): App\Controllers\Registrar\Alumnos->add()
 5 SYSTEMPATH\CodeIgniter.php(509): CodeIgniter\CodeIgniter->runController(Object(App\Controllers\Registrar\Alumnos))
 6 SYSTEMPATH\CodeIgniter.php(355): CodeIgniter\CodeIgniter->handleRequest(null, Object(Config\Cache), false)
 7 SYSTEMPATH\Boot.php(325): CodeIgniter\CodeIgniter->run()
 8 SYSTEMPATH\Boot.php(67): CodeIgniter\Boot::runCodeIgniter(Object(CodeIgniter\CodeIgniter))
 9 FCPATH\index.php(56): CodeIgniter\Boot::bootWeb(Object(Config\Paths))
INFO - 2024-07-17 06:55:08 --> Session: Class initialized using 'CodeIgniter\Session\Handlers\FileHandler' driver.
CRITICAL - 2024-07-17 06:55:08 --> ParseError: syntax error, unexpected token "if"
[Method: GET, Route: registrar/alumnos/add]
in APPPATH\Views\admin\alumnos\add.php on line 130.
 1 SYSTEMPATH\View\View.php(237): CodeIgniter\View\View->CodeIgniter\View\{closure}()
 2 SYSTEMPATH\Common.php(1171): CodeIgniter\View\View->render('admin/alumnos/add', [], true)
 3 APPPATH\Controllers\registrar\Alumnos.php(48): view('admin/alumnos/add', [...])
 4 SYSTEMPATH\CodeIgniter.php(933): App\Controllers\Registrar\Alumnos->add()
 5 SYSTEMPATH\CodeIgniter.php(509): CodeIgniter\CodeIgniter->runController(Object(App\Controllers\Registrar\Alumnos))
 6 SYSTEMPATH\CodeIgniter.php(355): CodeIgniter\CodeIgniter->handleRequest(null, Object(Config\Cache), false)
 7 SYSTEMPATH\Boot.php(325): CodeIgniter\CodeIgniter->run()
 8 SYSTEMPATH\Boot.php(67): CodeIgniter\Boot::runCodeIgniter(Object(CodeIgniter\CodeIgniter))
 9 FCPATH\index.php(56): CodeIgniter\Boot::bootWeb(Object(Config\Paths))
INFO - 2024-07-17 06:57:00 --> Session: Class initialized using 'CodeIgniter\Session\Handlers\FileHandler' driver.
CRITICAL - 2024-07-17 06:57:00 --> ParseError: syntax error, unexpected token "if"
[Method: GET, Route: registrar/alumnos/add]
in APPPATH\Views\admin\alumnos\add.php on line 130.
 1 SYSTEMPATH\View\View.php(237): CodeIgniter\View\View->CodeIgniter\View\{closure}()
 2 SYSTEMPATH\Common.php(1171): CodeIgniter\View\View->render('admin/alumnos/add', [], true)
 3 APPPATH\Controllers\registrar\Alumnos.php(48): view('admin/alumnos/add', [...])
 4 SYSTEMPATH\CodeIgniter.php(933): App\Controllers\Registrar\Alumnos->add()
 5 SYSTEMPATH\CodeIgniter.php(509): CodeIgniter\CodeIgniter->runController(Object(App\Controllers\Registrar\Alumnos))
 6 SYSTEMPATH\CodeIgniter.php(355): CodeIgniter\CodeIgniter->handleRequest(null, Object(Config\Cache), false)
 7 SYSTEMPATH\Boot.php(325): CodeIgniter\CodeIgniter->run()
 8 SYSTEMPATH\Boot.php(67): CodeIgniter\Boot::runCodeIgniter(Object(CodeIgniter\CodeIgniter))
 9 FCPATH\index.php(56): CodeIgniter\Boot::bootWeb(Object(Config\Paths))
INFO - 2024-07-17 06:57:35 --> Session: Class initialized using 'CodeIgniter\Session\Handlers\FileHandler' driver.
INFO - 2024-07-17 07:01:11 --> Session: Class initialized using 'CodeIgniter\Session\Handlers\FileHandler' driver.
CRITICAL - 2024-07-17 07:01:11 --> ParseError: syntax error, unexpected token "if"
[Method: GET, Route: registrar/alumnos/add]
in APPPATH\Views\admin\alumnos\add.php on line 146.
 1 SYSTEMPATH\View\View.php(237): CodeIgniter\View\View->CodeIgniter\View\{closure}()
 2 SYSTEMPATH\Common.php(1171): CodeIgniter\View\View->render('admin/alumnos/add', [], true)
 3 APPPATH\Controllers\registrar\Alumnos.php(48): view('admin/alumnos/add', [...])
 4 SYSTEMPATH\CodeIgniter.php(933): App\Controllers\Registrar\Alumnos->add()
 5 SYSTEMPATH\CodeIgniter.php(509): CodeIgniter\CodeIgniter->runController(Object(App\Controllers\Registrar\Alumnos))
 6 SYSTEMPATH\CodeIgniter.php(355): CodeIgniter\CodeIgniter->handleRequest(null, Object(Config\Cache), false)
 7 SYSTEMPATH\Boot.php(325): CodeIgniter\CodeIgniter->run()
 8 SYSTEMPATH\Boot.php(67): CodeIgniter\Boot::runCodeIgniter(Object(CodeIgniter\CodeIgniter))
 9 FCPATH\index.php(56): CodeIgniter\Boot::bootWeb(Object(Config\Paths))
INFO - 2024-07-17 07:02:34 --> Session: Class initialized using 'CodeIgniter\Session\Handlers\FileHandler' driver.
CRITICAL - 2024-07-17 07:02:34 --> ParseError: syntax error, unexpected token "if"
[Method: GET, Route: registrar/alumnos/add]
in APPPATH\Views\admin\alumnos\add.php on line 146.
 1 SYSTEMPATH\View\View.php(237): CodeIgniter\View\View->CodeIgniter\View\{closure}()
 2 SYSTEMPATH\Common.php(1171): CodeIgniter\View\View->render('admin/alumnos/add', [], true)
 3 APPPATH\Controllers\registrar\Alumnos.php(48): view('admin/alumnos/add', [...])
 4 SYSTEMPATH\CodeIgniter.php(933): App\Controllers\Registrar\Alumnos->add()
 5 SYSTEMPATH\CodeIgniter.php(509): CodeIgniter\CodeIgniter->runController(Object(App\Controllers\Registrar\Alumnos))
 6 SYSTEMPATH\CodeIgniter.php(355): CodeIgniter\CodeIgniter->handleRequest(null, Object(Config\Cache), false)
 7 SYSTEMPATH\Boot.php(325): CodeIgniter\CodeIgniter->run()
 8 SYSTEMPATH\Boot.php(67): CodeIgniter\Boot::runCodeIgniter(Object(CodeIgniter\CodeIgniter))
 9 FCPATH\index.php(56): CodeIgniter\Boot::bootWeb(Object(Config\Paths))
INFO - 2024-07-17 07:30:08 --> Session: Class initialized using 'CodeIgniter\Session\Handlers\FileHandler' driver.
CRITICAL - 2024-07-17 07:30:08 --> ParseError: syntax error, unexpected token "if"
[Method: GET, Route: registrar/alumnos/add]
in APPPATH\Views\admin\alumnos\add.php on line 146.
 1 SYSTEMPATH\View\View.php(237): CodeIgniter\View\View->CodeIgniter\View\{closure}()
 2 SYSTEMPATH\Common.php(1171): CodeIgniter\View\View->render('admin/alumnos/add', [], true)
 3 APPPATH\Controllers\registrar\Alumnos.php(48): view('admin/alumnos/add', [...])
 4 SYSTEMPATH\CodeIgniter.php(933): App\Controllers\Registrar\Alumnos->add()
 5 SYSTEMPATH\CodeIgniter.php(509): CodeIgniter\CodeIgniter->runController(Object(App\Controllers\Registrar\Alumnos))
 6 SYSTEMPATH\CodeIgniter.php(355): CodeIgniter\CodeIgniter->handleRequest(null, Object(Config\Cache), false)
 7 SYSTEMPATH\Boot.php(325): CodeIgniter\CodeIgniter->run()
 8 SYSTEMPATH\Boot.php(67): CodeIgniter\Boot::runCodeIgniter(Object(CodeIgniter\CodeIgniter))
 9 FCPATH\index.php(56): CodeIgniter\Boot::bootWeb(Object(Config\Paths))
INFO - 2024-07-17 07:37:40 --> Session: Class initialized using 'CodeIgniter\Session\Handlers\FileHandler' driver.
INFO - 2024-07-17 07:39:57 --> Session: Class initialized using 'CodeIgniter\Session\Handlers\FileHandler' driver.
INFO - 2024-07-17 07:40:11 --> Session: Class initialized using 'CodeIgniter\Session\Handlers\FileHandler' driver.
INFO - 2024-07-17 07:40:25 --> Session: Class initialized using 'CodeIgniter\Session\Handlers\FileHandler' driver.
INFO - 2024-07-17 07:43:40 --> Session: Class initialized using 'CodeIgniter\Session\Handlers\FileHandler' driver.
INFO - 2024-07-17 07:43:41 --> Session: Class initialized using 'CodeIgniter\Session\Handlers\FileHandler' driver.
ERROR - 2024-07-17 07:45:18 --> mysqli_sql_exception: Duplicate entry 'Eduard1194' for key 'usuarios.username_UNIQUE' in C:\xampp\htdocs\plataforma_estudiantil_dos\system\Database\MySQLi\Connection.php:312
Stack trace:
#0 C:\xampp\htdocs\plataforma_estudiantil_dos\system\Database\MySQLi\Connection.php(312): mysqli->query('INSERT INTO `us...', 0)
#1 C:\xampp\htdocs\plataforma_estudiantil_dos\system\Database\BaseConnection.php(734): CodeIgniter\Database\MySQLi\Connection->execute('INSERT INTO `us...')
#2 C:\xampp\htdocs\plataforma_estudiantil_dos\system\Database\BaseConnection.php(648): CodeIgniter\Database\BaseConnection->simpleQuery('INSERT INTO `us...')
#3 C:\xampp\htdocs\plataforma_estudiantil_dos\system\Database\BaseBuilder.php(2332): CodeIgniter\Database\BaseConnection->query('INSERT INTO `us...', Array, false)
#4 C:\xampp\htdocs\plataforma_estudiantil_dos\app\Models\Alumnos_model.php(66): CodeIgniter\Database\BaseBuilder->insert(Array)
#5 C:\xampp\htdocs\plataforma_estudiantil_dos\app\Controllers\registrar\Alumnos.php(101): App\Models\Alumnos_model->saveUsuario(Array)
#6 C:\xampp\htdocs\plataforma_estudiantil_dos\system\CodeIgniter.php(933): App\Controllers\Registrar\Alumnos->store()
#7 C:\xampp\htdocs\plataforma_estudiantil_dos\system\CodeIgniter.php(509): CodeIgniter\CodeIgniter->runController(Object(App\Controllers\Registrar\Alumnos))
#8 C:\xampp\htdocs\plataforma_estudiantil_dos\system\CodeIgniter.php(355): CodeIgniter\CodeIgniter->handleRequest(NULL, Object(Config\Cache), false)
#9 C:\xampp\htdocs\plataforma_estudiantil_dos\system\Boot.php(325): CodeIgniter\CodeIgniter->run()
#10 C:\xampp\htdocs\plataforma_estudiantil_dos\system\Boot.php(67): CodeIgniter\Boot::runCodeIgniter(Object(CodeIgniter\CodeIgniter))
#11 C:\xampp\htdocs\plataforma_estudiantil_dos\index.php(56): CodeIgniter\Boot::bootWeb(Object(Config\Paths))
#12 {main}
CRITICAL - 2024-07-17 07:45:18 --> CodeIgniter\Database\Exceptions\DatabaseException: Duplicate entry 'Eduard1194' for key 'usuarios.username_UNIQUE'
[Method: POST, Route: registrar/alumnos/store]
in SYSTEMPATH\Database\BaseConnection.php on line 688.
 1 SYSTEMPATH\Database\BaseBuilder.php(2332): CodeIgniter\Database\BaseConnection->query('INSERT INTO `usuarios` (`username`, `password`, `dia_ingreso`, `rol_id`, `estado`) VALUES (:username:, :password:, :dia_ingreso:, :rol_id:, :estado:)', [...], false)
 2 APPPATH\Models\Alumnos_model.php(66): CodeIgniter\Database\BaseBuilder->insert([...])
 3 APPPATH\Controllers\registrar\Alumnos.php(101): App\Models\Alumnos_model->saveUsuario([...])
 4 SYSTEMPATH\CodeIgniter.php(933): App\Controllers\Registrar\Alumnos->store()
 5 SYSTEMPATH\CodeIgniter.php(509): CodeIgniter\CodeIgniter->runController(Object(App\Controllers\Registrar\Alumnos))
 6 SYSTEMPATH\CodeIgniter.php(355): CodeIgniter\CodeIgniter->handleRequest(null, Object(Config\Cache), false)
 7 SYSTEMPATH\Boot.php(325): CodeIgniter\CodeIgniter->run()
 8 SYSTEMPATH\Boot.php(67): CodeIgniter\Boot::runCodeIgniter(Object(CodeIgniter\CodeIgniter))
 9 FCPATH\index.php(56): CodeIgniter\Boot::bootWeb(Object(Config\Paths))
CRITICAL - 2024-07-17 07:45:18 --> [Caused by] CodeIgniter\Database\Exceptions\DatabaseException: Duplicate entry 'Eduard1194' for key 'usuarios.username_UNIQUE'
in SYSTEMPATH\Database\MySQLi\Connection.php on line 317.
 1 SYSTEMPATH\Database\BaseConnection.php(734): CodeIgniter\Database\MySQLi\Connection->execute('INSERT INTO `usuarios` (`username`, `password`, `dia_ingreso`, `rol_id`, `estado`) VALUES (\'Eduard1194\', \'8cb2237d0679ca88db6464eac60da96345513964\', \'2024-07-17\', \'4\', \'1\')')
 2 SYSTEMPATH\Database\BaseConnection.php(648): CodeIgniter\Database\BaseConnection->simpleQuery('INSERT INTO `usuarios` (`username`, `password`, `dia_ingreso`, `rol_id`, `estado`) VALUES (\'Eduard1194\', \'8cb2237d0679ca88db6464eac60da96345513964\', \'2024-07-17\', \'4\', \'1\')')
 3 SYSTEMPATH\Database\BaseBuilder.php(2332): CodeIgniter\Database\BaseConnection->query('INSERT INTO `usuarios` (`username`, `password`, `dia_ingreso`, `rol_id`, `estado`) VALUES (:username:, :password:, :dia_ingreso:, :rol_id:, :estado:)', [...], false)
 4 APPPATH\Models\Alumnos_model.php(66): CodeIgniter\Database\BaseBuilder->insert([...])
 5 APPPATH\Controllers\registrar\Alumnos.php(101): App\Models\Alumnos_model->saveUsuario([...])
 6 SYSTEMPATH\CodeIgniter.php(933): App\Controllers\Registrar\Alumnos->store()
 7 SYSTEMPATH\CodeIgniter.php(509): CodeIgniter\CodeIgniter->runController(Object(App\Controllers\Registrar\Alumnos))
 8 SYSTEMPATH\CodeIgniter.php(355): CodeIgniter\CodeIgniter->handleRequest(null, Object(Config\Cache), false)
 9 SYSTEMPATH\Boot.php(325): CodeIgniter\CodeIgniter->run()
10 SYSTEMPATH\Boot.php(67): CodeIgniter\Boot::runCodeIgniter(Object(CodeIgniter\CodeIgniter))
11 FCPATH\index.php(56): CodeIgniter\Boot::bootWeb(Object(Config\Paths))
CRITICAL - 2024-07-17 07:45:18 --> [Caused by] mysqli_sql_exception: Duplicate entry 'Eduard1194' for key 'usuarios.username_UNIQUE'
in SYSTEMPATH\Database\MySQLi\Connection.php on line 312.
 1 SYSTEMPATH\Database\MySQLi\Connection.php(312): mysqli->query('INSERT INTO `usuarios` (`username`, `password`, `dia_ingreso`, `rol_id`, `estado`) VALUES (\'Eduard1194\', \'8cb2237d0679ca88db6464eac60da96345513964\', \'2024-07-17\', \'4\', \'1\')', 0)
 2 SYSTEMPATH\Database\BaseConnection.php(734): CodeIgniter\Database\MySQLi\Connection->execute('INSERT INTO `usuarios` (`username`, `password`, `dia_ingreso`, `rol_id`, `estado`) VALUES (\'Eduard1194\', \'8cb2237d0679ca88db6464eac60da96345513964\', \'2024-07-17\', \'4\', \'1\')')
 3 SYSTEMPATH\Database\BaseConnection.php(648): CodeIgniter\Database\BaseConnection->simpleQuery('INSERT INTO `usuarios` (`username`, `password`, `dia_ingreso`, `rol_id`, `estado`) VALUES (\'Eduard1194\', \'8cb2237d0679ca88db6464eac60da96345513964\', \'2024-07-17\', \'4\', \'1\')')
 4 SYSTEMPATH\Database\BaseBuilder.php(2332): CodeIgniter\Database\BaseConnection->query('INSERT INTO `usuarios` (`username`, `password`, `dia_ingreso`, `rol_id`, `estado`) VALUES (:username:, :password:, :dia_ingreso:, :rol_id:, :estado:)', [...], false)
 5 APPPATH\Models\Alumnos_model.php(66): CodeIgniter\Database\BaseBuilder->insert([...])
 6 APPPATH\Controllers\registrar\Alumnos.php(101): App\Models\Alumnos_model->saveUsuario([...])
 7 SYSTEMPATH\CodeIgniter.php(933): App\Controllers\Registrar\Alumnos->store()
 8 SYSTEMPATH\CodeIgniter.php(509): CodeIgniter\CodeIgniter->runController(Object(App\Controllers\Registrar\Alumnos))
 9 SYSTEMPATH\CodeIgniter.php(355): CodeIgniter\CodeIgniter->handleRequest(null, Object(Config\Cache), false)
10 SYSTEMPATH\Boot.php(325): CodeIgniter\CodeIgniter->run()
11 SYSTEMPATH\Boot.php(67): CodeIgniter\Boot::runCodeIgniter(Object(CodeIgniter\CodeIgniter))
12 FCPATH\index.php(56): CodeIgniter\Boot::bootWeb(Object(Config\Paths))
INFO - 2024-07-17 07:47:51 --> Session: Class initialized using 'CodeIgniter\Session\Handlers\FileHandler' driver.
INFO - 2024-07-17 07:47:59 --> Session: Class initialized using 'CodeIgniter\Session\Handlers\FileHandler' driver.
INFO - 2024-07-17 07:48:44 --> Session: Class initialized using 'CodeIgniter\Session\Handlers\FileHandler' driver.
INFO - 2024-07-17 07:48:48 --> Session: Class initialized using 'CodeIgniter\Session\Handlers\FileHandler' driver.
ERROR - 2024-07-17 07:49:36 --> mysqli_sql_exception: Duplicate entry 'Eduard1194' for key 'usuarios.username_UNIQUE' in C:\xampp\htdocs\plataforma_estudiantil_dos\system\Database\MySQLi\Connection.php:312
Stack trace:
#0 C:\xampp\htdocs\plataforma_estudiantil_dos\system\Database\MySQLi\Connection.php(312): mysqli->query('INSERT INTO `us...', 0)
#1 C:\xampp\htdocs\plataforma_estudiantil_dos\system\Database\BaseConnection.php(734): CodeIgniter\Database\MySQLi\Connection->execute('INSERT INTO `us...')
#2 C:\xampp\htdocs\plataforma_estudiantil_dos\system\Database\BaseConnection.php(648): CodeIgniter\Database\BaseConnection->simpleQuery('INSERT INTO `us...')
#3 C:\xampp\htdocs\plataforma_estudiantil_dos\system\Database\BaseBuilder.php(2332): CodeIgniter\Database\BaseConnection->query('INSERT INTO `us...', Array, false)
#4 C:\xampp\htdocs\plataforma_estudiantil_dos\app\Models\Alumnos_model.php(66): CodeIgniter\Database\BaseBuilder->insert(Array)
#5 C:\xampp\htdocs\plataforma_estudiantil_dos\app\Controllers\registrar\Alumnos.php(101): App\Models\Alumnos_model->saveUsuario(Array)
#6 C:\xampp\htdocs\plataforma_estudiantil_dos\system\CodeIgniter.php(933): App\Controllers\Registrar\Alumnos->store()
#7 C:\xampp\htdocs\plataforma_estudiantil_dos\system\CodeIgniter.php(509): CodeIgniter\CodeIgniter->runController(Object(App\Controllers\Registrar\Alumnos))
#8 C:\xampp\htdocs\plataforma_estudiantil_dos\system\CodeIgniter.php(355): CodeIgniter\CodeIgniter->handleRequest(NULL, Object(Config\Cache), false)
#9 C:\xampp\htdocs\plataforma_estudiantil_dos\system\Boot.php(325): CodeIgniter\CodeIgniter->run()
#10 C:\xampp\htdocs\plataforma_estudiantil_dos\system\Boot.php(67): CodeIgniter\Boot::runCodeIgniter(Object(CodeIgniter\CodeIgniter))
#11 C:\xampp\htdocs\plataforma_estudiantil_dos\index.php(56): CodeIgniter\Boot::bootWeb(Object(Config\Paths))
#12 {main}
CRITICAL - 2024-07-17 07:49:36 --> CodeIgniter\Database\Exceptions\DatabaseException: Duplicate entry 'Eduard1194' for key 'usuarios.username_UNIQUE'
[Method: POST, Route: registrar/alumnos/store]
in SYSTEMPATH\Database\BaseConnection.php on line 688.
 1 SYSTEMPATH\Database\BaseBuilder.php(2332): CodeIgniter\Database\BaseConnection->query('INSERT INTO `usuarios` (`username`, `password`, `dia_ingreso`, `rol_id`, `estado`) VALUES (:username:, :password:, :dia_ingreso:, :rol_id:, :estado:)', [...], false)
 2 APPPATH\Models\Alumnos_model.php(66): CodeIgniter\Database\BaseBuilder->insert([...])
 3 APPPATH\Controllers\registrar\Alumnos.php(101): App\Models\Alumnos_model->saveUsuario([...])
 4 SYSTEMPATH\CodeIgniter.php(933): App\Controllers\Registrar\Alumnos->store()
 5 SYSTEMPATH\CodeIgniter.php(509): CodeIgniter\CodeIgniter->runController(Object(App\Controllers\Registrar\Alumnos))
 6 SYSTEMPATH\CodeIgniter.php(355): CodeIgniter\CodeIgniter->handleRequest(null, Object(Config\Cache), false)
 7 SYSTEMPATH\Boot.php(325): CodeIgniter\CodeIgniter->run()
 8 SYSTEMPATH\Boot.php(67): CodeIgniter\Boot::runCodeIgniter(Object(CodeIgniter\CodeIgniter))
 9 FCPATH\index.php(56): CodeIgniter\Boot::bootWeb(Object(Config\Paths))
CRITICAL - 2024-07-17 07:49:36 --> [Caused by] CodeIgniter\Database\Exceptions\DatabaseException: Duplicate entry 'Eduard1194' for key 'usuarios.username_UNIQUE'
in SYSTEMPATH\Database\MySQLi\Connection.php on line 317.
 1 SYSTEMPATH\Database\BaseConnection.php(734): CodeIgniter\Database\MySQLi\Connection->execute('INSERT INTO `usuarios` (`username`, `password`, `dia_ingreso`, `rol_id`, `estado`) VALUES (\'Eduard1194\', \'8cb2237d0679ca88db6464eac60da96345513964\', \'2024-07-17\', \'4\', \'1\')')
 2 SYSTEMPATH\Database\BaseConnection.php(648): CodeIgniter\Database\BaseConnection->simpleQuery('INSERT INTO `usuarios` (`username`, `password`, `dia_ingreso`, `rol_id`, `estado`) VALUES (\'Eduard1194\', \'8cb2237d0679ca88db6464eac60da96345513964\', \'2024-07-17\', \'4\', \'1\')')
 3 SYSTEMPATH\Database\BaseBuilder.php(2332): CodeIgniter\Database\BaseConnection->query('INSERT INTO `usuarios` (`username`, `password`, `dia_ingreso`, `rol_id`, `estado`) VALUES (:username:, :password:, :dia_ingreso:, :rol_id:, :estado:)', [...], false)
 4 APPPATH\Models\Alumnos_model.php(66): CodeIgniter\Database\BaseBuilder->insert([...])
 5 APPPATH\Controllers\registrar\Alumnos.php(101): App\Models\Alumnos_model->saveUsuario([...])
 6 SYSTEMPATH\CodeIgniter.php(933): App\Controllers\Registrar\Alumnos->store()
 7 SYSTEMPATH\CodeIgniter.php(509): CodeIgniter\CodeIgniter->runController(Object(App\Controllers\Registrar\Alumnos))
 8 SYSTEMPATH\CodeIgniter.php(355): CodeIgniter\CodeIgniter->handleRequest(null, Object(Config\Cache), false)
 9 SYSTEMPATH\Boot.php(325): CodeIgniter\CodeIgniter->run()
10 SYSTEMPATH\Boot.php(67): CodeIgniter\Boot::runCodeIgniter(Object(CodeIgniter\CodeIgniter))
11 FCPATH\index.php(56): CodeIgniter\Boot::bootWeb(Object(Config\Paths))
CRITICAL - 2024-07-17 07:49:36 --> [Caused by] mysqli_sql_exception: Duplicate entry 'Eduard1194' for key 'usuarios.username_UNIQUE'
in SYSTEMPATH\Database\MySQLi\Connection.php on line 312.
 1 SYSTEMPATH\Database\MySQLi\Connection.php(312): mysqli->query('INSERT INTO `usuarios` (`username`, `password`, `dia_ingreso`, `rol_id`, `estado`) VALUES (\'Eduard1194\', \'8cb2237d0679ca88db6464eac60da96345513964\', \'2024-07-17\', \'4\', \'1\')', 0)
 2 SYSTEMPATH\Database\BaseConnection.php(734): CodeIgniter\Database\MySQLi\Connection->execute('INSERT INTO `usuarios` (`username`, `password`, `dia_ingreso`, `rol_id`, `estado`) VALUES (\'Eduard1194\', \'8cb2237d0679ca88db6464eac60da96345513964\', \'2024-07-17\', \'4\', \'1\')')
 3 SYSTEMPATH\Database\BaseConnection.php(648): CodeIgniter\Database\BaseConnection->simpleQuery('INSERT INTO `usuarios` (`username`, `password`, `dia_ingreso`, `rol_id`, `estado`) VALUES (\'Eduard1194\', \'8cb2237d0679ca88db6464eac60da96345513964\', \'2024-07-17\', \'4\', \'1\')')
 4 SYSTEMPATH\Database\BaseBuilder.php(2332): CodeIgniter\Database\BaseConnection->query('INSERT INTO `usuarios` (`username`, `password`, `dia_ingreso`, `rol_id`, `estado`) VALUES (:username:, :password:, :dia_ingreso:, :rol_id:, :estado:)', [...], false)
 5 APPPATH\Models\Alumnos_model.php(66): CodeIgniter\Database\BaseBuilder->insert([...])
 6 APPPATH\Controllers\registrar\Alumnos.php(101): App\Models\Alumnos_model->saveUsuario([...])
 7 SYSTEMPATH\CodeIgniter.php(933): App\Controllers\Registrar\Alumnos->store()
 8 SYSTEMPATH\CodeIgniter.php(509): CodeIgniter\CodeIgniter->runController(Object(App\Controllers\Registrar\Alumnos))
 9 SYSTEMPATH\CodeIgniter.php(355): CodeIgniter\CodeIgniter->handleRequest(null, Object(Config\Cache), false)
10 SYSTEMPATH\Boot.php(325): CodeIgniter\CodeIgniter->run()
11 SYSTEMPATH\Boot.php(67): CodeIgniter\Boot::runCodeIgniter(Object(CodeIgniter\CodeIgniter))
12 FCPATH\index.php(56): CodeIgniter\Boot::bootWeb(Object(Config\Paths))
INFO - 2024-07-17 07:50:18 --> Session: Class initialized using 'CodeIgniter\Session\Handlers\FileHandler' driver.
INFO - 2024-07-17 07:50:59 --> Session: Class initialized using 'CodeIgniter\Session\Handlers\FileHandler' driver.
INFO - 2024-07-17 07:51:00 --> Session: Class initialized using 'CodeIgniter\Session\Handlers\FileHandler' driver.
INFO - 2024-07-17 08:11:36 --> Session: Class initialized using 'CodeIgniter\Session\Handlers\FileHandler' driver.
INFO - 2024-07-17 08:13:11 --> Session: Class initialized using 'CodeIgniter\Session\Handlers\FileHandler' driver.
INFO - 2024-07-17 08:13:11 --> Session: Class initialized using 'CodeIgniter\Session\Handlers\FileHandler' driver.
INFO - 2024-07-17 08:16:21 --> Session: Class initialized using 'CodeIgniter\Session\Handlers\FileHandler' driver.
INFO - 2024-07-17 08:17:16 --> Session: Class initialized using 'CodeIgniter\Session\Handlers\FileHandler' driver.
INFO - 2024-07-17 08:17:16 --> Session: Class initialized using 'CodeIgniter\Session\Handlers\FileHandler' driver.
INFO - 2024-07-17 08:24:22 --> Session: Class initialized using 'CodeIgniter\Session\Handlers\FileHandler' driver.
INFO - 2024-07-17 08:25:14 --> Session: Class initialized using 'CodeIgniter\Session\Handlers\FileHandler' driver.
INFO - 2024-07-17 08:25:14 --> Session: Class initialized using 'CodeIgniter\Session\Handlers\FileHandler' driver.
CRITICAL - 2024-07-17 08:33:08 --> ParseError: syntax error, unexpected token ";", expecting "]"
[Method: GET, Route: registrar/alumnos/add]
in APPPATH\Controllers\registrar\Alumnos.php on line 92.
 1 SYSTEMPATH\Autoloader\Autoloader.php(296): CodeIgniter\Autoloader\Autoloader->includeFile('C:\\xampp\\htdocs\\plataforma_estudiantil_dos\\app\\Controllers\\Registrar\\Alumnos.php')
 2 SYSTEMPATH\Autoloader\Autoloader.php(272): CodeIgniter\Autoloader\Autoloader->loadInNamespace('App\\Controllers\\Registrar\\Alumnos')
 3 [internal function]: CodeIgniter\Autoloader\Autoloader->loadClass('App\\Controllers\\Registrar\\Alumnos')
 4 SYSTEMPATH\CodeIgniter.php(887): class_exists('\\App\\Controllers\\Registrar\\Alumnos', true)
 5 SYSTEMPATH\CodeIgniter.php(496): CodeIgniter\CodeIgniter->startController()
 6 SYSTEMPATH\CodeIgniter.php(355): CodeIgniter\CodeIgniter->handleRequest(null, Object(Config\Cache), false)
 7 SYSTEMPATH\Boot.php(325): CodeIgniter\CodeIgniter->run()
 8 SYSTEMPATH\Boot.php(67): CodeIgniter\Boot::runCodeIgniter(Object(CodeIgniter\CodeIgniter))
 9 FCPATH\index.php(56): CodeIgniter\Boot::bootWeb(Object(Config\Paths))
INFO - 2024-07-17 08:33:57 --> Session: Class initialized using 'CodeIgniter\Session\Handlers\FileHandler' driver.
ERROR - 2024-07-17 08:34:31 --> mysqli_sql_exception: Duplicate entry 'Eduard1194' for key 'usuarios.username_UNIQUE' in C:\xampp\htdocs\plataforma_estudiantil_dos\system\Database\MySQLi\Connection.php:312
Stack trace:
#0 C:\xampp\htdocs\plataforma_estudiantil_dos\system\Database\MySQLi\Connection.php(312): mysqli->query('INSERT INTO `us...', 0)
#1 C:\xampp\htdocs\plataforma_estudiantil_dos\system\Database\BaseConnection.php(734): CodeIgniter\Database\MySQLi\Connection->execute('INSERT INTO `us...')
#2 C:\xampp\htdocs\plataforma_estudiantil_dos\system\Database\BaseConnection.php(648): CodeIgniter\Database\BaseConnection->simpleQuery('INSERT INTO `us...')
#3 C:\xampp\htdocs\plataforma_estudiantil_dos\system\Database\BaseBuilder.php(2332): CodeIgniter\Database\BaseConnection->query('INSERT INTO `us...', Array, false)
#4 C:\xampp\htdocs\plataforma_estudiantil_dos\app\Models\Alumnos_model.php(66): CodeIgniter\Database\BaseBuilder->insert(Array)
#5 C:\xampp\htdocs\plataforma_estudiantil_dos\app\Controllers\registrar\Alumnos.php(86): App\Models\Alumnos_model->saveUsuario(Array)
#6 C:\xampp\htdocs\plataforma_estudiantil_dos\system\CodeIgniter.php(933): App\Controllers\Registrar\Alumnos->store()
#7 C:\xampp\htdocs\plataforma_estudiantil_dos\system\CodeIgniter.php(509): CodeIgniter\CodeIgniter->runController(Object(App\Controllers\Registrar\Alumnos))
#8 C:\xampp\htdocs\plataforma_estudiantil_dos\system\CodeIgniter.php(355): CodeIgniter\CodeIgniter->handleRequest(NULL, Object(Config\Cache), false)
#9 C:\xampp\htdocs\plataforma_estudiantil_dos\system\Boot.php(325): CodeIgniter\CodeIgniter->run()
#10 C:\xampp\htdocs\plataforma_estudiantil_dos\system\Boot.php(67): CodeIgniter\Boot::runCodeIgniter(Object(CodeIgniter\CodeIgniter))
#11 C:\xampp\htdocs\plataforma_estudiantil_dos\index.php(56): CodeIgniter\Boot::bootWeb(Object(Config\Paths))
#12 {main}
CRITICAL - 2024-07-17 08:34:31 --> CodeIgniter\Database\Exceptions\DatabaseException: Duplicate entry 'Eduard1194' for key 'usuarios.username_UNIQUE'
[Method: POST, Route: registrar/alumnos/store]
in SYSTEMPATH\Database\BaseConnection.php on line 688.
 1 SYSTEMPATH\Database\BaseBuilder.php(2332): CodeIgniter\Database\BaseConnection->query('INSERT INTO `usuarios` (`username`, `password`, `dia_ingreso`, `rol_id`, `estado`) VALUES (:username:, :password:, :dia_ingreso:, :rol_id:, :estado:)', [...], false)
 2 APPPATH\Models\Alumnos_model.php(66): CodeIgniter\Database\BaseBuilder->insert([...])
 3 APPPATH\Controllers\registrar\Alumnos.php(86): App\Models\Alumnos_model->saveUsuario([...])
 4 SYSTEMPATH\CodeIgniter.php(933): App\Controllers\Registrar\Alumnos->store()
 5 SYSTEMPATH\CodeIgniter.php(509): CodeIgniter\CodeIgniter->runController(Object(App\Controllers\Registrar\Alumnos))
 6 SYSTEMPATH\CodeIgniter.php(355): CodeIgniter\CodeIgniter->handleRequest(null, Object(Config\Cache), false)
 7 SYSTEMPATH\Boot.php(325): CodeIgniter\CodeIgniter->run()
 8 SYSTEMPATH\Boot.php(67): CodeIgniter\Boot::runCodeIgniter(Object(CodeIgniter\CodeIgniter))
 9 FCPATH\index.php(56): CodeIgniter\Boot::bootWeb(Object(Config\Paths))
CRITICAL - 2024-07-17 08:34:31 --> [Caused by] CodeIgniter\Database\Exceptions\DatabaseException: Duplicate entry 'Eduard1194' for key 'usuarios.username_UNIQUE'
in SYSTEMPATH\Database\MySQLi\Connection.php on line 317.
 1 SYSTEMPATH\Database\BaseConnection.php(734): CodeIgniter\Database\MySQLi\Connection->execute('INSERT INTO `usuarios` (`username`, `password`, `dia_ingreso`, `rol_id`, `estado`) VALUES (\'Eduard1194\', \'8cb2237d0679ca88db6464eac60da96345513964\', \'2024-07-17\', 4, 1)')
 2 SYSTEMPATH\Database\BaseConnection.php(648): CodeIgniter\Database\BaseConnection->simpleQuery('INSERT INTO `usuarios` (`username`, `password`, `dia_ingreso`, `rol_id`, `estado`) VALUES (\'Eduard1194\', \'8cb2237d0679ca88db6464eac60da96345513964\', \'2024-07-17\', 4, 1)')
 3 SYSTEMPATH\Database\BaseBuilder.php(2332): CodeIgniter\Database\BaseConnection->query('INSERT INTO `usuarios` (`username`, `password`, `dia_ingreso`, `rol_id`, `estado`) VALUES (:username:, :password:, :dia_ingreso:, :rol_id:, :estado:)', [...], false)
 4 APPPATH\Models\Alumnos_model.php(66): CodeIgniter\Database\BaseBuilder->insert([...])
 5 APPPATH\Controllers\registrar\Alumnos.php(86): App\Models\Alumnos_model->saveUsuario([...])
 6 SYSTEMPATH\CodeIgniter.php(933): App\Controllers\Registrar\Alumnos->store()
 7 SYSTEMPATH\CodeIgniter.php(509): CodeIgniter\CodeIgniter->runController(Object(App\Controllers\Registrar\Alumnos))
 8 SYSTEMPATH\CodeIgniter.php(355): CodeIgniter\CodeIgniter->handleRequest(null, Object(Config\Cache), false)
 9 SYSTEMPATH\Boot.php(325): CodeIgniter\CodeIgniter->run()
10 SYSTEMPATH\Boot.php(67): CodeIgniter\Boot::runCodeIgniter(Object(CodeIgniter\CodeIgniter))
11 FCPATH\index.php(56): CodeIgniter\Boot::bootWeb(Object(Config\Paths))
CRITICAL - 2024-07-17 08:34:31 --> [Caused by] mysqli_sql_exception: Duplicate entry 'Eduard1194' for key 'usuarios.username_UNIQUE'
in SYSTEMPATH\Database\MySQLi\Connection.php on line 312.
 1 SYSTEMPATH\Database\MySQLi\Connection.php(312): mysqli->query('INSERT INTO `usuarios` (`username`, `password`, `dia_ingreso`, `rol_id`, `estado`) VALUES (\'Eduard1194\', \'8cb2237d0679ca88db6464eac60da96345513964\', \'2024-07-17\', 4, 1)', 0)
 2 SYSTEMPATH\Database\BaseConnection.php(734): CodeIgniter\Database\MySQLi\Connection->execute('INSERT INTO `usuarios` (`username`, `password`, `dia_ingreso`, `rol_id`, `estado`) VALUES (\'Eduard1194\', \'8cb2237d0679ca88db6464eac60da96345513964\', \'2024-07-17\', 4, 1)')
 3 SYSTEMPATH\Database\BaseConnection.php(648): CodeIgniter\Database\BaseConnection->simpleQuery('INSERT INTO `usuarios` (`username`, `password`, `dia_ingreso`, `rol_id`, `estado`) VALUES (\'Eduard1194\', \'8cb2237d0679ca88db6464eac60da96345513964\', \'2024-07-17\', 4, 1)')
 4 SYSTEMPATH\Database\BaseBuilder.php(2332): CodeIgniter\Database\BaseConnection->query('INSERT INTO `usuarios` (`username`, `password`, `dia_ingreso`, `rol_id`, `estado`) VALUES (:username:, :password:, :dia_ingreso:, :rol_id:, :estado:)', [...], false)
 5 APPPATH\Models\Alumnos_model.php(66): CodeIgniter\Database\BaseBuilder->insert([...])
 6 APPPATH\Controllers\registrar\Alumnos.php(86): App\Models\Alumnos_model->saveUsuario([...])
 7 SYSTEMPATH\CodeIgniter.php(933): App\Controllers\Registrar\Alumnos->store()
 8 SYSTEMPATH\CodeIgniter.php(509): CodeIgniter\CodeIgniter->runController(Object(App\Controllers\Registrar\Alumnos))
 9 SYSTEMPATH\CodeIgniter.php(355): CodeIgniter\CodeIgniter->handleRequest(null, Object(Config\Cache), false)
10 SYSTEMPATH\Boot.php(325): CodeIgniter\CodeIgniter->run()
11 SYSTEMPATH\Boot.php(67): CodeIgniter\Boot::runCodeIgniter(Object(CodeIgniter\CodeIgniter))
12 FCPATH\index.php(56): CodeIgniter\Boot::bootWeb(Object(Config\Paths))
INFO - 2024-07-17 08:34:37 --> Session: Class initialized using 'CodeIgniter\Session\Handlers\FileHandler' driver.
INFO - 2024-07-17 08:35:28 --> Session: Class initialized using 'CodeIgniter\Session\Handlers\FileHandler' driver.
INFO - 2024-07-17 08:35:28 --> Session: Class initialized using 'CodeIgniter\Session\Handlers\FileHandler' driver.
INFO - 2024-07-17 08:38:21 --> Session: Class initialized using 'CodeIgniter\Session\Handlers\FileHandler' driver.
CRITICAL - 2024-07-17 08:39:07 --> Error: Call to undefined method CodeIgniter\Database\MySQLi\Connection::insert()
[Method: POST, Route: registrar/alumnos/store]
in APPPATH\Models\Alumnos_model.php on line 66.
 1 APPPATH\Controllers\registrar\Alumnos.php(86): App\Models\Alumnos_model->saveUsuario([...])
 2 SYSTEMPATH\CodeIgniter.php(933): App\Controllers\Registrar\Alumnos->store()
 3 SYSTEMPATH\CodeIgniter.php(509): CodeIgniter\CodeIgniter->runController(Object(App\Controllers\Registrar\Alumnos))
 4 SYSTEMPATH\CodeIgniter.php(355): CodeIgniter\CodeIgniter->handleRequest(null, Object(Config\Cache), false)
 5 SYSTEMPATH\Boot.php(325): CodeIgniter\CodeIgniter->run()
 6 SYSTEMPATH\Boot.php(67): CodeIgniter\Boot::runCodeIgniter(Object(CodeIgniter\CodeIgniter))
 7 FCPATH\index.php(56): CodeIgniter\Boot::bootWeb(Object(Config\Paths))
INFO - 2024-07-17 08:40:34 --> Session: Class initialized using 'CodeIgniter\Session\Handlers\FileHandler' driver.
INFO - 2024-07-17 08:40:35 --> Session: Class initialized using 'CodeIgniter\Session\Handlers\FileHandler' driver.
INFO - 2024-07-17 08:40:48 --> Session: Class initialized using 'CodeIgniter\Session\Handlers\FileHandler' driver.
INFO - 2024-07-17 08:40:48 --> Session: Class initialized using 'CodeIgniter\Session\Handlers\FileHandler' driver.
