ERROR - 2024-07-21 06:51:17 --> mysqli_sql_exception: Unknown column 'u .username' in 'field list' in C:\xampp\htdocs\plataforma_estudiantil_dos\system\Database\MySQLi\Connection.php:312
Stack trace:
#0 C:\xampp\htdocs\plataforma_estudiantil_dos\system\Database\MySQLi\Connection.php(312): mysqli->query('SELECT `a`.*, `...', 0)
#1 C:\xampp\htdocs\plataforma_estudiantil_dos\system\Database\BaseConnection.php(734): CodeIgniter\Database\MySQLi\Connection->execute('SELECT `a`.*, `...')
#2 C:\xampp\htdocs\plataforma_estudiantil_dos\system\Database\BaseConnection.php(648): CodeIgniter\Database\BaseConnection->simpleQuery('SELECT `a`.*, `...')
#3 C:\xampp\htdocs\plataforma_estudiantil_dos\system\Database\BaseBuilder.php(1636): CodeIgniter\Database\BaseConnection->query('SELECT `a`.*, `...', Array, false)
#4 C:\xampp\htdocs\plataforma_estudiantil_dos\app\Models\Acudientes_model.php(63): CodeIgniter\Database\BaseBuilder->get()
#5 C:\xampp\htdocs\plataforma_estudiantil_dos\app\Controllers\registrar\Acudientes.php(132): App\Models\Acudientes_model->getAcudiente('3')
#6 C:\xampp\htdocs\plataforma_estudiantil_dos\system\CodeIgniter.php(933): App\Controllers\Registrar\Acudientes->edit('3')
#7 C:\xampp\htdocs\plataforma_estudiantil_dos\system\CodeIgniter.php(509): CodeIgniter\CodeIgniter->runController(Object(App\Controllers\Registrar\Acudientes))
#8 C:\xampp\htdocs\plataforma_estudiantil_dos\system\CodeIgniter.php(355): CodeIgniter\CodeIgniter->handleRequest(NULL, Object(Config\Cache), false)
#9 C:\xampp\htdocs\plataforma_estudiantil_dos\system\Boot.php(325): CodeIgniter\CodeIgniter->run()
#10 C:\xampp\htdocs\plataforma_estudiantil_dos\system\Boot.php(67): CodeIgniter\Boot::runCodeIgniter(Object(CodeIgniter\CodeIgniter))
#11 C:\xampp\htdocs\plataforma_estudiantil_dos\index.php(56): CodeIgniter\Boot::bootWeb(Object(Config\Paths))
#12 {main}
CRITICAL - 2024-07-21 06:51:17 --> CodeIgniter\Database\Exceptions\DatabaseException: Unknown column 'u .username' in 'field list'
[Method: GET, Route: registrar/acudientes/edit/3]
in SYSTEMPATH\Database\BaseConnection.php on line 688.
 1 SYSTEMPATH\Database\BaseBuilder.php(1636): CodeIgniter\Database\BaseConnection->query('SELECT `a`.*, `g`.`nombre` as `genero`, `u `.`username` as `usuario`, `u`.`password` as `contraseña`
FROM `acudiente` `a`
JOIN `generos` `g` ON `a`.`genero_id`
      = `g`.`id`
JOIN `usuarios` `u` ON `a`.`usuario_id`= `u`.`id`
WHERE `a`.`id` = :a.id:
AND `a`.`estado` = :a.estado:', [...], false)
 2 APPPATH\Models\Acudientes_model.php(63): CodeIgniter\Database\BaseBuilder->get()
 3 APPPATH\Controllers\registrar\Acudientes.php(132): App\Models\Acudientes_model->getAcudiente('3')
 4 SYSTEMPATH\CodeIgniter.php(933): App\Controllers\Registrar\Acudientes->edit('3')
 5 SYSTEMPATH\CodeIgniter.php(509): CodeIgniter\CodeIgniter->runController(Object(App\Controllers\Registrar\Acudientes))
 6 SYSTEMPATH\CodeIgniter.php(355): CodeIgniter\CodeIgniter->handleRequest(null, Object(Config\Cache), false)
 7 SYSTEMPATH\Boot.php(325): CodeIgniter\CodeIgniter->run()
 8 SYSTEMPATH\Boot.php(67): CodeIgniter\Boot::runCodeIgniter(Object(CodeIgniter\CodeIgniter))
 9 FCPATH\index.php(56): CodeIgniter\Boot::bootWeb(Object(Config\Paths))
CRITICAL - 2024-07-21 06:51:17 --> [Caused by] CodeIgniter\Database\Exceptions\DatabaseException: Unknown column 'u .username' in 'field list'
in SYSTEMPATH\Database\MySQLi\Connection.php on line 317.
 1 SYSTEMPATH\Database\BaseConnection.php(734): CodeIgniter\Database\MySQLi\Connection->execute('SELECT `a`.*, `g`.`nombre` as `genero`, `u `.`username` as `usuario`, `u`.`password` as `contraseña`
FROM `acudiente` `a`
JOIN `generos` `g` ON `a`.`genero_id`
      = `g`.`id`
JOIN `usuarios` `u` ON `a`.`usuario_id`= `u`.`id`
WHERE `a`.`id` = \'3\'
AND `a`.`estado` = \'1\'')
 2 SYSTEMPATH\Database\BaseConnection.php(648): CodeIgniter\Database\BaseConnection->simpleQuery('SELECT `a`.*, `g`.`nombre` as `genero`, `u `.`username` as `usuario`, `u`.`password` as `contraseña`
FROM `acudiente` `a`
JOIN `generos` `g` ON `a`.`genero_id`
      = `g`.`id`
JOIN `usuarios` `u` ON `a`.`usuario_id`= `u`.`id`
WHERE `a`.`id` = \'3\'
AND `a`.`estado` = \'1\'')
 3 SYSTEMPATH\Database\BaseBuilder.php(1636): CodeIgniter\Database\BaseConnection->query('SELECT `a`.*, `g`.`nombre` as `genero`, `u `.`username` as `usuario`, `u`.`password` as `contraseña`
FROM `acudiente` `a`
JOIN `generos` `g` ON `a`.`genero_id`
      = `g`.`id`
JOIN `usuarios` `u` ON `a`.`usuario_id`= `u`.`id`
WHERE `a`.`id` = :a.id:
AND `a`.`estado` = :a.estado:', [...], false)
 4 APPPATH\Models\Acudientes_model.php(63): CodeIgniter\Database\BaseBuilder->get()
 5 APPPATH\Controllers\registrar\Acudientes.php(132): App\Models\Acudientes_model->getAcudiente('3')
 6 SYSTEMPATH\CodeIgniter.php(933): App\Controllers\Registrar\Acudientes->edit('3')
 7 SYSTEMPATH\CodeIgniter.php(509): CodeIgniter\CodeIgniter->runController(Object(App\Controllers\Registrar\Acudientes))
 8 SYSTEMPATH\CodeIgniter.php(355): CodeIgniter\CodeIgniter->handleRequest(null, Object(Config\Cache), false)
 9 SYSTEMPATH\Boot.php(325): CodeIgniter\CodeIgniter->run()
10 SYSTEMPATH\Boot.php(67): CodeIgniter\Boot::runCodeIgniter(Object(CodeIgniter\CodeIgniter))
11 FCPATH\index.php(56): CodeIgniter\Boot::bootWeb(Object(Config\Paths))
CRITICAL - 2024-07-21 06:51:17 --> [Caused by] mysqli_sql_exception: Unknown column 'u .username' in 'field list'
in SYSTEMPATH\Database\MySQLi\Connection.php on line 312.
 1 SYSTEMPATH\Database\MySQLi\Connection.php(312): mysqli->query('SELECT `a`.*, `g`.`nombre` as `genero`, `u `.`username` as `usuario`, `u`.`password` as `contraseña`
FROM `acudiente` `a`
JOIN `generos` `g` ON `a`.`genero_id`
      = `g`.`id`
JOIN `usuarios` `u` ON `a`.`usuario_id`= `u`.`id`
WHERE `a`.`id` = \'3\'
AND `a`.`estado` = \'1\'', 0)
 2 SYSTEMPATH\Database\BaseConnection.php(734): CodeIgniter\Database\MySQLi\Connection->execute('SELECT `a`.*, `g`.`nombre` as `genero`, `u `.`username` as `usuario`, `u`.`password` as `contraseña`
FROM `acudiente` `a`
JOIN `generos` `g` ON `a`.`genero_id`
      = `g`.`id`
JOIN `usuarios` `u` ON `a`.`usuario_id`= `u`.`id`
WHERE `a`.`id` = \'3\'
AND `a`.`estado` = \'1\'')
 3 SYSTEMPATH\Database\BaseConnection.php(648): CodeIgniter\Database\BaseConnection->simpleQuery('SELECT `a`.*, `g`.`nombre` as `genero`, `u `.`username` as `usuario`, `u`.`password` as `contraseña`
FROM `acudiente` `a`
JOIN `generos` `g` ON `a`.`genero_id`
      = `g`.`id`
JOIN `usuarios` `u` ON `a`.`usuario_id`= `u`.`id`
WHERE `a`.`id` = \'3\'
AND `a`.`estado` = \'1\'')
 4 SYSTEMPATH\Database\BaseBuilder.php(1636): CodeIgniter\Database\BaseConnection->query('SELECT `a`.*, `g`.`nombre` as `genero`, `u `.`username` as `usuario`, `u`.`password` as `contraseña`
FROM `acudiente` `a`
JOIN `generos` `g` ON `a`.`genero_id`
      = `g`.`id`
JOIN `usuarios` `u` ON `a`.`usuario_id`= `u`.`id`
WHERE `a`.`id` = :a.id:
AND `a`.`estado` = :a.estado:', [...], false)
 5 APPPATH\Models\Acudientes_model.php(63): CodeIgniter\Database\BaseBuilder->get()
 6 APPPATH\Controllers\registrar\Acudientes.php(132): App\Models\Acudientes_model->getAcudiente('3')
 7 SYSTEMPATH\CodeIgniter.php(933): App\Controllers\Registrar\Acudientes->edit('3')
 8 SYSTEMPATH\CodeIgniter.php(509): CodeIgniter\CodeIgniter->runController(Object(App\Controllers\Registrar\Acudientes))
 9 SYSTEMPATH\CodeIgniter.php(355): CodeIgniter\CodeIgniter->handleRequest(null, Object(Config\Cache), false)
10 SYSTEMPATH\Boot.php(325): CodeIgniter\CodeIgniter->run()
11 SYSTEMPATH\Boot.php(67): CodeIgniter\Boot::runCodeIgniter(Object(CodeIgniter\CodeIgniter))
12 FCPATH\index.php(56): CodeIgniter\Boot::bootWeb(Object(Config\Paths))
ERROR - 2024-07-21 07:17:41 --> mysqli_sql_exception: Unknown column 'u .username' in 'field list' in C:\xampp\htdocs\plataforma_estudiantil_dos\system\Database\MySQLi\Connection.php:312
Stack trace:
#0 C:\xampp\htdocs\plataforma_estudiantil_dos\system\Database\MySQLi\Connection.php(312): mysqli->query('SELECT `a`.*, `...', 0)
#1 C:\xampp\htdocs\plataforma_estudiantil_dos\system\Database\BaseConnection.php(734): CodeIgniter\Database\MySQLi\Connection->execute('SELECT `a`.*, `...')
#2 C:\xampp\htdocs\plataforma_estudiantil_dos\system\Database\BaseConnection.php(648): CodeIgniter\Database\BaseConnection->simpleQuery('SELECT `a`.*, `...')
#3 C:\xampp\htdocs\plataforma_estudiantil_dos\system\Database\BaseBuilder.php(1636): CodeIgniter\Database\BaseConnection->query('SELECT `a`.*, `...', Array, false)
#4 C:\xampp\htdocs\plataforma_estudiantil_dos\app\Models\Acudientes_model.php(63): CodeIgniter\Database\BaseBuilder->get()
#5 C:\xampp\htdocs\plataforma_estudiantil_dos\app\Controllers\registrar\Acudientes.php(132): App\Models\Acudientes_model->getAcudiente('3')
#6 C:\xampp\htdocs\plataforma_estudiantil_dos\system\CodeIgniter.php(933): App\Controllers\Registrar\Acudientes->edit('3')
#7 C:\xampp\htdocs\plataforma_estudiantil_dos\system\CodeIgniter.php(509): CodeIgniter\CodeIgniter->runController(Object(App\Controllers\Registrar\Acudientes))
#8 C:\xampp\htdocs\plataforma_estudiantil_dos\system\CodeIgniter.php(355): CodeIgniter\CodeIgniter->handleRequest(NULL, Object(Config\Cache), false)
#9 C:\xampp\htdocs\plataforma_estudiantil_dos\system\Boot.php(325): CodeIgniter\CodeIgniter->run()
#10 C:\xampp\htdocs\plataforma_estudiantil_dos\system\Boot.php(67): CodeIgniter\Boot::runCodeIgniter(Object(CodeIgniter\CodeIgniter))
#11 C:\xampp\htdocs\plataforma_estudiantil_dos\index.php(56): CodeIgniter\Boot::bootWeb(Object(Config\Paths))
#12 {main}
CRITICAL - 2024-07-21 07:17:41 --> CodeIgniter\Database\Exceptions\DatabaseException: Unknown column 'u .username' in 'field list'
[Method: GET, Route: registrar/acudientes/edit/3]
in SYSTEMPATH\Database\BaseConnection.php on line 688.
 1 SYSTEMPATH\Database\BaseBuilder.php(1636): CodeIgniter\Database\BaseConnection->query('SELECT `a`.*, `g`.`nombre` as `genero`, `u `.`username` as `usuario`, `u`.`password` as `contraseña`
FROM `acudiente` `a`
JOIN `generos` `g` ON `a`.`genero_id`
      = `g`.`id`
JOIN `usuarios` `u` ON `a`.`usuario_id`= `u`.`id`
WHERE `a`.`id` = :a.id:
AND `a`.`estado` = :a.estado:', [...], false)
 2 APPPATH\Models\Acudientes_model.php(63): CodeIgniter\Database\BaseBuilder->get()
 3 APPPATH\Controllers\registrar\Acudientes.php(132): App\Models\Acudientes_model->getAcudiente('3')
 4 SYSTEMPATH\CodeIgniter.php(933): App\Controllers\Registrar\Acudientes->edit('3')
 5 SYSTEMPATH\CodeIgniter.php(509): CodeIgniter\CodeIgniter->runController(Object(App\Controllers\Registrar\Acudientes))
 6 SYSTEMPATH\CodeIgniter.php(355): CodeIgniter\CodeIgniter->handleRequest(null, Object(Config\Cache), false)
 7 SYSTEMPATH\Boot.php(325): CodeIgniter\CodeIgniter->run()
 8 SYSTEMPATH\Boot.php(67): CodeIgniter\Boot::runCodeIgniter(Object(CodeIgniter\CodeIgniter))
 9 FCPATH\index.php(56): CodeIgniter\Boot::bootWeb(Object(Config\Paths))
CRITICAL - 2024-07-21 07:17:41 --> [Caused by] CodeIgniter\Database\Exceptions\DatabaseException: Unknown column 'u .username' in 'field list'
in SYSTEMPATH\Database\MySQLi\Connection.php on line 317.
 1 SYSTEMPATH\Database\BaseConnection.php(734): CodeIgniter\Database\MySQLi\Connection->execute('SELECT `a`.*, `g`.`nombre` as `genero`, `u `.`username` as `usuario`, `u`.`password` as `contraseña`
FROM `acudiente` `a`
JOIN `generos` `g` ON `a`.`genero_id`
      = `g`.`id`
JOIN `usuarios` `u` ON `a`.`usuario_id`= `u`.`id`
WHERE `a`.`id` = \'3\'
AND `a`.`estado` = \'1\'')
 2 SYSTEMPATH\Database\BaseConnection.php(648): CodeIgniter\Database\BaseConnection->simpleQuery('SELECT `a`.*, `g`.`nombre` as `genero`, `u `.`username` as `usuario`, `u`.`password` as `contraseña`
FROM `acudiente` `a`
JOIN `generos` `g` ON `a`.`genero_id`
      = `g`.`id`
JOIN `usuarios` `u` ON `a`.`usuario_id`= `u`.`id`
WHERE `a`.`id` = \'3\'
AND `a`.`estado` = \'1\'')
 3 SYSTEMPATH\Database\BaseBuilder.php(1636): CodeIgniter\Database\BaseConnection->query('SELECT `a`.*, `g`.`nombre` as `genero`, `u `.`username` as `usuario`, `u`.`password` as `contraseña`
FROM `acudiente` `a`
JOIN `generos` `g` ON `a`.`genero_id`
      = `g`.`id`
JOIN `usuarios` `u` ON `a`.`usuario_id`= `u`.`id`
WHERE `a`.`id` = :a.id:
AND `a`.`estado` = :a.estado:', [...], false)
 4 APPPATH\Models\Acudientes_model.php(63): CodeIgniter\Database\BaseBuilder->get()
 5 APPPATH\Controllers\registrar\Acudientes.php(132): App\Models\Acudientes_model->getAcudiente('3')
 6 SYSTEMPATH\CodeIgniter.php(933): App\Controllers\Registrar\Acudientes->edit('3')
 7 SYSTEMPATH\CodeIgniter.php(509): CodeIgniter\CodeIgniter->runController(Object(App\Controllers\Registrar\Acudientes))
 8 SYSTEMPATH\CodeIgniter.php(355): CodeIgniter\CodeIgniter->handleRequest(null, Object(Config\Cache), false)
 9 SYSTEMPATH\Boot.php(325): CodeIgniter\CodeIgniter->run()
10 SYSTEMPATH\Boot.php(67): CodeIgniter\Boot::runCodeIgniter(Object(CodeIgniter\CodeIgniter))
11 FCPATH\index.php(56): CodeIgniter\Boot::bootWeb(Object(Config\Paths))
CRITICAL - 2024-07-21 07:17:41 --> [Caused by] mysqli_sql_exception: Unknown column 'u .username' in 'field list'
in SYSTEMPATH\Database\MySQLi\Connection.php on line 312.
 1 SYSTEMPATH\Database\MySQLi\Connection.php(312): mysqli->query('SELECT `a`.*, `g`.`nombre` as `genero`, `u `.`username` as `usuario`, `u`.`password` as `contraseña`
FROM `acudiente` `a`
JOIN `generos` `g` ON `a`.`genero_id`
      = `g`.`id`
JOIN `usuarios` `u` ON `a`.`usuario_id`= `u`.`id`
WHERE `a`.`id` = \'3\'
AND `a`.`estado` = \'1\'', 0)
 2 SYSTEMPATH\Database\BaseConnection.php(734): CodeIgniter\Database\MySQLi\Connection->execute('SELECT `a`.*, `g`.`nombre` as `genero`, `u `.`username` as `usuario`, `u`.`password` as `contraseña`
FROM `acudiente` `a`
JOIN `generos` `g` ON `a`.`genero_id`
      = `g`.`id`
JOIN `usuarios` `u` ON `a`.`usuario_id`= `u`.`id`
WHERE `a`.`id` = \'3\'
AND `a`.`estado` = \'1\'')
 3 SYSTEMPATH\Database\BaseConnection.php(648): CodeIgniter\Database\BaseConnection->simpleQuery('SELECT `a`.*, `g`.`nombre` as `genero`, `u `.`username` as `usuario`, `u`.`password` as `contraseña`
FROM `acudiente` `a`
JOIN `generos` `g` ON `a`.`genero_id`
      = `g`.`id`
JOIN `usuarios` `u` ON `a`.`usuario_id`= `u`.`id`
WHERE `a`.`id` = \'3\'
AND `a`.`estado` = \'1\'')
 4 SYSTEMPATH\Database\BaseBuilder.php(1636): CodeIgniter\Database\BaseConnection->query('SELECT `a`.*, `g`.`nombre` as `genero`, `u `.`username` as `usuario`, `u`.`password` as `contraseña`
FROM `acudiente` `a`
JOIN `generos` `g` ON `a`.`genero_id`
      = `g`.`id`
JOIN `usuarios` `u` ON `a`.`usuario_id`= `u`.`id`
WHERE `a`.`id` = :a.id:
AND `a`.`estado` = :a.estado:', [...], false)
 5 APPPATH\Models\Acudientes_model.php(63): CodeIgniter\Database\BaseBuilder->get()
 6 APPPATH\Controllers\registrar\Acudientes.php(132): App\Models\Acudientes_model->getAcudiente('3')
 7 SYSTEMPATH\CodeIgniter.php(933): App\Controllers\Registrar\Acudientes->edit('3')
 8 SYSTEMPATH\CodeIgniter.php(509): CodeIgniter\CodeIgniter->runController(Object(App\Controllers\Registrar\Acudientes))
 9 SYSTEMPATH\CodeIgniter.php(355): CodeIgniter\CodeIgniter->handleRequest(null, Object(Config\Cache), false)
10 SYSTEMPATH\Boot.php(325): CodeIgniter\CodeIgniter->run()
11 SYSTEMPATH\Boot.php(67): CodeIgniter\Boot::runCodeIgniter(Object(CodeIgniter\CodeIgniter))
12 FCPATH\index.php(56): CodeIgniter\Boot::bootWeb(Object(Config\Paths))
INFO - 2024-07-21 08:41:58 --> Session: Class initialized using 'CodeIgniter\Session\Handlers\FileHandler' driver.
INFO - 2024-07-21 08:41:58 --> Session: Class initialized using 'CodeIgniter\Session\Handlers\FileHandler' driver.
INFO - 2024-07-21 08:43:06 --> Session: Class initialized using 'CodeIgniter\Session\Handlers\FileHandler' driver.
ERROR - 2024-07-21 08:51:29 --> mysqli_sql_exception: Unknown column 'u .username' in 'field list' in C:\xampp\htdocs\plataforma_estudiantil_dos\system\Database\MySQLi\Connection.php:312
Stack trace:
#0 C:\xampp\htdocs\plataforma_estudiantil_dos\system\Database\MySQLi\Connection.php(312): mysqli->query('SELECT `a`.*, `...', 0)
#1 C:\xampp\htdocs\plataforma_estudiantil_dos\system\Database\BaseConnection.php(734): CodeIgniter\Database\MySQLi\Connection->execute('SELECT `a`.*, `...')
#2 C:\xampp\htdocs\plataforma_estudiantil_dos\system\Database\BaseConnection.php(648): CodeIgniter\Database\BaseConnection->simpleQuery('SELECT `a`.*, `...')
#3 C:\xampp\htdocs\plataforma_estudiantil_dos\system\Database\BaseBuilder.php(1636): CodeIgniter\Database\BaseConnection->query('SELECT `a`.*, `...', Array, false)
#4 C:\xampp\htdocs\plataforma_estudiantil_dos\app\Models\Acudientes_model.php(63): CodeIgniter\Database\BaseBuilder->get()
#5 C:\xampp\htdocs\plataforma_estudiantil_dos\app\Controllers\registrar\Acudientes.php(132): App\Models\Acudientes_model->getAcudiente('3')
#6 C:\xampp\htdocs\plataforma_estudiantil_dos\system\CodeIgniter.php(933): App\Controllers\Registrar\Acudientes->edit('3')
#7 C:\xampp\htdocs\plataforma_estudiantil_dos\system\CodeIgniter.php(509): CodeIgniter\CodeIgniter->runController(Object(App\Controllers\Registrar\Acudientes))
#8 C:\xampp\htdocs\plataforma_estudiantil_dos\system\CodeIgniter.php(355): CodeIgniter\CodeIgniter->handleRequest(NULL, Object(Config\Cache), false)
#9 C:\xampp\htdocs\plataforma_estudiantil_dos\system\Boot.php(325): CodeIgniter\CodeIgniter->run()
#10 C:\xampp\htdocs\plataforma_estudiantil_dos\system\Boot.php(67): CodeIgniter\Boot::runCodeIgniter(Object(CodeIgniter\CodeIgniter))
#11 C:\xampp\htdocs\plataforma_estudiantil_dos\index.php(56): CodeIgniter\Boot::bootWeb(Object(Config\Paths))
#12 {main}
CRITICAL - 2024-07-21 08:51:29 --> CodeIgniter\Database\Exceptions\DatabaseException: Unknown column 'u .username' in 'field list'
[Method: GET, Route: registrar/acudientes/edit/3]
in SYSTEMPATH\Database\BaseConnection.php on line 688.
 1 SYSTEMPATH\Database\BaseBuilder.php(1636): CodeIgniter\Database\BaseConnection->query('SELECT `a`.*, `g`.`nombre` as `genero`, `u `.`username` as `usuario`, `u`.`password` as `contraseña`
FROM `acudiente` `a`
JOIN `generos` `g` ON `a`.`genero_id`
      = `g`.`id`
JOIN `usuarios` `u` ON `a`.`usuario_id`= `u`.`id`
WHERE `a`.`id` = :a.id:
AND `a`.`estado` = :a.estado:', [...], false)
 2 APPPATH\Models\Acudientes_model.php(63): CodeIgniter\Database\BaseBuilder->get()
 3 APPPATH\Controllers\registrar\Acudientes.php(132): App\Models\Acudientes_model->getAcudiente('3')
 4 SYSTEMPATH\CodeIgniter.php(933): App\Controllers\Registrar\Acudientes->edit('3')
 5 SYSTEMPATH\CodeIgniter.php(509): CodeIgniter\CodeIgniter->runController(Object(App\Controllers\Registrar\Acudientes))
 6 SYSTEMPATH\CodeIgniter.php(355): CodeIgniter\CodeIgniter->handleRequest(null, Object(Config\Cache), false)
 7 SYSTEMPATH\Boot.php(325): CodeIgniter\CodeIgniter->run()
 8 SYSTEMPATH\Boot.php(67): CodeIgniter\Boot::runCodeIgniter(Object(CodeIgniter\CodeIgniter))
 9 FCPATH\index.php(56): CodeIgniter\Boot::bootWeb(Object(Config\Paths))
CRITICAL - 2024-07-21 08:51:29 --> [Caused by] CodeIgniter\Database\Exceptions\DatabaseException: Unknown column 'u .username' in 'field list'
in SYSTEMPATH\Database\MySQLi\Connection.php on line 317.
 1 SYSTEMPATH\Database\BaseConnection.php(734): CodeIgniter\Database\MySQLi\Connection->execute('SELECT `a`.*, `g`.`nombre` as `genero`, `u `.`username` as `usuario`, `u`.`password` as `contraseña`
FROM `acudiente` `a`
JOIN `generos` `g` ON `a`.`genero_id`
      = `g`.`id`
JOIN `usuarios` `u` ON `a`.`usuario_id`= `u`.`id`
WHERE `a`.`id` = \'3\'
AND `a`.`estado` = \'1\'')
 2 SYSTEMPATH\Database\BaseConnection.php(648): CodeIgniter\Database\BaseConnection->simpleQuery('SELECT `a`.*, `g`.`nombre` as `genero`, `u `.`username` as `usuario`, `u`.`password` as `contraseña`
FROM `acudiente` `a`
JOIN `generos` `g` ON `a`.`genero_id`
      = `g`.`id`
JOIN `usuarios` `u` ON `a`.`usuario_id`= `u`.`id`
WHERE `a`.`id` = \'3\'
AND `a`.`estado` = \'1\'')
 3 SYSTEMPATH\Database\BaseBuilder.php(1636): CodeIgniter\Database\BaseConnection->query('SELECT `a`.*, `g`.`nombre` as `genero`, `u `.`username` as `usuario`, `u`.`password` as `contraseña`
FROM `acudiente` `a`
JOIN `generos` `g` ON `a`.`genero_id`
      = `g`.`id`
JOIN `usuarios` `u` ON `a`.`usuario_id`= `u`.`id`
WHERE `a`.`id` = :a.id:
AND `a`.`estado` = :a.estado:', [...], false)
 4 APPPATH\Models\Acudientes_model.php(63): CodeIgniter\Database\BaseBuilder->get()
 5 APPPATH\Controllers\registrar\Acudientes.php(132): App\Models\Acudientes_model->getAcudiente('3')
 6 SYSTEMPATH\CodeIgniter.php(933): App\Controllers\Registrar\Acudientes->edit('3')
 7 SYSTEMPATH\CodeIgniter.php(509): CodeIgniter\CodeIgniter->runController(Object(App\Controllers\Registrar\Acudientes))
 8 SYSTEMPATH\CodeIgniter.php(355): CodeIgniter\CodeIgniter->handleRequest(null, Object(Config\Cache), false)
 9 SYSTEMPATH\Boot.php(325): CodeIgniter\CodeIgniter->run()
10 SYSTEMPATH\Boot.php(67): CodeIgniter\Boot::runCodeIgniter(Object(CodeIgniter\CodeIgniter))
11 FCPATH\index.php(56): CodeIgniter\Boot::bootWeb(Object(Config\Paths))
CRITICAL - 2024-07-21 08:51:29 --> [Caused by] mysqli_sql_exception: Unknown column 'u .username' in 'field list'
in SYSTEMPATH\Database\MySQLi\Connection.php on line 312.
 1 SYSTEMPATH\Database\MySQLi\Connection.php(312): mysqli->query('SELECT `a`.*, `g`.`nombre` as `genero`, `u `.`username` as `usuario`, `u`.`password` as `contraseña`
FROM `acudiente` `a`
JOIN `generos` `g` ON `a`.`genero_id`
      = `g`.`id`
JOIN `usuarios` `u` ON `a`.`usuario_id`= `u`.`id`
WHERE `a`.`id` = \'3\'
AND `a`.`estado` = \'1\'', 0)
 2 SYSTEMPATH\Database\BaseConnection.php(734): CodeIgniter\Database\MySQLi\Connection->execute('SELECT `a`.*, `g`.`nombre` as `genero`, `u `.`username` as `usuario`, `u`.`password` as `contraseña`
FROM `acudiente` `a`
JOIN `generos` `g` ON `a`.`genero_id`
      = `g`.`id`
JOIN `usuarios` `u` ON `a`.`usuario_id`= `u`.`id`
WHERE `a`.`id` = \'3\'
AND `a`.`estado` = \'1\'')
 3 SYSTEMPATH\Database\BaseConnection.php(648): CodeIgniter\Database\BaseConnection->simpleQuery('SELECT `a`.*, `g`.`nombre` as `genero`, `u `.`username` as `usuario`, `u`.`password` as `contraseña`
FROM `acudiente` `a`
JOIN `generos` `g` ON `a`.`genero_id`
      = `g`.`id`
JOIN `usuarios` `u` ON `a`.`usuario_id`= `u`.`id`
WHERE `a`.`id` = \'3\'
AND `a`.`estado` = \'1\'')
 4 SYSTEMPATH\Database\BaseBuilder.php(1636): CodeIgniter\Database\BaseConnection->query('SELECT `a`.*, `g`.`nombre` as `genero`, `u `.`username` as `usuario`, `u`.`password` as `contraseña`
FROM `acudiente` `a`
JOIN `generos` `g` ON `a`.`genero_id`
      = `g`.`id`
JOIN `usuarios` `u` ON `a`.`usuario_id`= `u`.`id`
WHERE `a`.`id` = :a.id:
AND `a`.`estado` = :a.estado:', [...], false)
 5 APPPATH\Models\Acudientes_model.php(63): CodeIgniter\Database\BaseBuilder->get()
 6 APPPATH\Controllers\registrar\Acudientes.php(132): App\Models\Acudientes_model->getAcudiente('3')
 7 SYSTEMPATH\CodeIgniter.php(933): App\Controllers\Registrar\Acudientes->edit('3')
 8 SYSTEMPATH\CodeIgniter.php(509): CodeIgniter\CodeIgniter->runController(Object(App\Controllers\Registrar\Acudientes))
 9 SYSTEMPATH\CodeIgniter.php(355): CodeIgniter\CodeIgniter->handleRequest(null, Object(Config\Cache), false)
10 SYSTEMPATH\Boot.php(325): CodeIgniter\CodeIgniter->run()
11 SYSTEMPATH\Boot.php(67): CodeIgniter\Boot::runCodeIgniter(Object(CodeIgniter\CodeIgniter))
12 FCPATH\index.php(56): CodeIgniter\Boot::bootWeb(Object(Config\Paths))
ERROR - 2024-07-21 09:25:48 --> mysqli_sql_exception: Unknown column 'u .username' in 'field list' in C:\xampp\htdocs\plataforma_estudiantil_dos\system\Database\MySQLi\Connection.php:312
Stack trace:
#0 C:\xampp\htdocs\plataforma_estudiantil_dos\system\Database\MySQLi\Connection.php(312): mysqli->query('SELECT `a`.*, `...', 0)
#1 C:\xampp\htdocs\plataforma_estudiantil_dos\system\Database\BaseConnection.php(734): CodeIgniter\Database\MySQLi\Connection->execute('SELECT `a`.*, `...')
#2 C:\xampp\htdocs\plataforma_estudiantil_dos\system\Database\BaseConnection.php(648): CodeIgniter\Database\BaseConnection->simpleQuery('SELECT `a`.*, `...')
#3 C:\xampp\htdocs\plataforma_estudiantil_dos\system\Database\BaseBuilder.php(1636): CodeIgniter\Database\BaseConnection->query('SELECT `a`.*, `...', Array, false)
#4 C:\xampp\htdocs\plataforma_estudiantil_dos\app\Models\Acudientes_model.php(63): CodeIgniter\Database\BaseBuilder->get()
#5 C:\xampp\htdocs\plataforma_estudiantil_dos\app\Controllers\registrar\Acudientes.php(132): App\Models\Acudientes_model->getAcudiente('3')
#6 C:\xampp\htdocs\plataforma_estudiantil_dos\system\CodeIgniter.php(933): App\Controllers\Registrar\Acudientes->edit('3')
#7 C:\xampp\htdocs\plataforma_estudiantil_dos\system\CodeIgniter.php(509): CodeIgniter\CodeIgniter->runController(Object(App\Controllers\Registrar\Acudientes))
#8 C:\xampp\htdocs\plataforma_estudiantil_dos\system\CodeIgniter.php(355): CodeIgniter\CodeIgniter->handleRequest(NULL, Object(Config\Cache), false)
#9 C:\xampp\htdocs\plataforma_estudiantil_dos\system\Boot.php(325): CodeIgniter\CodeIgniter->run()
#10 C:\xampp\htdocs\plataforma_estudiantil_dos\system\Boot.php(67): CodeIgniter\Boot::runCodeIgniter(Object(CodeIgniter\CodeIgniter))
#11 C:\xampp\htdocs\plataforma_estudiantil_dos\index.php(56): CodeIgniter\Boot::bootWeb(Object(Config\Paths))
#12 {main}
CRITICAL - 2024-07-21 09:25:48 --> CodeIgniter\Database\Exceptions\DatabaseException: Unknown column 'u .username' in 'field list'
[Method: GET, Route: registrar/acudientes/edit/3]
in SYSTEMPATH\Database\BaseConnection.php on line 688.
 1 SYSTEMPATH\Database\BaseBuilder.php(1636): CodeIgniter\Database\BaseConnection->query('SELECT `a`.*, `g`.`nombre` as `genero`, `u `.`username` as `usuario`, `u`.`password` as `contraseña`
FROM `acudiente` `a`
JOIN `generos` `g` ON `a`.`genero_id`
      = `g`.`id`
JOIN `usuarios` `u` ON `a`.`usuario_id`= `u`.`id`
WHERE `a`.`id` = :a.id:
AND `a`.`estado` = :a.estado:', [...], false)
 2 APPPATH\Models\Acudientes_model.php(63): CodeIgniter\Database\BaseBuilder->get()
 3 APPPATH\Controllers\registrar\Acudientes.php(132): App\Models\Acudientes_model->getAcudiente('3')
 4 SYSTEMPATH\CodeIgniter.php(933): App\Controllers\Registrar\Acudientes->edit('3')
 5 SYSTEMPATH\CodeIgniter.php(509): CodeIgniter\CodeIgniter->runController(Object(App\Controllers\Registrar\Acudientes))
 6 SYSTEMPATH\CodeIgniter.php(355): CodeIgniter\CodeIgniter->handleRequest(null, Object(Config\Cache), false)
 7 SYSTEMPATH\Boot.php(325): CodeIgniter\CodeIgniter->run()
 8 SYSTEMPATH\Boot.php(67): CodeIgniter\Boot::runCodeIgniter(Object(CodeIgniter\CodeIgniter))
 9 FCPATH\index.php(56): CodeIgniter\Boot::bootWeb(Object(Config\Paths))
CRITICAL - 2024-07-21 09:25:48 --> [Caused by] CodeIgniter\Database\Exceptions\DatabaseException: Unknown column 'u .username' in 'field list'
in SYSTEMPATH\Database\MySQLi\Connection.php on line 317.
 1 SYSTEMPATH\Database\BaseConnection.php(734): CodeIgniter\Database\MySQLi\Connection->execute('SELECT `a`.*, `g`.`nombre` as `genero`, `u `.`username` as `usuario`, `u`.`password` as `contraseña`
FROM `acudiente` `a`
JOIN `generos` `g` ON `a`.`genero_id`
      = `g`.`id`
JOIN `usuarios` `u` ON `a`.`usuario_id`= `u`.`id`
WHERE `a`.`id` = \'3\'
AND `a`.`estado` = \'1\'')
 2 SYSTEMPATH\Database\BaseConnection.php(648): CodeIgniter\Database\BaseConnection->simpleQuery('SELECT `a`.*, `g`.`nombre` as `genero`, `u `.`username` as `usuario`, `u`.`password` as `contraseña`
FROM `acudiente` `a`
JOIN `generos` `g` ON `a`.`genero_id`
      = `g`.`id`
JOIN `usuarios` `u` ON `a`.`usuario_id`= `u`.`id`
WHERE `a`.`id` = \'3\'
AND `a`.`estado` = \'1\'')
 3 SYSTEMPATH\Database\BaseBuilder.php(1636): CodeIgniter\Database\BaseConnection->query('SELECT `a`.*, `g`.`nombre` as `genero`, `u `.`username` as `usuario`, `u`.`password` as `contraseña`
FROM `acudiente` `a`
JOIN `generos` `g` ON `a`.`genero_id`
      = `g`.`id`
JOIN `usuarios` `u` ON `a`.`usuario_id`= `u`.`id`
WHERE `a`.`id` = :a.id:
AND `a`.`estado` = :a.estado:', [...], false)
 4 APPPATH\Models\Acudientes_model.php(63): CodeIgniter\Database\BaseBuilder->get()
 5 APPPATH\Controllers\registrar\Acudientes.php(132): App\Models\Acudientes_model->getAcudiente('3')
 6 SYSTEMPATH\CodeIgniter.php(933): App\Controllers\Registrar\Acudientes->edit('3')
 7 SYSTEMPATH\CodeIgniter.php(509): CodeIgniter\CodeIgniter->runController(Object(App\Controllers\Registrar\Acudientes))
 8 SYSTEMPATH\CodeIgniter.php(355): CodeIgniter\CodeIgniter->handleRequest(null, Object(Config\Cache), false)
 9 SYSTEMPATH\Boot.php(325): CodeIgniter\CodeIgniter->run()
10 SYSTEMPATH\Boot.php(67): CodeIgniter\Boot::runCodeIgniter(Object(CodeIgniter\CodeIgniter))
11 FCPATH\index.php(56): CodeIgniter\Boot::bootWeb(Object(Config\Paths))
CRITICAL - 2024-07-21 09:25:48 --> [Caused by] mysqli_sql_exception: Unknown column 'u .username' in 'field list'
in SYSTEMPATH\Database\MySQLi\Connection.php on line 312.
 1 SYSTEMPATH\Database\MySQLi\Connection.php(312): mysqli->query('SELECT `a`.*, `g`.`nombre` as `genero`, `u `.`username` as `usuario`, `u`.`password` as `contraseña`
FROM `acudiente` `a`
JOIN `generos` `g` ON `a`.`genero_id`
      = `g`.`id`
JOIN `usuarios` `u` ON `a`.`usuario_id`= `u`.`id`
WHERE `a`.`id` = \'3\'
AND `a`.`estado` = \'1\'', 0)
 2 SYSTEMPATH\Database\BaseConnection.php(734): CodeIgniter\Database\MySQLi\Connection->execute('SELECT `a`.*, `g`.`nombre` as `genero`, `u `.`username` as `usuario`, `u`.`password` as `contraseña`
FROM `acudiente` `a`
JOIN `generos` `g` ON `a`.`genero_id`
      = `g`.`id`
JOIN `usuarios` `u` ON `a`.`usuario_id`= `u`.`id`
WHERE `a`.`id` = \'3\'
AND `a`.`estado` = \'1\'')
 3 SYSTEMPATH\Database\BaseConnection.php(648): CodeIgniter\Database\BaseConnection->simpleQuery('SELECT `a`.*, `g`.`nombre` as `genero`, `u `.`username` as `usuario`, `u`.`password` as `contraseña`
FROM `acudiente` `a`
JOIN `generos` `g` ON `a`.`genero_id`
      = `g`.`id`
JOIN `usuarios` `u` ON `a`.`usuario_id`= `u`.`id`
WHERE `a`.`id` = \'3\'
AND `a`.`estado` = \'1\'')
 4 SYSTEMPATH\Database\BaseBuilder.php(1636): CodeIgniter\Database\BaseConnection->query('SELECT `a`.*, `g`.`nombre` as `genero`, `u `.`username` as `usuario`, `u`.`password` as `contraseña`
FROM `acudiente` `a`
JOIN `generos` `g` ON `a`.`genero_id`
      = `g`.`id`
JOIN `usuarios` `u` ON `a`.`usuario_id`= `u`.`id`
WHERE `a`.`id` = :a.id:
AND `a`.`estado` = :a.estado:', [...], false)
 5 APPPATH\Models\Acudientes_model.php(63): CodeIgniter\Database\BaseBuilder->get()
 6 APPPATH\Controllers\registrar\Acudientes.php(132): App\Models\Acudientes_model->getAcudiente('3')
 7 SYSTEMPATH\CodeIgniter.php(933): App\Controllers\Registrar\Acudientes->edit('3')
 8 SYSTEMPATH\CodeIgniter.php(509): CodeIgniter\CodeIgniter->runController(Object(App\Controllers\Registrar\Acudientes))
 9 SYSTEMPATH\CodeIgniter.php(355): CodeIgniter\CodeIgniter->handleRequest(null, Object(Config\Cache), false)
10 SYSTEMPATH\Boot.php(325): CodeIgniter\CodeIgniter->run()
11 SYSTEMPATH\Boot.php(67): CodeIgniter\Boot::runCodeIgniter(Object(CodeIgniter\CodeIgniter))
12 FCPATH\index.php(56): CodeIgniter\Boot::bootWeb(Object(Config\Paths))
ERROR - 2024-07-21 09:26:10 --> mysqli_sql_exception: Unknown column 'u .username' in 'field list' in C:\xampp\htdocs\plataforma_estudiantil_dos\system\Database\MySQLi\Connection.php:312
Stack trace:
#0 C:\xampp\htdocs\plataforma_estudiantil_dos\system\Database\MySQLi\Connection.php(312): mysqli->query('SELECT `a`.*, `...', 0)
#1 C:\xampp\htdocs\plataforma_estudiantil_dos\system\Database\BaseConnection.php(734): CodeIgniter\Database\MySQLi\Connection->execute('SELECT `a`.*, `...')
#2 C:\xampp\htdocs\plataforma_estudiantil_dos\system\Database\BaseConnection.php(648): CodeIgniter\Database\BaseConnection->simpleQuery('SELECT `a`.*, `...')
#3 C:\xampp\htdocs\plataforma_estudiantil_dos\system\Database\BaseBuilder.php(1636): CodeIgniter\Database\BaseConnection->query('SELECT `a`.*, `...', Array, false)
#4 C:\xampp\htdocs\plataforma_estudiantil_dos\app\Models\Acudientes_model.php(63): CodeIgniter\Database\BaseBuilder->get()
#5 C:\xampp\htdocs\plataforma_estudiantil_dos\app\Controllers\registrar\Acudientes.php(132): App\Models\Acudientes_model->getAcudiente('3')
#6 C:\xampp\htdocs\plataforma_estudiantil_dos\system\CodeIgniter.php(933): App\Controllers\Registrar\Acudientes->edit('3')
#7 C:\xampp\htdocs\plataforma_estudiantil_dos\system\CodeIgniter.php(509): CodeIgniter\CodeIgniter->runController(Object(App\Controllers\Registrar\Acudientes))
#8 C:\xampp\htdocs\plataforma_estudiantil_dos\system\CodeIgniter.php(355): CodeIgniter\CodeIgniter->handleRequest(NULL, Object(Config\Cache), false)
#9 C:\xampp\htdocs\plataforma_estudiantil_dos\system\Boot.php(325): CodeIgniter\CodeIgniter->run()
#10 C:\xampp\htdocs\plataforma_estudiantil_dos\system\Boot.php(67): CodeIgniter\Boot::runCodeIgniter(Object(CodeIgniter\CodeIgniter))
#11 C:\xampp\htdocs\plataforma_estudiantil_dos\index.php(56): CodeIgniter\Boot::bootWeb(Object(Config\Paths))
#12 {main}
CRITICAL - 2024-07-21 09:26:10 --> CodeIgniter\Database\Exceptions\DatabaseException: Unknown column 'u .username' in 'field list'
[Method: GET, Route: registrar/acudientes/edit/3]
in SYSTEMPATH\Database\BaseConnection.php on line 688.
 1 SYSTEMPATH\Database\BaseBuilder.php(1636): CodeIgniter\Database\BaseConnection->query('SELECT `a`.*, `g`.`nombre` as `genero`, `u `.`username` as `usuario`, `u`.`password` as `contraseña`
FROM `acudiente` `a`
JOIN `generos` `g` ON `a`.`genero_id`
      = `g`.`id`
JOIN `usuarios` `u` ON `a`.`usuario_id`= `u`.`id`
WHERE `a`.`id` = :a.id:
AND `a`.`estado` = :a.estado:', [...], false)
 2 APPPATH\Models\Acudientes_model.php(63): CodeIgniter\Database\BaseBuilder->get()
 3 APPPATH\Controllers\registrar\Acudientes.php(132): App\Models\Acudientes_model->getAcudiente('3')
 4 SYSTEMPATH\CodeIgniter.php(933): App\Controllers\Registrar\Acudientes->edit('3')
 5 SYSTEMPATH\CodeIgniter.php(509): CodeIgniter\CodeIgniter->runController(Object(App\Controllers\Registrar\Acudientes))
 6 SYSTEMPATH\CodeIgniter.php(355): CodeIgniter\CodeIgniter->handleRequest(null, Object(Config\Cache), false)
 7 SYSTEMPATH\Boot.php(325): CodeIgniter\CodeIgniter->run()
 8 SYSTEMPATH\Boot.php(67): CodeIgniter\Boot::runCodeIgniter(Object(CodeIgniter\CodeIgniter))
 9 FCPATH\index.php(56): CodeIgniter\Boot::bootWeb(Object(Config\Paths))
CRITICAL - 2024-07-21 09:26:10 --> [Caused by] CodeIgniter\Database\Exceptions\DatabaseException: Unknown column 'u .username' in 'field list'
in SYSTEMPATH\Database\MySQLi\Connection.php on line 317.
 1 SYSTEMPATH\Database\BaseConnection.php(734): CodeIgniter\Database\MySQLi\Connection->execute('SELECT `a`.*, `g`.`nombre` as `genero`, `u `.`username` as `usuario`, `u`.`password` as `contraseña`
FROM `acudiente` `a`
JOIN `generos` `g` ON `a`.`genero_id`
      = `g`.`id`
JOIN `usuarios` `u` ON `a`.`usuario_id`= `u`.`id`
WHERE `a`.`id` = \'3\'
AND `a`.`estado` = \'1\'')
 2 SYSTEMPATH\Database\BaseConnection.php(648): CodeIgniter\Database\BaseConnection->simpleQuery('SELECT `a`.*, `g`.`nombre` as `genero`, `u `.`username` as `usuario`, `u`.`password` as `contraseña`
FROM `acudiente` `a`
JOIN `generos` `g` ON `a`.`genero_id`
      = `g`.`id`
JOIN `usuarios` `u` ON `a`.`usuario_id`= `u`.`id`
WHERE `a`.`id` = \'3\'
AND `a`.`estado` = \'1\'')
 3 SYSTEMPATH\Database\BaseBuilder.php(1636): CodeIgniter\Database\BaseConnection->query('SELECT `a`.*, `g`.`nombre` as `genero`, `u `.`username` as `usuario`, `u`.`password` as `contraseña`
FROM `acudiente` `a`
JOIN `generos` `g` ON `a`.`genero_id`
      = `g`.`id`
JOIN `usuarios` `u` ON `a`.`usuario_id`= `u`.`id`
WHERE `a`.`id` = :a.id:
AND `a`.`estado` = :a.estado:', [...], false)
 4 APPPATH\Models\Acudientes_model.php(63): CodeIgniter\Database\BaseBuilder->get()
 5 APPPATH\Controllers\registrar\Acudientes.php(132): App\Models\Acudientes_model->getAcudiente('3')
 6 SYSTEMPATH\CodeIgniter.php(933): App\Controllers\Registrar\Acudientes->edit('3')
 7 SYSTEMPATH\CodeIgniter.php(509): CodeIgniter\CodeIgniter->runController(Object(App\Controllers\Registrar\Acudientes))
 8 SYSTEMPATH\CodeIgniter.php(355): CodeIgniter\CodeIgniter->handleRequest(null, Object(Config\Cache), false)
 9 SYSTEMPATH\Boot.php(325): CodeIgniter\CodeIgniter->run()
10 SYSTEMPATH\Boot.php(67): CodeIgniter\Boot::runCodeIgniter(Object(CodeIgniter\CodeIgniter))
11 FCPATH\index.php(56): CodeIgniter\Boot::bootWeb(Object(Config\Paths))
CRITICAL - 2024-07-21 09:26:10 --> [Caused by] mysqli_sql_exception: Unknown column 'u .username' in 'field list'
in SYSTEMPATH\Database\MySQLi\Connection.php on line 312.
 1 SYSTEMPATH\Database\MySQLi\Connection.php(312): mysqli->query('SELECT `a`.*, `g`.`nombre` as `genero`, `u `.`username` as `usuario`, `u`.`password` as `contraseña`
FROM `acudiente` `a`
JOIN `generos` `g` ON `a`.`genero_id`
      = `g`.`id`
JOIN `usuarios` `u` ON `a`.`usuario_id`= `u`.`id`
WHERE `a`.`id` = \'3\'
AND `a`.`estado` = \'1\'', 0)
 2 SYSTEMPATH\Database\BaseConnection.php(734): CodeIgniter\Database\MySQLi\Connection->execute('SELECT `a`.*, `g`.`nombre` as `genero`, `u `.`username` as `usuario`, `u`.`password` as `contraseña`
FROM `acudiente` `a`
JOIN `generos` `g` ON `a`.`genero_id`
      = `g`.`id`
JOIN `usuarios` `u` ON `a`.`usuario_id`= `u`.`id`
WHERE `a`.`id` = \'3\'
AND `a`.`estado` = \'1\'')
 3 SYSTEMPATH\Database\BaseConnection.php(648): CodeIgniter\Database\BaseConnection->simpleQuery('SELECT `a`.*, `g`.`nombre` as `genero`, `u `.`username` as `usuario`, `u`.`password` as `contraseña`
FROM `acudiente` `a`
JOIN `generos` `g` ON `a`.`genero_id`
      = `g`.`id`
JOIN `usuarios` `u` ON `a`.`usuario_id`= `u`.`id`
WHERE `a`.`id` = \'3\'
AND `a`.`estado` = \'1\'')
 4 SYSTEMPATH\Database\BaseBuilder.php(1636): CodeIgniter\Database\BaseConnection->query('SELECT `a`.*, `g`.`nombre` as `genero`, `u `.`username` as `usuario`, `u`.`password` as `contraseña`
FROM `acudiente` `a`
JOIN `generos` `g` ON `a`.`genero_id`
      = `g`.`id`
JOIN `usuarios` `u` ON `a`.`usuario_id`= `u`.`id`
WHERE `a`.`id` = :a.id:
AND `a`.`estado` = :a.estado:', [...], false)
 5 APPPATH\Models\Acudientes_model.php(63): CodeIgniter\Database\BaseBuilder->get()
 6 APPPATH\Controllers\registrar\Acudientes.php(132): App\Models\Acudientes_model->getAcudiente('3')
 7 SYSTEMPATH\CodeIgniter.php(933): App\Controllers\Registrar\Acudientes->edit('3')
 8 SYSTEMPATH\CodeIgniter.php(509): CodeIgniter\CodeIgniter->runController(Object(App\Controllers\Registrar\Acudientes))
 9 SYSTEMPATH\CodeIgniter.php(355): CodeIgniter\CodeIgniter->handleRequest(null, Object(Config\Cache), false)
10 SYSTEMPATH\Boot.php(325): CodeIgniter\CodeIgniter->run()
11 SYSTEMPATH\Boot.php(67): CodeIgniter\Boot::runCodeIgniter(Object(CodeIgniter\CodeIgniter))
12 FCPATH\index.php(56): CodeIgniter\Boot::bootWeb(Object(Config\Paths))
ERROR - 2024-07-21 09:33:43 --> mysqli_sql_exception: Unknown column 'u .username' in 'field list' in C:\xampp\htdocs\plataforma_estudiantil_dos\system\Database\MySQLi\Connection.php:312
Stack trace:
#0 C:\xampp\htdocs\plataforma_estudiantil_dos\system\Database\MySQLi\Connection.php(312): mysqli->query('SELECT `a`.*, `...', 0)
#1 C:\xampp\htdocs\plataforma_estudiantil_dos\system\Database\BaseConnection.php(734): CodeIgniter\Database\MySQLi\Connection->execute('SELECT `a`.*, `...')
#2 C:\xampp\htdocs\plataforma_estudiantil_dos\system\Database\BaseConnection.php(648): CodeIgniter\Database\BaseConnection->simpleQuery('SELECT `a`.*, `...')
#3 C:\xampp\htdocs\plataforma_estudiantil_dos\system\Database\BaseBuilder.php(1636): CodeIgniter\Database\BaseConnection->query('SELECT `a`.*, `...', Array, false)
#4 C:\xampp\htdocs\plataforma_estudiantil_dos\app\Models\Acudientes_model.php(63): CodeIgniter\Database\BaseBuilder->get()
#5 C:\xampp\htdocs\plataforma_estudiantil_dos\app\Controllers\registrar\Acudientes.php(132): App\Models\Acudientes_model->getAcudiente('3')
#6 C:\xampp\htdocs\plataforma_estudiantil_dos\system\CodeIgniter.php(933): App\Controllers\Registrar\Acudientes->edit('3')
#7 C:\xampp\htdocs\plataforma_estudiantil_dos\system\CodeIgniter.php(509): CodeIgniter\CodeIgniter->runController(Object(App\Controllers\Registrar\Acudientes))
#8 C:\xampp\htdocs\plataforma_estudiantil_dos\system\CodeIgniter.php(355): CodeIgniter\CodeIgniter->handleRequest(NULL, Object(Config\Cache), false)
#9 C:\xampp\htdocs\plataforma_estudiantil_dos\system\Boot.php(325): CodeIgniter\CodeIgniter->run()
#10 C:\xampp\htdocs\plataforma_estudiantil_dos\system\Boot.php(67): CodeIgniter\Boot::runCodeIgniter(Object(CodeIgniter\CodeIgniter))
#11 C:\xampp\htdocs\plataforma_estudiantil_dos\index.php(56): CodeIgniter\Boot::bootWeb(Object(Config\Paths))
#12 {main}
CRITICAL - 2024-07-21 09:33:43 --> CodeIgniter\Database\Exceptions\DatabaseException: Unknown column 'u .username' in 'field list'
[Method: GET, Route: registrar/acudientes/edit/3]
in SYSTEMPATH\Database\BaseConnection.php on line 688.
 1 SYSTEMPATH\Database\BaseBuilder.php(1636): CodeIgniter\Database\BaseConnection->query('SELECT `a`.*, `g`.`nombre` as `genero`, `u `.`username` as `usuario`, `u`.`password` as `contraseña`
FROM `acudiente` `a`
JOIN `generos` `g` ON `a`.`genero_id`
      = `g`.`id`
JOIN `usuarios` `u` ON `a`.`usuario_id`= `u`.`id`
WHERE `a`.`id` = :a.id:
AND `a`.`estado` = :a.estado:', [...], false)
 2 APPPATH\Models\Acudientes_model.php(63): CodeIgniter\Database\BaseBuilder->get()
 3 APPPATH\Controllers\registrar\Acudientes.php(132): App\Models\Acudientes_model->getAcudiente('3')
 4 SYSTEMPATH\CodeIgniter.php(933): App\Controllers\Registrar\Acudientes->edit('3')
 5 SYSTEMPATH\CodeIgniter.php(509): CodeIgniter\CodeIgniter->runController(Object(App\Controllers\Registrar\Acudientes))
 6 SYSTEMPATH\CodeIgniter.php(355): CodeIgniter\CodeIgniter->handleRequest(null, Object(Config\Cache), false)
 7 SYSTEMPATH\Boot.php(325): CodeIgniter\CodeIgniter->run()
 8 SYSTEMPATH\Boot.php(67): CodeIgniter\Boot::runCodeIgniter(Object(CodeIgniter\CodeIgniter))
 9 FCPATH\index.php(56): CodeIgniter\Boot::bootWeb(Object(Config\Paths))
CRITICAL - 2024-07-21 09:33:43 --> [Caused by] CodeIgniter\Database\Exceptions\DatabaseException: Unknown column 'u .username' in 'field list'
in SYSTEMPATH\Database\MySQLi\Connection.php on line 317.
 1 SYSTEMPATH\Database\BaseConnection.php(734): CodeIgniter\Database\MySQLi\Connection->execute('SELECT `a`.*, `g`.`nombre` as `genero`, `u `.`username` as `usuario`, `u`.`password` as `contraseña`
FROM `acudiente` `a`
JOIN `generos` `g` ON `a`.`genero_id`
      = `g`.`id`
JOIN `usuarios` `u` ON `a`.`usuario_id`= `u`.`id`
WHERE `a`.`id` = \'3\'
AND `a`.`estado` = \'1\'')
 2 SYSTEMPATH\Database\BaseConnection.php(648): CodeIgniter\Database\BaseConnection->simpleQuery('SELECT `a`.*, `g`.`nombre` as `genero`, `u `.`username` as `usuario`, `u`.`password` as `contraseña`
FROM `acudiente` `a`
JOIN `generos` `g` ON `a`.`genero_id`
      = `g`.`id`
JOIN `usuarios` `u` ON `a`.`usuario_id`= `u`.`id`
WHERE `a`.`id` = \'3\'
AND `a`.`estado` = \'1\'')
 3 SYSTEMPATH\Database\BaseBuilder.php(1636): CodeIgniter\Database\BaseConnection->query('SELECT `a`.*, `g`.`nombre` as `genero`, `u `.`username` as `usuario`, `u`.`password` as `contraseña`
FROM `acudiente` `a`
JOIN `generos` `g` ON `a`.`genero_id`
      = `g`.`id`
JOIN `usuarios` `u` ON `a`.`usuario_id`= `u`.`id`
WHERE `a`.`id` = :a.id:
AND `a`.`estado` = :a.estado:', [...], false)
 4 APPPATH\Models\Acudientes_model.php(63): CodeIgniter\Database\BaseBuilder->get()
 5 APPPATH\Controllers\registrar\Acudientes.php(132): App\Models\Acudientes_model->getAcudiente('3')
 6 SYSTEMPATH\CodeIgniter.php(933): App\Controllers\Registrar\Acudientes->edit('3')
 7 SYSTEMPATH\CodeIgniter.php(509): CodeIgniter\CodeIgniter->runController(Object(App\Controllers\Registrar\Acudientes))
 8 SYSTEMPATH\CodeIgniter.php(355): CodeIgniter\CodeIgniter->handleRequest(null, Object(Config\Cache), false)
 9 SYSTEMPATH\Boot.php(325): CodeIgniter\CodeIgniter->run()
10 SYSTEMPATH\Boot.php(67): CodeIgniter\Boot::runCodeIgniter(Object(CodeIgniter\CodeIgniter))
11 FCPATH\index.php(56): CodeIgniter\Boot::bootWeb(Object(Config\Paths))
CRITICAL - 2024-07-21 09:33:43 --> [Caused by] mysqli_sql_exception: Unknown column 'u .username' in 'field list'
in SYSTEMPATH\Database\MySQLi\Connection.php on line 312.
 1 SYSTEMPATH\Database\MySQLi\Connection.php(312): mysqli->query('SELECT `a`.*, `g`.`nombre` as `genero`, `u `.`username` as `usuario`, `u`.`password` as `contraseña`
FROM `acudiente` `a`
JOIN `generos` `g` ON `a`.`genero_id`
      = `g`.`id`
JOIN `usuarios` `u` ON `a`.`usuario_id`= `u`.`id`
WHERE `a`.`id` = \'3\'
AND `a`.`estado` = \'1\'', 0)
 2 SYSTEMPATH\Database\BaseConnection.php(734): CodeIgniter\Database\MySQLi\Connection->execute('SELECT `a`.*, `g`.`nombre` as `genero`, `u `.`username` as `usuario`, `u`.`password` as `contraseña`
FROM `acudiente` `a`
JOIN `generos` `g` ON `a`.`genero_id`
      = `g`.`id`
JOIN `usuarios` `u` ON `a`.`usuario_id`= `u`.`id`
WHERE `a`.`id` = \'3\'
AND `a`.`estado` = \'1\'')
 3 SYSTEMPATH\Database\BaseConnection.php(648): CodeIgniter\Database\BaseConnection->simpleQuery('SELECT `a`.*, `g`.`nombre` as `genero`, `u `.`username` as `usuario`, `u`.`password` as `contraseña`
FROM `acudiente` `a`
JOIN `generos` `g` ON `a`.`genero_id`
      = `g`.`id`
JOIN `usuarios` `u` ON `a`.`usuario_id`= `u`.`id`
WHERE `a`.`id` = \'3\'
AND `a`.`estado` = \'1\'')
 4 SYSTEMPATH\Database\BaseBuilder.php(1636): CodeIgniter\Database\BaseConnection->query('SELECT `a`.*, `g`.`nombre` as `genero`, `u `.`username` as `usuario`, `u`.`password` as `contraseña`
FROM `acudiente` `a`
JOIN `generos` `g` ON `a`.`genero_id`
      = `g`.`id`
JOIN `usuarios` `u` ON `a`.`usuario_id`= `u`.`id`
WHERE `a`.`id` = :a.id:
AND `a`.`estado` = :a.estado:', [...], false)
 5 APPPATH\Models\Acudientes_model.php(63): CodeIgniter\Database\BaseBuilder->get()
 6 APPPATH\Controllers\registrar\Acudientes.php(132): App\Models\Acudientes_model->getAcudiente('3')
 7 SYSTEMPATH\CodeIgniter.php(933): App\Controllers\Registrar\Acudientes->edit('3')
 8 SYSTEMPATH\CodeIgniter.php(509): CodeIgniter\CodeIgniter->runController(Object(App\Controllers\Registrar\Acudientes))
 9 SYSTEMPATH\CodeIgniter.php(355): CodeIgniter\CodeIgniter->handleRequest(null, Object(Config\Cache), false)
10 SYSTEMPATH\Boot.php(325): CodeIgniter\CodeIgniter->run()
11 SYSTEMPATH\Boot.php(67): CodeIgniter\Boot::runCodeIgniter(Object(CodeIgniter\CodeIgniter))
12 FCPATH\index.php(56): CodeIgniter\Boot::bootWeb(Object(Config\Paths))
ERROR - 2024-07-21 09:33:46 --> mysqli_sql_exception: Unknown column 'u .username' in 'field list' in C:\xampp\htdocs\plataforma_estudiantil_dos\system\Database\MySQLi\Connection.php:312
Stack trace:
#0 C:\xampp\htdocs\plataforma_estudiantil_dos\system\Database\MySQLi\Connection.php(312): mysqli->query('SELECT `a`.*, `...', 0)
#1 C:\xampp\htdocs\plataforma_estudiantil_dos\system\Database\BaseConnection.php(734): CodeIgniter\Database\MySQLi\Connection->execute('SELECT `a`.*, `...')
#2 C:\xampp\htdocs\plataforma_estudiantil_dos\system\Database\BaseConnection.php(648): CodeIgniter\Database\BaseConnection->simpleQuery('SELECT `a`.*, `...')
#3 C:\xampp\htdocs\plataforma_estudiantil_dos\system\Database\BaseBuilder.php(1636): CodeIgniter\Database\BaseConnection->query('SELECT `a`.*, `...', Array, false)
#4 C:\xampp\htdocs\plataforma_estudiantil_dos\app\Models\Acudientes_model.php(63): CodeIgniter\Database\BaseBuilder->get()
#5 C:\xampp\htdocs\plataforma_estudiantil_dos\app\Controllers\registrar\Acudientes.php(132): App\Models\Acudientes_model->getAcudiente('3')
#6 C:\xampp\htdocs\plataforma_estudiantil_dos\system\CodeIgniter.php(933): App\Controllers\Registrar\Acudientes->edit('3')
#7 C:\xampp\htdocs\plataforma_estudiantil_dos\system\CodeIgniter.php(509): CodeIgniter\CodeIgniter->runController(Object(App\Controllers\Registrar\Acudientes))
#8 C:\xampp\htdocs\plataforma_estudiantil_dos\system\CodeIgniter.php(355): CodeIgniter\CodeIgniter->handleRequest(NULL, Object(Config\Cache), false)
#9 C:\xampp\htdocs\plataforma_estudiantil_dos\system\Boot.php(325): CodeIgniter\CodeIgniter->run()
#10 C:\xampp\htdocs\plataforma_estudiantil_dos\system\Boot.php(67): CodeIgniter\Boot::runCodeIgniter(Object(CodeIgniter\CodeIgniter))
#11 C:\xampp\htdocs\plataforma_estudiantil_dos\index.php(56): CodeIgniter\Boot::bootWeb(Object(Config\Paths))
#12 {main}
CRITICAL - 2024-07-21 09:33:46 --> CodeIgniter\Database\Exceptions\DatabaseException: Unknown column 'u .username' in 'field list'
[Method: GET, Route: registrar/acudientes/edit/3]
in SYSTEMPATH\Database\BaseConnection.php on line 688.
 1 SYSTEMPATH\Database\BaseBuilder.php(1636): CodeIgniter\Database\BaseConnection->query('SELECT `a`.*, `g`.`nombre` as `genero`, `u `.`username` as `usuario`, `u`.`password` as `contraseña`
FROM `acudiente` `a`
JOIN `generos` `g` ON `a`.`genero_id`
      = `g`.`id`
JOIN `usuarios` `u` ON `a`.`usuario_id`= `u`.`id`
WHERE `a`.`id` = :a.id:
AND `a`.`estado` = :a.estado:', [...], false)
 2 APPPATH\Models\Acudientes_model.php(63): CodeIgniter\Database\BaseBuilder->get()
 3 APPPATH\Controllers\registrar\Acudientes.php(132): App\Models\Acudientes_model->getAcudiente('3')
 4 SYSTEMPATH\CodeIgniter.php(933): App\Controllers\Registrar\Acudientes->edit('3')
 5 SYSTEMPATH\CodeIgniter.php(509): CodeIgniter\CodeIgniter->runController(Object(App\Controllers\Registrar\Acudientes))
 6 SYSTEMPATH\CodeIgniter.php(355): CodeIgniter\CodeIgniter->handleRequest(null, Object(Config\Cache), false)
 7 SYSTEMPATH\Boot.php(325): CodeIgniter\CodeIgniter->run()
 8 SYSTEMPATH\Boot.php(67): CodeIgniter\Boot::runCodeIgniter(Object(CodeIgniter\CodeIgniter))
 9 FCPATH\index.php(56): CodeIgniter\Boot::bootWeb(Object(Config\Paths))
CRITICAL - 2024-07-21 09:33:46 --> [Caused by] CodeIgniter\Database\Exceptions\DatabaseException: Unknown column 'u .username' in 'field list'
in SYSTEMPATH\Database\MySQLi\Connection.php on line 317.
 1 SYSTEMPATH\Database\BaseConnection.php(734): CodeIgniter\Database\MySQLi\Connection->execute('SELECT `a`.*, `g`.`nombre` as `genero`, `u `.`username` as `usuario`, `u`.`password` as `contraseña`
FROM `acudiente` `a`
JOIN `generos` `g` ON `a`.`genero_id`
      = `g`.`id`
JOIN `usuarios` `u` ON `a`.`usuario_id`= `u`.`id`
WHERE `a`.`id` = \'3\'
AND `a`.`estado` = \'1\'')
 2 SYSTEMPATH\Database\BaseConnection.php(648): CodeIgniter\Database\BaseConnection->simpleQuery('SELECT `a`.*, `g`.`nombre` as `genero`, `u `.`username` as `usuario`, `u`.`password` as `contraseña`
FROM `acudiente` `a`
JOIN `generos` `g` ON `a`.`genero_id`
      = `g`.`id`
JOIN `usuarios` `u` ON `a`.`usuario_id`= `u`.`id`
WHERE `a`.`id` = \'3\'
AND `a`.`estado` = \'1\'')
 3 SYSTEMPATH\Database\BaseBuilder.php(1636): CodeIgniter\Database\BaseConnection->query('SELECT `a`.*, `g`.`nombre` as `genero`, `u `.`username` as `usuario`, `u`.`password` as `contraseña`
FROM `acudiente` `a`
JOIN `generos` `g` ON `a`.`genero_id`
      = `g`.`id`
JOIN `usuarios` `u` ON `a`.`usuario_id`= `u`.`id`
WHERE `a`.`id` = :a.id:
AND `a`.`estado` = :a.estado:', [...], false)
 4 APPPATH\Models\Acudientes_model.php(63): CodeIgniter\Database\BaseBuilder->get()
 5 APPPATH\Controllers\registrar\Acudientes.php(132): App\Models\Acudientes_model->getAcudiente('3')
 6 SYSTEMPATH\CodeIgniter.php(933): App\Controllers\Registrar\Acudientes->edit('3')
 7 SYSTEMPATH\CodeIgniter.php(509): CodeIgniter\CodeIgniter->runController(Object(App\Controllers\Registrar\Acudientes))
 8 SYSTEMPATH\CodeIgniter.php(355): CodeIgniter\CodeIgniter->handleRequest(null, Object(Config\Cache), false)
 9 SYSTEMPATH\Boot.php(325): CodeIgniter\CodeIgniter->run()
10 SYSTEMPATH\Boot.php(67): CodeIgniter\Boot::runCodeIgniter(Object(CodeIgniter\CodeIgniter))
11 FCPATH\index.php(56): CodeIgniter\Boot::bootWeb(Object(Config\Paths))
CRITICAL - 2024-07-21 09:33:46 --> [Caused by] mysqli_sql_exception: Unknown column 'u .username' in 'field list'
in SYSTEMPATH\Database\MySQLi\Connection.php on line 312.
 1 SYSTEMPATH\Database\MySQLi\Connection.php(312): mysqli->query('SELECT `a`.*, `g`.`nombre` as `genero`, `u `.`username` as `usuario`, `u`.`password` as `contraseña`
FROM `acudiente` `a`
JOIN `generos` `g` ON `a`.`genero_id`
      = `g`.`id`
JOIN `usuarios` `u` ON `a`.`usuario_id`= `u`.`id`
WHERE `a`.`id` = \'3\'
AND `a`.`estado` = \'1\'', 0)
 2 SYSTEMPATH\Database\BaseConnection.php(734): CodeIgniter\Database\MySQLi\Connection->execute('SELECT `a`.*, `g`.`nombre` as `genero`, `u `.`username` as `usuario`, `u`.`password` as `contraseña`
FROM `acudiente` `a`
JOIN `generos` `g` ON `a`.`genero_id`
      = `g`.`id`
JOIN `usuarios` `u` ON `a`.`usuario_id`= `u`.`id`
WHERE `a`.`id` = \'3\'
AND `a`.`estado` = \'1\'')
 3 SYSTEMPATH\Database\BaseConnection.php(648): CodeIgniter\Database\BaseConnection->simpleQuery('SELECT `a`.*, `g`.`nombre` as `genero`, `u `.`username` as `usuario`, `u`.`password` as `contraseña`
FROM `acudiente` `a`
JOIN `generos` `g` ON `a`.`genero_id`
      = `g`.`id`
JOIN `usuarios` `u` ON `a`.`usuario_id`= `u`.`id`
WHERE `a`.`id` = \'3\'
AND `a`.`estado` = \'1\'')
 4 SYSTEMPATH\Database\BaseBuilder.php(1636): CodeIgniter\Database\BaseConnection->query('SELECT `a`.*, `g`.`nombre` as `genero`, `u `.`username` as `usuario`, `u`.`password` as `contraseña`
FROM `acudiente` `a`
JOIN `generos` `g` ON `a`.`genero_id`
      = `g`.`id`
JOIN `usuarios` `u` ON `a`.`usuario_id`= `u`.`id`
WHERE `a`.`id` = :a.id:
AND `a`.`estado` = :a.estado:', [...], false)
 5 APPPATH\Models\Acudientes_model.php(63): CodeIgniter\Database\BaseBuilder->get()
 6 APPPATH\Controllers\registrar\Acudientes.php(132): App\Models\Acudientes_model->getAcudiente('3')
 7 SYSTEMPATH\CodeIgniter.php(933): App\Controllers\Registrar\Acudientes->edit('3')
 8 SYSTEMPATH\CodeIgniter.php(509): CodeIgniter\CodeIgniter->runController(Object(App\Controllers\Registrar\Acudientes))
 9 SYSTEMPATH\CodeIgniter.php(355): CodeIgniter\CodeIgniter->handleRequest(null, Object(Config\Cache), false)
10 SYSTEMPATH\Boot.php(325): CodeIgniter\CodeIgniter->run()
11 SYSTEMPATH\Boot.php(67): CodeIgniter\Boot::runCodeIgniter(Object(CodeIgniter\CodeIgniter))
12 FCPATH\index.php(56): CodeIgniter\Boot::bootWeb(Object(Config\Paths))
INFO - 2024-07-21 09:33:49 --> Session: Class initialized using 'CodeIgniter\Session\Handlers\FileHandler' driver.
INFO - 2024-07-21 09:37:10 --> Session: Class initialized using 'CodeIgniter\Session\Handlers\FileHandler' driver.
INFO - 2024-07-21 09:37:13 --> Session: Class initialized using 'CodeIgniter\Session\Handlers\FileHandler' driver.
INFO - 2024-07-21 09:37:21 --> Session: Class initialized using 'CodeIgniter\Session\Handlers\FileHandler' driver.
INFO - 2024-07-21 09:37:24 --> Session: Class initialized using 'CodeIgniter\Session\Handlers\FileHandler' driver.
ERROR - 2024-07-21 09:37:30 --> mysqli_sql_exception: Unknown column 'u .username' in 'field list' in C:\xampp\htdocs\plataforma_estudiantil_dos\system\Database\MySQLi\Connection.php:312
Stack trace:
#0 C:\xampp\htdocs\plataforma_estudiantil_dos\system\Database\MySQLi\Connection.php(312): mysqli->query('SELECT `a`.*, `...', 0)
#1 C:\xampp\htdocs\plataforma_estudiantil_dos\system\Database\BaseConnection.php(734): CodeIgniter\Database\MySQLi\Connection->execute('SELECT `a`.*, `...')
#2 C:\xampp\htdocs\plataforma_estudiantil_dos\system\Database\BaseConnection.php(648): CodeIgniter\Database\BaseConnection->simpleQuery('SELECT `a`.*, `...')
#3 C:\xampp\htdocs\plataforma_estudiantil_dos\system\Database\BaseBuilder.php(1636): CodeIgniter\Database\BaseConnection->query('SELECT `a`.*, `...', Array, false)
#4 C:\xampp\htdocs\plataforma_estudiantil_dos\app\Models\Acudientes_model.php(63): CodeIgniter\Database\BaseBuilder->get()
#5 C:\xampp\htdocs\plataforma_estudiantil_dos\app\Controllers\registrar\Acudientes.php(132): App\Models\Acudientes_model->getAcudiente('3')
#6 C:\xampp\htdocs\plataforma_estudiantil_dos\system\CodeIgniter.php(933): App\Controllers\Registrar\Acudientes->edit('3')
#7 C:\xampp\htdocs\plataforma_estudiantil_dos\system\CodeIgniter.php(509): CodeIgniter\CodeIgniter->runController(Object(App\Controllers\Registrar\Acudientes))
#8 C:\xampp\htdocs\plataforma_estudiantil_dos\system\CodeIgniter.php(355): CodeIgniter\CodeIgniter->handleRequest(NULL, Object(Config\Cache), false)
#9 C:\xampp\htdocs\plataforma_estudiantil_dos\system\Boot.php(325): CodeIgniter\CodeIgniter->run()
#10 C:\xampp\htdocs\plataforma_estudiantil_dos\system\Boot.php(67): CodeIgniter\Boot::runCodeIgniter(Object(CodeIgniter\CodeIgniter))
#11 C:\xampp\htdocs\plataforma_estudiantil_dos\index.php(56): CodeIgniter\Boot::bootWeb(Object(Config\Paths))
#12 {main}
CRITICAL - 2024-07-21 09:37:30 --> CodeIgniter\Database\Exceptions\DatabaseException: Unknown column 'u .username' in 'field list'
[Method: GET, Route: registrar/acudientes/edit/3]
in SYSTEMPATH\Database\BaseConnection.php on line 688.
 1 SYSTEMPATH\Database\BaseBuilder.php(1636): CodeIgniter\Database\BaseConnection->query('SELECT `a`.*, `g`.`nombre` as `genero`, `u `.`username` as `usuario`, `u`.`password` as `contraseña`
FROM `acudiente` `a`
JOIN `generos` `g` ON `a`.`genero_id`
      = `g`.`id`
JOIN `usuarios` `u` ON `a`.`usuario_id`= `u`.`id`
WHERE `a`.`id` = :a.id:
AND `a`.`estado` = :a.estado:', [...], false)
 2 APPPATH\Models\Acudientes_model.php(63): CodeIgniter\Database\BaseBuilder->get()
 3 APPPATH\Controllers\registrar\Acudientes.php(132): App\Models\Acudientes_model->getAcudiente('3')
 4 SYSTEMPATH\CodeIgniter.php(933): App\Controllers\Registrar\Acudientes->edit('3')
 5 SYSTEMPATH\CodeIgniter.php(509): CodeIgniter\CodeIgniter->runController(Object(App\Controllers\Registrar\Acudientes))
 6 SYSTEMPATH\CodeIgniter.php(355): CodeIgniter\CodeIgniter->handleRequest(null, Object(Config\Cache), false)
 7 SYSTEMPATH\Boot.php(325): CodeIgniter\CodeIgniter->run()
 8 SYSTEMPATH\Boot.php(67): CodeIgniter\Boot::runCodeIgniter(Object(CodeIgniter\CodeIgniter))
 9 FCPATH\index.php(56): CodeIgniter\Boot::bootWeb(Object(Config\Paths))
CRITICAL - 2024-07-21 09:37:30 --> [Caused by] CodeIgniter\Database\Exceptions\DatabaseException: Unknown column 'u .username' in 'field list'
in SYSTEMPATH\Database\MySQLi\Connection.php on line 317.
 1 SYSTEMPATH\Database\BaseConnection.php(734): CodeIgniter\Database\MySQLi\Connection->execute('SELECT `a`.*, `g`.`nombre` as `genero`, `u `.`username` as `usuario`, `u`.`password` as `contraseña`
FROM `acudiente` `a`
JOIN `generos` `g` ON `a`.`genero_id`
      = `g`.`id`
JOIN `usuarios` `u` ON `a`.`usuario_id`= `u`.`id`
WHERE `a`.`id` = \'3\'
AND `a`.`estado` = \'1\'')
 2 SYSTEMPATH\Database\BaseConnection.php(648): CodeIgniter\Database\BaseConnection->simpleQuery('SELECT `a`.*, `g`.`nombre` as `genero`, `u `.`username` as `usuario`, `u`.`password` as `contraseña`
FROM `acudiente` `a`
JOIN `generos` `g` ON `a`.`genero_id`
      = `g`.`id`
JOIN `usuarios` `u` ON `a`.`usuario_id`= `u`.`id`
WHERE `a`.`id` = \'3\'
AND `a`.`estado` = \'1\'')
 3 SYSTEMPATH\Database\BaseBuilder.php(1636): CodeIgniter\Database\BaseConnection->query('SELECT `a`.*, `g`.`nombre` as `genero`, `u `.`username` as `usuario`, `u`.`password` as `contraseña`
FROM `acudiente` `a`
JOIN `generos` `g` ON `a`.`genero_id`
      = `g`.`id`
JOIN `usuarios` `u` ON `a`.`usuario_id`= `u`.`id`
WHERE `a`.`id` = :a.id:
AND `a`.`estado` = :a.estado:', [...], false)
 4 APPPATH\Models\Acudientes_model.php(63): CodeIgniter\Database\BaseBuilder->get()
 5 APPPATH\Controllers\registrar\Acudientes.php(132): App\Models\Acudientes_model->getAcudiente('3')
 6 SYSTEMPATH\CodeIgniter.php(933): App\Controllers\Registrar\Acudientes->edit('3')
 7 SYSTEMPATH\CodeIgniter.php(509): CodeIgniter\CodeIgniter->runController(Object(App\Controllers\Registrar\Acudientes))
 8 SYSTEMPATH\CodeIgniter.php(355): CodeIgniter\CodeIgniter->handleRequest(null, Object(Config\Cache), false)
 9 SYSTEMPATH\Boot.php(325): CodeIgniter\CodeIgniter->run()
10 SYSTEMPATH\Boot.php(67): CodeIgniter\Boot::runCodeIgniter(Object(CodeIgniter\CodeIgniter))
11 FCPATH\index.php(56): CodeIgniter\Boot::bootWeb(Object(Config\Paths))
CRITICAL - 2024-07-21 09:37:30 --> [Caused by] mysqli_sql_exception: Unknown column 'u .username' in 'field list'
in SYSTEMPATH\Database\MySQLi\Connection.php on line 312.
 1 SYSTEMPATH\Database\MySQLi\Connection.php(312): mysqli->query('SELECT `a`.*, `g`.`nombre` as `genero`, `u `.`username` as `usuario`, `u`.`password` as `contraseña`
FROM `acudiente` `a`
JOIN `generos` `g` ON `a`.`genero_id`
      = `g`.`id`
JOIN `usuarios` `u` ON `a`.`usuario_id`= `u`.`id`
WHERE `a`.`id` = \'3\'
AND `a`.`estado` = \'1\'', 0)
 2 SYSTEMPATH\Database\BaseConnection.php(734): CodeIgniter\Database\MySQLi\Connection->execute('SELECT `a`.*, `g`.`nombre` as `genero`, `u `.`username` as `usuario`, `u`.`password` as `contraseña`
FROM `acudiente` `a`
JOIN `generos` `g` ON `a`.`genero_id`
      = `g`.`id`
JOIN `usuarios` `u` ON `a`.`usuario_id`= `u`.`id`
WHERE `a`.`id` = \'3\'
AND `a`.`estado` = \'1\'')
 3 SYSTEMPATH\Database\BaseConnection.php(648): CodeIgniter\Database\BaseConnection->simpleQuery('SELECT `a`.*, `g`.`nombre` as `genero`, `u `.`username` as `usuario`, `u`.`password` as `contraseña`
FROM `acudiente` `a`
JOIN `generos` `g` ON `a`.`genero_id`
      = `g`.`id`
JOIN `usuarios` `u` ON `a`.`usuario_id`= `u`.`id`
WHERE `a`.`id` = \'3\'
AND `a`.`estado` = \'1\'')
 4 SYSTEMPATH\Database\BaseBuilder.php(1636): CodeIgniter\Database\BaseConnection->query('SELECT `a`.*, `g`.`nombre` as `genero`, `u `.`username` as `usuario`, `u`.`password` as `contraseña`
FROM `acudiente` `a`
JOIN `generos` `g` ON `a`.`genero_id`
      = `g`.`id`
JOIN `usuarios` `u` ON `a`.`usuario_id`= `u`.`id`
WHERE `a`.`id` = :a.id:
AND `a`.`estado` = :a.estado:', [...], false)
 5 APPPATH\Models\Acudientes_model.php(63): CodeIgniter\Database\BaseBuilder->get()
 6 APPPATH\Controllers\registrar\Acudientes.php(132): App\Models\Acudientes_model->getAcudiente('3')
 7 SYSTEMPATH\CodeIgniter.php(933): App\Controllers\Registrar\Acudientes->edit('3')
 8 SYSTEMPATH\CodeIgniter.php(509): CodeIgniter\CodeIgniter->runController(Object(App\Controllers\Registrar\Acudientes))
 9 SYSTEMPATH\CodeIgniter.php(355): CodeIgniter\CodeIgniter->handleRequest(null, Object(Config\Cache), false)
10 SYSTEMPATH\Boot.php(325): CodeIgniter\CodeIgniter->run()
11 SYSTEMPATH\Boot.php(67): CodeIgniter\Boot::runCodeIgniter(Object(CodeIgniter\CodeIgniter))
12 FCPATH\index.php(56): CodeIgniter\Boot::bootWeb(Object(Config\Paths))
INFO - 2024-07-21 09:44:01 --> Session: Class initialized using 'CodeIgniter\Session\Handlers\FileHandler' driver.
INFO - 2024-07-21 09:46:50 --> Session: Class initialized using 'CodeIgniter\Session\Handlers\FileHandler' driver.
INFO - 2024-07-21 09:47:14 --> Session: Class initialized using 'CodeIgniter\Session\Handlers\FileHandler' driver.
